2024-07-01 16:19:23,902 - INFO - Connected to: Stanford_Research_Systems,SR830,s/n46458,ver1.07 

2024-07-01 16:19:24,971 - INFO - Connected to: DLCsmartTHz
2024-07-01 16:19:24,972 - INFO - Current User Level: 2
2024-07-01 16:19:26,048 - INFO - Lasers on: True
2024-07-01 16:19:32,133 - INFO - Current DLC Smart Bias Amplitude (V): 0.800018310546875
2024-07-01 16:19:32,142 - INFO - Current DLC Smart Bias Offset (V): -0.30002441704309607
2024-07-01 16:19:32,150 - INFO - Current DLC Smart Bias Frequency (Hz): 1000
2024-07-01 16:19:38,216 - INFO - Current DLC Smart Frequency (GHz): 219.9958723168238
2024-07-01 16:19:38,838 - INFO - Current Lock-in Sensitivity setting: 18

2024-07-01 16:19:38,845 - INFO - Current Time Constant: 8

2024-07-01 16:19:38,860 - INFO - Current Low Pass Filter: 0

2024-07-01 16:19:38,869 - INFO - Current Lock-in Bias Frequency (Hz): 1000

2024-07-01 16:19:38,875 - INFO - Waiting the 10 second warm-up time
2024-07-01 16:19:48,907 - INFO - Frequency Scan Range (GHz):70-600
2024-07-01 16:19:48,907 - INFO - Frequency Increment (GHz): 1
2024-07-01 16:19:48,908 - INFO - Frequency Tolerance (GHz): 0.1
2024-07-01 16:19:48,908 - INFO - BEGINNING DATA ACQUISITION
2024-07-01 16:19:49,998 - INFO - Appended data for frequency 70 GHz
2024-07-01 16:19:51,382 - INFO - Appended data for frequency 71 GHz
2024-07-01 16:19:52,723 - INFO - Appended data for frequency 72 GHz
2024-07-01 16:19:54,050 - INFO - Appended data for frequency 73 GHz
2024-07-01 16:19:55,363 - INFO - Appended data for frequency 74 GHz
2024-07-01 16:19:56,681 - INFO - Appended data for frequency 75 GHz
2024-07-01 16:19:57,975 - INFO - Appended data for frequency 76 GHz
2024-07-01 16:19:59,286 - INFO - Appended data for frequency 77 GHz
2024-07-01 16:20:00,571 - INFO - Appended data for frequency 78 GHz
2024-07-01 16:20:01,895 - INFO - Appended data for frequency 79 GHz
2024-07-01 16:20:03,203 - INFO - Appended data for frequency 80 GHz
2024-07-01 16:20:04,526 - INFO - Appended data for frequency 81 GHz
2024-07-01 16:20:05,842 - INFO - Appended data for frequency 82 GHz
2024-07-01 16:20:07,133 - INFO - Appended data for frequency 83 GHz
2024-07-01 16:20:08,442 - INFO - Appended data for frequency 84 GHz
2024-07-01 16:20:09,727 - INFO - Appended data for frequency 85 GHz
2024-07-01 16:20:11,021 - INFO - Appended data for frequency 86 GHz
2024-07-01 16:20:12,318 - INFO - Appended data for frequency 87 GHz
2024-07-01 16:20:13,620 - INFO - Appended data for frequency 88 GHz
2024-07-01 16:20:14,930 - INFO - Appended data for frequency 89 GHz
2024-07-01 16:20:16,227 - INFO - Appended data for frequency 90 GHz
2024-07-01 16:20:17,536 - INFO - Appended data for frequency 91 GHz
2024-07-01 16:20:18,826 - INFO - Appended data for frequency 92 GHz
2024-07-01 16:20:20,122 - INFO - Appended data for frequency 93 GHz
2024-07-01 16:20:21,425 - INFO - Appended data for frequency 94 GHz
2024-07-01 16:20:22,713 - INFO - Appended data for frequency 95 GHz
2024-07-01 16:20:24,012 - INFO - Appended data for frequency 96 GHz
2024-07-01 16:20:25,312 - INFO - Appended data for frequency 97 GHz
2024-07-01 16:20:26,610 - INFO - Appended data for frequency 98 GHz
2024-07-01 16:20:27,919 - INFO - Appended data for frequency 99 GHz
2024-07-01 16:20:29,217 - INFO - Appended data for frequency 100 GHz
2024-07-01 16:20:30,522 - INFO - Appended data for frequency 101 GHz
2024-07-01 16:20:31,821 - INFO - Appended data for frequency 102 GHz
2024-07-01 16:20:33,113 - INFO - Appended data for frequency 103 GHz
2024-07-01 16:20:34,398 - INFO - Appended data for frequency 104 GHz
2024-07-01 16:20:35,704 - INFO - Appended data for frequency 105 GHz
2024-07-01 16:20:37,012 - INFO - Appended data for frequency 106 GHz
2024-07-01 16:20:38,310 - INFO - Appended data for frequency 107 GHz
2024-07-01 16:20:39,615 - INFO - Appended data for frequency 108 GHz
2024-07-01 16:20:40,927 - INFO - Appended data for frequency 109 GHz
2024-07-01 16:20:42,225 - INFO - Appended data for frequency 110 GHz
2024-07-01 16:20:43,531 - INFO - Appended data for frequency 111 GHz
2024-07-01 16:20:44,831 - INFO - Appended data for frequency 112 GHz
2024-07-01 16:20:46,145 - INFO - Appended data for frequency 113 GHz
2024-07-01 16:20:47,449 - INFO - Appended data for frequency 114 GHz
2024-07-01 16:20:48,767 - INFO - Appended data for frequency 115 GHz
2024-07-01 16:20:50,066 - INFO - Appended data for frequency 116 GHz
2024-07-01 16:20:51,360 - INFO - Appended data for frequency 117 GHz
2024-07-01 16:20:52,667 - INFO - Appended data for frequency 118 GHz
2024-07-01 16:20:53,956 - INFO - Appended data for frequency 119 GHz
2024-07-01 16:20:55,256 - INFO - Appended data for frequency 120 GHz
2024-07-01 16:20:56,543 - INFO - Appended data for frequency 121 GHz
2024-07-01 16:20:57,836 - INFO - Appended data for frequency 122 GHz
2024-07-01 16:20:59,132 - INFO - Appended data for frequency 123 GHz
2024-07-01 16:21:00,435 - INFO - Appended data for frequency 124 GHz
2024-07-01 16:21:01,731 - INFO - Appended data for frequency 125 GHz
2024-07-01 16:21:03,046 - INFO - Appended data for frequency 126 GHz
2024-07-01 16:21:04,333 - INFO - Appended data for frequency 127 GHz
2024-07-01 16:21:05,659 - INFO - Appended data for frequency 128 GHz
2024-07-01 16:21:06,959 - INFO - Appended data for frequency 129 GHz
2024-07-01 16:21:08,263 - INFO - Appended data for frequency 130 GHz
2024-07-01 16:21:09,569 - INFO - Appended data for frequency 131 GHz
2024-07-01 16:21:10,865 - INFO - Appended data for frequency 132 GHz
2024-07-01 16:21:12,165 - INFO - Appended data for frequency 133 GHz
2024-07-01 16:21:13,482 - INFO - Appended data for frequency 134 GHz
2024-07-01 16:21:14,790 - INFO - Appended data for frequency 135 GHz
2024-07-01 16:21:16,112 - INFO - Appended data for frequency 136 GHz
2024-07-01 16:21:17,413 - INFO - Appended data for frequency 137 GHz
2024-07-01 16:21:18,721 - INFO - Appended data for frequency 138 GHz
2024-07-01 16:21:20,032 - INFO - Appended data for frequency 139 GHz
2024-07-01 16:21:21,348 - INFO - Appended data for frequency 140 GHz
2024-07-01 16:21:22,647 - INFO - Appended data for frequency 141 GHz
2024-07-01 16:21:23,950 - INFO - Appended data for frequency 142 GHz
2024-07-01 16:21:25,262 - INFO - Appended data for frequency 143 GHz
2024-07-01 16:21:26,565 - INFO - Appended data for frequency 144 GHz
2024-07-01 16:21:27,870 - INFO - Appended data for frequency 145 GHz
2024-07-01 16:21:29,174 - INFO - Appended data for frequency 146 GHz
2024-07-01 16:21:30,471 - INFO - Appended data for frequency 147 GHz
2024-07-01 16:21:31,769 - INFO - Appended data for frequency 148 GHz
2024-07-01 16:21:33,079 - INFO - Appended data for frequency 149 GHz
2024-07-01 16:21:34,406 - INFO - Appended data for frequency 150 GHz
2024-07-01 16:21:35,710 - INFO - Appended data for frequency 151 GHz
2024-07-01 16:21:36,998 - INFO - Appended data for frequency 152 GHz
2024-07-01 16:21:38,288 - INFO - Appended data for frequency 153 GHz
2024-07-01 16:21:39,607 - INFO - Appended data for frequency 154 GHz
2024-07-01 16:21:40,910 - INFO - Appended data for frequency 155 GHz
2024-07-01 16:21:42,215 - INFO - Appended data for frequency 156 GHz
2024-07-01 16:21:43,528 - INFO - Appended data for frequency 157 GHz
2024-07-01 16:21:44,821 - INFO - Appended data for frequency 158 GHz
2024-07-01 16:21:46,125 - INFO - Appended data for frequency 159 GHz
2024-07-01 16:21:47,446 - INFO - Appended data for frequency 160 GHz
2024-07-01 16:21:48,745 - INFO - Appended data for frequency 161 GHz
2024-07-01 16:21:50,051 - INFO - Appended data for frequency 162 GHz
2024-07-01 16:21:51,353 - INFO - Appended data for frequency 163 GHz
2024-07-01 16:21:52,671 - INFO - Appended data for frequency 164 GHz
2024-07-01 16:21:53,965 - INFO - Appended data for frequency 165 GHz
2024-07-01 16:21:55,251 - INFO - Appended data for frequency 166 GHz
2024-07-01 16:21:56,560 - INFO - Appended data for frequency 167 GHz
2024-07-01 16:21:57,888 - INFO - Appended data for frequency 168 GHz
2024-07-01 16:21:59,191 - INFO - Appended data for frequency 169 GHz
2024-07-01 16:22:00,502 - INFO - Appended data for frequency 170 GHz
2024-07-01 16:22:01,805 - INFO - Appended data for frequency 171 GHz
2024-07-01 16:22:03,107 - INFO - Appended data for frequency 172 GHz
2024-07-01 16:22:04,402 - INFO - Appended data for frequency 173 GHz
2024-07-01 16:22:05,708 - INFO - Appended data for frequency 174 GHz
2024-07-01 16:22:07,006 - INFO - Appended data for frequency 175 GHz
2024-07-01 16:22:08,308 - INFO - Appended data for frequency 176 GHz
2024-07-01 16:22:09,596 - INFO - Appended data for frequency 177 GHz
2024-07-01 16:22:10,900 - INFO - Appended data for frequency 178 GHz
2024-07-01 16:22:12,212 - INFO - Appended data for frequency 179 GHz
2024-07-01 16:22:13,520 - INFO - Appended data for frequency 180 GHz
2024-07-01 16:22:14,817 - INFO - Appended data for frequency 181 GHz
2024-07-01 16:22:16,111 - INFO - Appended data for frequency 182 GHz
2024-07-01 16:22:17,401 - INFO - Appended data for frequency 183 GHz
2024-07-01 16:22:18,702 - INFO - Appended data for frequency 184 GHz
2024-07-01 16:22:20,013 - INFO - Appended data for frequency 185 GHz
2024-07-01 16:22:21,306 - INFO - Appended data for frequency 186 GHz
2024-07-01 16:22:22,633 - INFO - Appended data for frequency 187 GHz
2024-07-01 16:22:23,922 - INFO - Appended data for frequency 188 GHz
2024-07-01 16:22:25,239 - INFO - Appended data for frequency 189 GHz
2024-07-01 16:22:26,540 - INFO - Appended data for frequency 190 GHz
2024-07-01 16:22:27,861 - INFO - Appended data for frequency 191 GHz
2024-07-01 16:22:29,165 - INFO - Appended data for frequency 192 GHz
2024-07-01 16:22:30,463 - INFO - Appended data for frequency 193 GHz
2024-07-01 16:22:31,757 - INFO - Appended data for frequency 194 GHz
2024-07-01 16:22:33,048 - INFO - Appended data for frequency 195 GHz
2024-07-01 16:22:34,356 - INFO - Appended data for frequency 196 GHz
2024-07-01 16:22:35,667 - INFO - Appended data for frequency 197 GHz
2024-07-01 16:22:36,969 - INFO - Appended data for frequency 198 GHz
2024-07-01 16:22:38,261 - INFO - Appended data for frequency 199 GHz
2024-07-01 16:22:39,560 - INFO - Appended data for frequency 200 GHz
2024-07-01 16:22:40,858 - INFO - Appended data for frequency 201 GHz
2024-07-01 16:22:42,152 - INFO - Appended data for frequency 202 GHz
2024-07-01 16:22:43,450 - INFO - Appended data for frequency 203 GHz
2024-07-01 16:22:44,753 - INFO - Appended data for frequency 204 GHz
2024-07-01 16:22:46,069 - INFO - Appended data for frequency 205 GHz
2024-07-01 16:22:47,362 - INFO - Appended data for frequency 206 GHz
2024-07-01 16:22:48,656 - INFO - Appended data for frequency 207 GHz
2024-07-01 16:22:49,972 - INFO - Appended data for frequency 208 GHz
2024-07-01 16:22:51,266 - INFO - Appended data for frequency 209 GHz
2024-07-01 16:22:52,569 - INFO - Appended data for frequency 210 GHz
2024-07-01 16:22:53,859 - INFO - Appended data for frequency 211 GHz
2024-07-01 16:22:55,161 - INFO - Appended data for frequency 212 GHz
2024-07-01 16:22:56,458 - INFO - Appended data for frequency 213 GHz
2024-07-01 16:22:57,753 - INFO - Appended data for frequency 214 GHz
2024-07-01 16:22:59,072 - INFO - Appended data for frequency 215 GHz
2024-07-01 16:23:00,374 - INFO - Appended data for frequency 216 GHz
2024-07-01 16:23:01,678 - INFO - Appended data for frequency 217 GHz
2024-07-01 16:23:02,984 - INFO - Appended data for frequency 218 GHz
2024-07-01 16:23:04,290 - INFO - Appended data for frequency 219 GHz
2024-07-01 16:23:05,599 - INFO - Appended data for frequency 220 GHz
2024-07-01 16:23:06,899 - INFO - Appended data for frequency 221 GHz
2024-07-01 16:23:08,203 - INFO - Appended data for frequency 222 GHz
2024-07-01 16:23:09,509 - INFO - Appended data for frequency 223 GHz
2024-07-01 16:23:10,792 - INFO - Appended data for frequency 224 GHz
2024-07-01 16:23:12,096 - INFO - Appended data for frequency 225 GHz
2024-07-01 16:23:13,387 - INFO - Appended data for frequency 226 GHz
2024-07-01 16:23:14,703 - INFO - Appended data for frequency 227 GHz
2024-07-01 16:23:16,010 - INFO - Appended data for frequency 228 GHz
2024-07-01 16:23:17,312 - INFO - Appended data for frequency 229 GHz
2024-07-01 16:23:18,619 - INFO - Appended data for frequency 230 GHz
2024-07-01 16:23:19,931 - INFO - Appended data for frequency 231 GHz
2024-07-01 16:23:21,229 - INFO - Appended data for frequency 232 GHz
2024-07-01 16:23:22,543 - INFO - Appended data for frequency 233 GHz
2024-07-01 16:23:23,855 - INFO - Appended data for frequency 234 GHz
2024-07-01 16:23:25,167 - INFO - Appended data for frequency 235 GHz
2024-07-01 16:23:26,451 - INFO - Appended data for frequency 236 GHz
2024-07-01 16:23:27,767 - INFO - Appended data for frequency 237 GHz
2024-07-01 16:23:29,080 - INFO - Appended data for frequency 238 GHz
2024-07-01 16:23:30,386 - INFO - Appended data for frequency 239 GHz
2024-07-01 16:23:31,669 - INFO - Appended data for frequency 240 GHz
2024-07-01 16:23:32,966 - INFO - Appended data for frequency 241 GHz
2024-07-01 16:23:34,259 - INFO - Appended data for frequency 242 GHz
2024-07-01 16:23:35,565 - INFO - Appended data for frequency 243 GHz
2024-07-01 16:23:36,872 - INFO - Appended data for frequency 244 GHz
2024-07-01 16:23:38,175 - INFO - Appended data for frequency 245 GHz
2024-07-01 16:23:39,486 - INFO - Appended data for frequency 246 GHz
2024-07-01 16:23:40,799 - INFO - Appended data for frequency 247 GHz
2024-07-01 16:23:42,102 - INFO - Appended data for frequency 248 GHz
2024-07-01 16:23:43,398 - INFO - Appended data for frequency 249 GHz
2024-07-01 16:23:44,709 - INFO - Appended data for frequency 250 GHz
2024-07-01 16:23:46,025 - INFO - Appended data for frequency 251 GHz
2024-07-01 16:23:47,327 - INFO - Appended data for frequency 252 GHz
2024-07-01 16:23:48,622 - INFO - Appended data for frequency 253 GHz
2024-07-01 16:23:49,923 - INFO - Appended data for frequency 254 GHz
2024-07-01 16:23:51,216 - INFO - Appended data for frequency 255 GHz
2024-07-01 16:23:52,515 - INFO - Appended data for frequency 256 GHz
2024-07-01 16:23:53,799 - INFO - Appended data for frequency 257 GHz
2024-07-01 16:23:55,107 - INFO - Appended data for frequency 258 GHz
2024-07-01 16:23:56,401 - INFO - Appended data for frequency 259 GHz
2024-07-01 16:23:57,701 - INFO - Appended data for frequency 260 GHz
2024-07-01 16:23:58,993 - INFO - Appended data for frequency 261 GHz
2024-07-01 16:24:00,280 - INFO - Appended data for frequency 262 GHz
2024-07-01 16:24:01,600 - INFO - Appended data for frequency 263 GHz
2024-07-01 16:24:02,900 - INFO - Appended data for frequency 264 GHz
2024-07-01 16:24:04,212 - INFO - Appended data for frequency 265 GHz
2024-07-01 16:24:05,526 - INFO - Appended data for frequency 266 GHz
2024-07-01 16:24:06,824 - INFO - Appended data for frequency 267 GHz
2024-07-01 16:24:08,124 - INFO - Appended data for frequency 268 GHz
2024-07-01 16:24:09,429 - INFO - Appended data for frequency 269 GHz
2024-07-01 16:24:10,739 - INFO - Appended data for frequency 270 GHz
2024-07-01 16:24:12,034 - INFO - Appended data for frequency 271 GHz
2024-07-01 16:24:13,334 - INFO - Appended data for frequency 272 GHz
2024-07-01 16:24:14,641 - INFO - Appended data for frequency 273 GHz
2024-07-01 16:24:15,934 - INFO - Appended data for frequency 274 GHz
2024-07-01 16:24:17,234 - INFO - Appended data for frequency 275 GHz
2024-07-01 16:24:18,541 - INFO - Appended data for frequency 276 GHz
2024-07-01 16:24:19,852 - INFO - Appended data for frequency 277 GHz
2024-07-01 16:24:21,152 - INFO - Appended data for frequency 278 GHz
2024-07-01 16:24:22,461 - INFO - Appended data for frequency 279 GHz
2024-07-01 16:24:23,759 - INFO - Appended data for frequency 280 GHz
2024-07-01 16:24:25,075 - INFO - Appended data for frequency 281 GHz
2024-07-01 16:24:26,394 - INFO - Appended data for frequency 282 GHz
2024-07-01 16:24:27,687 - INFO - Appended data for frequency 283 GHz
2024-07-01 16:24:28,990 - INFO - Appended data for frequency 284 GHz
2024-07-01 16:24:30,306 - INFO - Appended data for frequency 285 GHz
2024-07-01 16:24:31,612 - INFO - Appended data for frequency 286 GHz
2024-07-01 16:24:32,919 - INFO - Appended data for frequency 287 GHz
2024-07-01 16:24:34,230 - INFO - Appended data for frequency 288 GHz
2024-07-01 16:24:35,531 - INFO - Appended data for frequency 289 GHz
2024-07-01 16:24:36,821 - INFO - Appended data for frequency 290 GHz
2024-07-01 16:24:38,142 - INFO - Appended data for frequency 291 GHz
2024-07-01 16:24:39,440 - INFO - Appended data for frequency 292 GHz
2024-07-01 16:24:40,750 - INFO - Appended data for frequency 293 GHz
2024-07-01 16:24:42,056 - INFO - Appended data for frequency 294 GHz
2024-07-01 16:24:43,362 - INFO - Appended data for frequency 295 GHz
2024-07-01 16:24:44,675 - INFO - Appended data for frequency 296 GHz
2024-07-01 16:24:45,988 - INFO - Appended data for frequency 297 GHz
2024-07-01 16:24:47,284 - INFO - Appended data for frequency 298 GHz
2024-07-01 16:24:48,600 - INFO - Appended data for frequency 299 GHz
2024-07-01 16:24:49,902 - INFO - Appended data for frequency 300 GHz
2024-07-01 16:24:51,213 - INFO - Appended data for frequency 301 GHz
2024-07-01 16:24:52,515 - INFO - Appended data for frequency 302 GHz
2024-07-01 16:24:53,817 - INFO - Appended data for frequency 303 GHz
2024-07-01 16:24:55,124 - INFO - Appended data for frequency 304 GHz
2024-07-01 16:24:56,429 - INFO - Appended data for frequency 305 GHz
2024-07-01 16:24:57,725 - INFO - Appended data for frequency 306 GHz
2024-07-01 16:24:59,031 - INFO - Appended data for frequency 307 GHz
2024-07-01 16:25:00,330 - INFO - Appended data for frequency 308 GHz
2024-07-01 16:25:01,647 - INFO - Appended data for frequency 309 GHz
2024-07-01 16:25:02,934 - INFO - Appended data for frequency 310 GHz
2024-07-01 16:25:04,247 - INFO - Appended data for frequency 311 GHz
2024-07-01 16:25:05,540 - INFO - Appended data for frequency 312 GHz
2024-07-01 16:25:06,862 - INFO - Appended data for frequency 313 GHz
2024-07-01 16:25:08,151 - INFO - Appended data for frequency 314 GHz
2024-07-01 16:25:09,478 - INFO - Appended data for frequency 315 GHz
2024-07-01 16:25:10,778 - INFO - Appended data for frequency 316 GHz
2024-07-01 16:25:12,079 - INFO - Appended data for frequency 317 GHz
2024-07-01 16:25:13,372 - INFO - Appended data for frequency 318 GHz
2024-07-01 16:25:14,676 - INFO - Appended data for frequency 319 GHz
2024-07-01 16:25:15,989 - INFO - Appended data for frequency 320 GHz
2024-07-01 16:25:17,284 - INFO - Appended data for frequency 321 GHz
2024-07-01 16:25:18,591 - INFO - Appended data for frequency 322 GHz
2024-07-01 16:25:19,882 - INFO - Appended data for frequency 323 GHz
2024-07-01 16:25:21,188 - INFO - Appended data for frequency 324 GHz
2024-07-01 16:25:22,501 - INFO - Appended data for frequency 325 GHz
2024-07-01 16:25:23,800 - INFO - Appended data for frequency 326 GHz
2024-07-01 16:25:25,099 - INFO - Appended data for frequency 327 GHz
2024-07-01 16:25:26,407 - INFO - Appended data for frequency 328 GHz
2024-07-01 16:25:27,709 - INFO - Appended data for frequency 329 GHz
2024-07-01 16:25:28,999 - INFO - Appended data for frequency 330 GHz
2024-07-01 16:25:30,285 - INFO - Appended data for frequency 331 GHz
2024-07-01 16:25:31,585 - INFO - Appended data for frequency 332 GHz
2024-07-01 16:25:32,885 - INFO - Appended data for frequency 333 GHz
2024-07-01 16:25:34,181 - INFO - Appended data for frequency 334 GHz
2024-07-01 16:25:35,480 - INFO - Appended data for frequency 335 GHz
2024-07-01 16:25:36,793 - INFO - Appended data for frequency 336 GHz
2024-07-01 16:25:38,110 - INFO - Appended data for frequency 337 GHz
2024-07-01 16:25:39,431 - INFO - Appended data for frequency 338 GHz
2024-07-01 16:25:40,731 - INFO - Appended data for frequency 339 GHz
2024-07-01 16:25:42,038 - INFO - Appended data for frequency 340 GHz
2024-07-01 16:25:43,329 - INFO - Appended data for frequency 341 GHz
2024-07-01 16:25:44,623 - INFO - Appended data for frequency 342 GHz
2024-07-01 16:25:45,927 - INFO - Appended data for frequency 343 GHz
2024-07-01 16:25:47,231 - INFO - Appended data for frequency 344 GHz
2024-07-01 16:25:48,526 - INFO - Appended data for frequency 345 GHz
2024-07-01 16:25:49,823 - INFO - Appended data for frequency 346 GHz
2024-07-01 16:25:51,109 - INFO - Appended data for frequency 347 GHz
2024-07-01 16:25:52,418 - INFO - Appended data for frequency 348 GHz
2024-07-01 16:25:53,720 - INFO - Appended data for frequency 349 GHz
2024-07-01 16:25:55,021 - INFO - Appended data for frequency 350 GHz
2024-07-01 16:25:56,338 - INFO - Appended data for frequency 351 GHz
2024-07-01 16:25:57,645 - INFO - Appended data for frequency 352 GHz
2024-07-01 16:25:58,948 - INFO - Appended data for frequency 353 GHz
2024-07-01 16:26:00,244 - INFO - Appended data for frequency 354 GHz
2024-07-01 16:26:01,562 - INFO - Appended data for frequency 355 GHz
2024-07-01 16:26:02,859 - INFO - Appended data for frequency 356 GHz
2024-07-01 16:26:04,172 - INFO - Appended data for frequency 357 GHz
2024-07-01 16:26:05,471 - INFO - Appended data for frequency 358 GHz
2024-07-01 16:26:06,781 - INFO - Appended data for frequency 359 GHz
2024-07-01 16:26:08,072 - INFO - Appended data for frequency 360 GHz
2024-07-01 16:26:09,382 - INFO - Appended data for frequency 361 GHz
2024-07-01 16:26:10,688 - INFO - Appended data for frequency 362 GHz
2024-07-01 16:26:12,002 - INFO - Appended data for frequency 363 GHz
2024-07-01 16:26:13,314 - INFO - Appended data for frequency 364 GHz
2024-07-01 16:26:14,612 - INFO - Appended data for frequency 365 GHz
2024-07-01 16:26:15,919 - INFO - Appended data for frequency 366 GHz
2024-07-01 16:26:17,228 - INFO - Appended data for frequency 367 GHz
2024-07-01 16:26:18,541 - INFO - Appended data for frequency 368 GHz
2024-07-01 16:26:19,844 - INFO - Appended data for frequency 369 GHz
2024-07-01 16:26:21,149 - INFO - Appended data for frequency 370 GHz
2024-07-01 16:26:22,464 - INFO - Appended data for frequency 371 GHz
2024-07-01 16:26:23,768 - INFO - Appended data for frequency 372 GHz
2024-07-01 16:26:25,078 - INFO - Appended data for frequency 373 GHz
2024-07-01 16:26:26,377 - INFO - Appended data for frequency 374 GHz
2024-07-01 16:26:27,693 - INFO - Appended data for frequency 375 GHz
2024-07-01 16:26:28,985 - INFO - Appended data for frequency 376 GHz
2024-07-01 16:26:30,290 - INFO - Appended data for frequency 377 GHz
2024-07-01 16:26:31,612 - INFO - Appended data for frequency 378 GHz
2024-07-01 16:26:32,930 - INFO - Appended data for frequency 379 GHz
2024-07-01 16:26:34,231 - INFO - Appended data for frequency 380 GHz
2024-07-01 16:26:35,544 - INFO - Appended data for frequency 381 GHz
2024-07-01 16:26:36,853 - INFO - Appended data for frequency 382 GHz
2024-07-01 16:26:38,153 - INFO - Appended data for frequency 383 GHz
2024-07-01 16:26:39,453 - INFO - Appended data for frequency 384 GHz
2024-07-01 16:26:40,762 - INFO - Appended data for frequency 385 GHz
2024-07-01 16:26:42,052 - INFO - Appended data for frequency 386 GHz
2024-07-01 16:26:43,378 - INFO - Appended data for frequency 387 GHz
2024-07-01 16:26:44,678 - INFO - Appended data for frequency 388 GHz
2024-07-01 16:26:45,980 - INFO - Appended data for frequency 389 GHz
2024-07-01 16:26:47,278 - INFO - Appended data for frequency 390 GHz
2024-07-01 16:26:48,598 - INFO - Appended data for frequency 391 GHz
2024-07-01 16:26:49,910 - INFO - Appended data for frequency 392 GHz
2024-07-01 16:26:51,210 - INFO - Appended data for frequency 393 GHz
2024-07-01 16:26:52,517 - INFO - Appended data for frequency 394 GHz
2024-07-01 16:26:53,823 - INFO - Appended data for frequency 395 GHz
2024-07-01 16:26:55,127 - INFO - Appended data for frequency 396 GHz
2024-07-01 16:26:56,430 - INFO - Appended data for frequency 397 GHz
2024-07-01 16:26:57,724 - INFO - Appended data for frequency 398 GHz
2024-07-01 16:26:59,028 - INFO - Appended data for frequency 399 GHz
2024-07-01 16:27:00,332 - INFO - Appended data for frequency 400 GHz
2024-07-01 16:27:01,634 - INFO - Appended data for frequency 401 GHz
2024-07-01 16:27:02,934 - INFO - Appended data for frequency 402 GHz
2024-07-01 16:27:04,265 - INFO - Appended data for frequency 403 GHz
2024-07-01 16:27:05,568 - INFO - Appended data for frequency 404 GHz
2024-07-01 16:27:06,885 - INFO - Appended data for frequency 405 GHz
2024-07-01 16:27:08,185 - INFO - Appended data for frequency 406 GHz
2024-07-01 16:27:09,490 - INFO - Appended data for frequency 407 GHz
2024-07-01 16:27:10,793 - INFO - Appended data for frequency 408 GHz
2024-07-01 16:27:12,095 - INFO - Appended data for frequency 409 GHz
2024-07-01 16:27:13,399 - INFO - Appended data for frequency 410 GHz
2024-07-01 16:27:14,696 - INFO - Appended data for frequency 411 GHz
2024-07-01 16:27:15,997 - INFO - Appended data for frequency 412 GHz
2024-07-01 16:27:17,305 - INFO - Appended data for frequency 413 GHz
2024-07-01 16:27:18,616 - INFO - Appended data for frequency 414 GHz
2024-07-01 16:27:19,925 - INFO - Appended data for frequency 415 GHz
2024-07-01 16:27:21,230 - INFO - Appended data for frequency 416 GHz
2024-07-01 16:27:22,544 - INFO - Appended data for frequency 417 GHz
2024-07-01 16:27:23,845 - INFO - Appended data for frequency 418 GHz
2024-07-01 16:27:25,158 - INFO - Appended data for frequency 419 GHz
2024-07-01 16:27:26,472 - INFO - Appended data for frequency 420 GHz
2024-07-01 16:27:27,784 - INFO - Appended data for frequency 421 GHz
2024-07-01 16:27:29,090 - INFO - Appended data for frequency 422 GHz
2024-07-01 16:27:30,404 - INFO - Appended data for frequency 423 GHz
2024-07-01 16:27:31,699 - INFO - Appended data for frequency 424 GHz
2024-07-01 16:27:32,998 - INFO - Appended data for frequency 425 GHz
2024-07-01 16:27:34,299 - INFO - Appended data for frequency 426 GHz
2024-07-01 16:27:35,624 - INFO - Appended data for frequency 427 GHz
2024-07-01 16:27:36,927 - INFO - Appended data for frequency 428 GHz
2024-07-01 16:27:38,232 - INFO - Appended data for frequency 429 GHz
2024-07-01 16:27:39,542 - INFO - Appended data for frequency 430 GHz
2024-07-01 16:27:40,855 - INFO - Appended data for frequency 431 GHz
2024-07-01 16:27:42,157 - INFO - Appended data for frequency 432 GHz
2024-07-01 16:27:43,463 - INFO - Appended data for frequency 433 GHz
2024-07-01 16:27:44,753 - INFO - Appended data for frequency 434 GHz
2024-07-01 16:27:46,071 - INFO - Appended data for frequency 435 GHz
2024-07-01 16:27:47,377 - INFO - Appended data for frequency 436 GHz
2024-07-01 16:27:48,681 - INFO - Appended data for frequency 437 GHz
2024-07-01 16:27:49,982 - INFO - Appended data for frequency 438 GHz
2024-07-01 16:27:51,293 - INFO - Appended data for frequency 439 GHz
2024-07-01 16:27:52,602 - INFO - Appended data for frequency 440 GHz
2024-07-01 16:27:53,910 - INFO - Appended data for frequency 441 GHz
2024-07-01 16:27:55,206 - INFO - Appended data for frequency 442 GHz
2024-07-01 16:27:56,523 - INFO - Appended data for frequency 443 GHz
2024-07-01 16:27:57,823 - INFO - Appended data for frequency 444 GHz
2024-07-01 16:27:59,133 - INFO - Appended data for frequency 445 GHz
2024-07-01 16:28:00,421 - INFO - Appended data for frequency 446 GHz
2024-07-01 16:28:01,717 - INFO - Appended data for frequency 447 GHz
2024-07-01 16:28:03,017 - INFO - Appended data for frequency 448 GHz
2024-07-01 16:28:04,326 - INFO - Appended data for frequency 449 GHz
2024-07-01 16:28:05,638 - INFO - Appended data for frequency 450 GHz
2024-07-01 16:28:06,959 - INFO - Appended data for frequency 451 GHz
2024-07-01 16:28:08,273 - INFO - Appended data for frequency 452 GHz
2024-07-01 16:28:09,576 - INFO - Appended data for frequency 453 GHz
2024-07-01 16:28:10,871 - INFO - Appended data for frequency 454 GHz
2024-07-01 16:28:12,184 - INFO - Appended data for frequency 455 GHz
2024-07-01 16:28:13,493 - INFO - Appended data for frequency 456 GHz
2024-07-01 16:28:14,809 - INFO - Appended data for frequency 457 GHz
2024-07-01 16:28:16,108 - INFO - Appended data for frequency 458 GHz
2024-07-01 16:28:17,421 - INFO - Appended data for frequency 459 GHz
2024-07-01 16:28:18,705 - INFO - Appended data for frequency 460 GHz
2024-07-01 16:28:20,005 - INFO - Appended data for frequency 461 GHz
2024-07-01 16:28:21,314 - INFO - Appended data for frequency 462 GHz
2024-07-01 16:28:22,627 - INFO - Appended data for frequency 463 GHz
2024-07-01 16:28:23,933 - INFO - Appended data for frequency 464 GHz
2024-07-01 16:28:25,231 - INFO - Appended data for frequency 465 GHz
2024-07-01 16:28:26,552 - INFO - Appended data for frequency 466 GHz
2024-07-01 16:28:27,865 - INFO - Appended data for frequency 467 GHz
2024-07-01 16:28:29,172 - INFO - Appended data for frequency 468 GHz
2024-07-01 16:28:30,484 - INFO - Appended data for frequency 469 GHz
2024-07-01 16:28:31,792 - INFO - Appended data for frequency 470 GHz
2024-07-01 16:28:33,098 - INFO - Appended data for frequency 471 GHz
2024-07-01 16:28:34,398 - INFO - Appended data for frequency 472 GHz
2024-07-01 16:28:35,704 - INFO - Appended data for frequency 473 GHz
2024-07-01 16:28:37,004 - INFO - Appended data for frequency 474 GHz
2024-07-01 16:28:38,306 - INFO - Appended data for frequency 475 GHz
2024-07-01 16:28:39,600 - INFO - Appended data for frequency 476 GHz
2024-07-01 16:28:40,906 - INFO - Appended data for frequency 477 GHz
2024-07-01 16:28:42,227 - INFO - Appended data for frequency 478 GHz
2024-07-01 16:28:43,545 - INFO - Appended data for frequency 479 GHz
2024-07-01 16:28:44,842 - INFO - Appended data for frequency 480 GHz
2024-07-01 16:28:46,151 - INFO - Appended data for frequency 481 GHz
2024-07-01 16:28:47,451 - INFO - Appended data for frequency 482 GHz
2024-07-01 16:28:48,755 - INFO - Appended data for frequency 483 GHz
2024-07-01 16:28:50,059 - INFO - Appended data for frequency 484 GHz
2024-07-01 16:28:51,378 - INFO - Appended data for frequency 485 GHz
2024-07-01 16:28:52,667 - INFO - Appended data for frequency 486 GHz
2024-07-01 16:28:53,965 - INFO - Appended data for frequency 487 GHz
2024-07-01 16:28:55,283 - INFO - Appended data for frequency 488 GHz
2024-07-01 16:28:56,581 - INFO - Appended data for frequency 489 GHz
2024-07-01 16:28:57,896 - INFO - Appended data for frequency 490 GHz
2024-07-01 16:28:59,189 - INFO - Appended data for frequency 491 GHz
2024-07-01 16:29:00,502 - INFO - Appended data for frequency 492 GHz
2024-07-01 16:29:01,813 - INFO - Appended data for frequency 493 GHz
2024-07-01 16:29:03,121 - INFO - Appended data for frequency 494 GHz
2024-07-01 16:29:04,429 - INFO - Appended data for frequency 495 GHz
2024-07-01 16:29:05,741 - INFO - Appended data for frequency 496 GHz
2024-07-01 16:29:07,055 - INFO - Appended data for frequency 497 GHz
2024-07-01 16:29:08,360 - INFO - Appended data for frequency 498 GHz
2024-07-01 16:29:09,681 - INFO - Appended data for frequency 499 GHz
2024-07-01 16:29:10,985 - INFO - Appended data for frequency 500 GHz
2024-07-01 16:29:12,293 - INFO - Appended data for frequency 501 GHz
2024-07-01 16:29:13,580 - INFO - Appended data for frequency 502 GHz
2024-07-01 16:29:14,899 - INFO - Appended data for frequency 503 GHz
2024-07-01 16:29:16,199 - INFO - Appended data for frequency 504 GHz
2024-07-01 16:29:17,514 - INFO - Appended data for frequency 505 GHz
2024-07-01 16:29:18,814 - INFO - Appended data for frequency 506 GHz
2024-07-01 16:29:20,125 - INFO - Appended data for frequency 507 GHz
2024-07-01 16:29:21,435 - INFO - Appended data for frequency 508 GHz
2024-07-01 16:29:22,751 - INFO - Appended data for frequency 509 GHz
2024-07-01 16:29:24,053 - INFO - Appended data for frequency 510 GHz
2024-07-01 16:29:25,368 - INFO - Appended data for frequency 511 GHz
2024-07-01 16:29:26,671 - INFO - Appended data for frequency 512 GHz
2024-07-01 16:29:27,980 - INFO - Appended data for frequency 513 GHz
2024-07-01 16:29:29,276 - INFO - Appended data for frequency 514 GHz
2024-07-01 16:29:30,573 - INFO - Appended data for frequency 515 GHz
2024-07-01 16:29:31,863 - INFO - Appended data for frequency 516 GHz
2024-07-01 16:29:33,173 - INFO - Appended data for frequency 517 GHz
2024-07-01 16:29:34,480 - INFO - Appended data for frequency 518 GHz
2024-07-01 16:29:35,793 - INFO - Appended data for frequency 519 GHz
2024-07-01 16:29:37,099 - INFO - Appended data for frequency 520 GHz
2024-07-01 16:29:38,405 - INFO - Appended data for frequency 521 GHz
2024-07-01 16:29:39,714 - INFO - Appended data for frequency 522 GHz
2024-07-01 16:29:41,018 - INFO - Appended data for frequency 523 GHz
2024-07-01 16:29:42,327 - INFO - Appended data for frequency 524 GHz
2024-07-01 16:29:43,630 - INFO - Appended data for frequency 525 GHz
2024-07-01 16:29:44,928 - INFO - Appended data for frequency 526 GHz
2024-07-01 16:29:46,232 - INFO - Appended data for frequency 527 GHz
2024-07-01 16:29:47,532 - INFO - Appended data for frequency 528 GHz
2024-07-01 16:29:48,841 - INFO - Appended data for frequency 529 GHz
2024-07-01 16:29:50,140 - INFO - Appended data for frequency 530 GHz
2024-07-01 16:29:51,456 - INFO - Appended data for frequency 531 GHz
2024-07-01 16:29:52,764 - INFO - Appended data for frequency 532 GHz
2024-07-01 16:29:54,077 - INFO - Appended data for frequency 533 GHz
2024-07-01 16:29:55,380 - INFO - Appended data for frequency 534 GHz
2024-07-01 16:29:56,689 - INFO - Appended data for frequency 535 GHz
2024-07-01 16:29:57,980 - INFO - Appended data for frequency 536 GHz
2024-07-01 16:29:59,301 - INFO - Appended data for frequency 537 GHz
2024-07-01 16:30:00,601 - INFO - Appended data for frequency 538 GHz
2024-07-01 16:30:01,917 - INFO - Appended data for frequency 539 GHz
2024-07-01 16:30:03,229 - INFO - Appended data for frequency 540 GHz
2024-07-01 16:30:04,528 - INFO - Appended data for frequency 541 GHz
2024-07-01 16:30:05,821 - INFO - Appended data for frequency 542 GHz
2024-07-01 16:30:07,134 - INFO - Appended data for frequency 543 GHz
2024-07-01 16:30:08,434 - INFO - Appended data for frequency 544 GHz
2024-07-01 16:30:09,734 - INFO - Appended data for frequency 545 GHz
2024-07-01 16:30:11,038 - INFO - Appended data for frequency 546 GHz
2024-07-01 16:30:12,358 - INFO - Appended data for frequency 547 GHz
2024-07-01 16:30:13,654 - INFO - Appended data for frequency 548 GHz
2024-07-01 16:30:14,969 - INFO - Appended data for frequency 549 GHz
2024-07-01 16:30:16,272 - INFO - Appended data for frequency 550 GHz
2024-07-01 16:30:17,585 - INFO - Appended data for frequency 551 GHz
2024-07-01 16:30:18,890 - INFO - Appended data for frequency 552 GHz
2024-07-01 16:30:20,199 - INFO - Appended data for frequency 553 GHz
2024-07-01 16:30:21,502 - INFO - Appended data for frequency 554 GHz
2024-07-01 16:30:22,818 - INFO - Appended data for frequency 555 GHz
2024-07-01 16:30:24,115 - INFO - Appended data for frequency 556 GHz
2024-07-01 16:30:25,427 - INFO - Appended data for frequency 557 GHz
2024-07-01 16:30:26,734 - INFO - Appended data for frequency 558 GHz
2024-07-01 16:30:28,032 - INFO - Appended data for frequency 559 GHz
2024-07-01 16:30:29,327 - INFO - Appended data for frequency 560 GHz
2024-07-01 16:30:30,643 - INFO - Appended data for frequency 561 GHz
2024-07-01 16:30:31,940 - INFO - Appended data for frequency 562 GHz
2024-07-01 16:30:33,261 - INFO - Appended data for frequency 563 GHz
2024-07-01 16:30:34,564 - INFO - Appended data for frequency 564 GHz
2024-07-01 16:30:35,865 - INFO - Appended data for frequency 565 GHz
2024-07-01 16:30:37,167 - INFO - Appended data for frequency 566 GHz
2024-07-01 16:30:38,482 - INFO - Appended data for frequency 567 GHz
2024-07-01 16:30:39,790 - INFO - Appended data for frequency 568 GHz
2024-07-01 16:30:41,093 - INFO - Appended data for frequency 569 GHz
2024-07-01 16:30:42,398 - INFO - Appended data for frequency 570 GHz
2024-07-01 16:30:43,699 - INFO - Appended data for frequency 571 GHz
2024-07-01 16:30:45,005 - INFO - Appended data for frequency 572 GHz
2024-07-01 16:30:46,317 - INFO - Appended data for frequency 573 GHz
2024-07-01 16:30:47,617 - INFO - Appended data for frequency 574 GHz
2024-07-01 16:30:48,927 - INFO - Appended data for frequency 575 GHz
2024-07-01 16:30:50,230 - INFO - Appended data for frequency 576 GHz
2024-07-01 16:30:51,526 - INFO - Appended data for frequency 577 GHz
2024-07-01 16:30:52,827 - INFO - Appended data for frequency 578 GHz
2024-07-01 16:30:54,142 - INFO - Appended data for frequency 579 GHz
2024-07-01 16:30:55,446 - INFO - Appended data for frequency 580 GHz
2024-07-01 16:30:56,755 - INFO - Appended data for frequency 581 GHz
2024-07-01 16:30:58,058 - INFO - Appended data for frequency 582 GHz
2024-07-01 16:30:59,367 - INFO - Appended data for frequency 583 GHz
2024-07-01 16:31:00,670 - INFO - Appended data for frequency 584 GHz
2024-07-01 16:31:01,977 - INFO - Appended data for frequency 585 GHz
2024-07-01 16:31:03,272 - INFO - Appended data for frequency 586 GHz
2024-07-01 16:31:04,585 - INFO - Appended data for frequency 587 GHz
2024-07-01 16:31:05,882 - INFO - Appended data for frequency 588 GHz
2024-07-01 16:31:07,187 - INFO - Appended data for frequency 589 GHz
2024-07-01 16:31:08,486 - INFO - Appended data for frequency 590 GHz
2024-07-01 16:31:09,800 - INFO - Appended data for frequency 591 GHz
2024-07-01 16:31:11,108 - INFO - Appended data for frequency 592 GHz
2024-07-01 16:31:12,420 - INFO - Appended data for frequency 593 GHz
2024-07-01 16:31:13,725 - INFO - Appended data for frequency 594 GHz
2024-07-01 16:31:15,038 - INFO - Appended data for frequency 595 GHz
2024-07-01 16:31:16,341 - INFO - Appended data for frequency 596 GHz
2024-07-01 16:31:17,642 - INFO - Appended data for frequency 597 GHz
2024-07-01 16:31:18,934 - INFO - Appended data for frequency 598 GHz
2024-07-01 16:31:20,239 - INFO - Appended data for frequency 599 GHz
2024-07-01 16:31:21,546 - INFO - Appended data for frequency 600 GHz
2024-07-01 16:31:21,549 - INFO - DATA ACQUISITION COMPLETE
2024-07-01 16:31:21,574 - INFO - The data has been saved to ../Data/Add_Mirrors/Tables/f_vs_vlockin_Mirrors2.csv, previous file may have been overwritten.
2024-07-01 16:31:22,159 - INFO - The data has been saved to ../Data/Add_Mirrors/Plots/f_vs_vlockin_Mirrors2.png, previous file may have been overwritten.
2024-07-01 16:31:23,460 - INFO - PROWLS did NOT power down
2024-07-01 16:31:23,469 - INFO - Current DLC Smart Bias Amplitude (V): 0.800018310546875
2024-07-01 16:31:23,476 - INFO - Current DLC Smart Bias Offset (V): -0.30002441704309607
2024-07-01 16:31:23,483 - INFO - Lasers on: True
2024-07-01 16:31:23,492 - ERROR - No such comm target registered: jupyter.widget.control
2024-07-01 16:31:23,495 - WARNING - No such comm: 2874a198-8ba3-47cf-949a-4fda4a61c924
