2024-07-01 15:04:17,224 - INFO - Connected to: Stanford_Research_Systems,SR830,s/n46458,ver1.07 

2024-07-01 15:04:18,289 - INFO - Connected to: DLCsmartTHz
2024-07-01 15:04:18,290 - INFO - Current User Level: 2
2024-07-01 15:04:19,357 - INFO - Lasers on: True
2024-07-01 15:04:25,447 - INFO - Current DLC Smart Bias Amplitude (V): 0.800018310546875
2024-07-01 15:04:25,456 - INFO - Current DLC Smart Bias Offset (V): -0.30002441704309607
2024-07-01 15:04:25,463 - INFO - Current DLC Smart Bias Frequency (Hz): 1000
2024-07-01 15:04:31,527 - INFO - Current DLC Smart Frequency (GHz): 219.9987271426944
2024-07-01 15:04:32,263 - INFO - Current Lock-in Sensitivity setting: 16

2024-07-01 15:04:32,270 - INFO - Current Time Constant: 8

2024-07-01 15:04:32,278 - INFO - Current Low Pass Filter: 0

2024-07-01 15:04:32,289 - INFO - Current Lock-in Bias Frequency (Hz): 1000

2024-07-01 15:04:32,312 - INFO - Waiting the 10 second warm-up time
2024-07-01 15:04:42,354 - INFO - Frequency Scan Range (GHz):70-600
2024-07-01 15:04:42,354 - INFO - Frequency Increment (GHz): 1
2024-07-01 15:04:42,355 - INFO - Frequency Tolerance (GHz): 0.1
2024-07-01 15:04:42,355 - INFO - BEGINNING DATA ACQUISITION
2024-07-01 15:04:43,415 - INFO - Appended data for frequency 70 GHz
2024-07-01 15:04:44,808 - INFO - Appended data for frequency 71 GHz
2024-07-01 15:04:46,134 - INFO - Appended data for frequency 72 GHz
2024-07-01 15:04:47,452 - INFO - Appended data for frequency 73 GHz
2024-07-01 15:04:48,783 - INFO - Appended data for frequency 74 GHz
2024-07-01 15:04:50,089 - INFO - Appended data for frequency 75 GHz
2024-07-01 15:04:51,404 - INFO - Appended data for frequency 76 GHz
2024-07-01 15:04:52,713 - INFO - Appended data for frequency 77 GHz
2024-07-01 15:04:54,028 - INFO - Appended data for frequency 78 GHz
2024-07-01 15:04:55,347 - INFO - Appended data for frequency 79 GHz
2024-07-01 15:04:56,655 - INFO - Appended data for frequency 80 GHz
2024-07-01 15:04:57,957 - INFO - Appended data for frequency 81 GHz
2024-07-01 15:04:59,244 - INFO - Appended data for frequency 82 GHz
2024-07-01 15:05:00,540 - INFO - Appended data for frequency 83 GHz
2024-07-01 15:05:01,855 - INFO - Appended data for frequency 84 GHz
2024-07-01 15:05:03,154 - INFO - Appended data for frequency 85 GHz
2024-07-01 15:05:04,471 - INFO - Appended data for frequency 86 GHz
2024-07-01 15:05:05,769 - INFO - Appended data for frequency 87 GHz
2024-07-01 15:05:07,076 - INFO - Appended data for frequency 88 GHz
2024-07-01 15:05:08,378 - INFO - Appended data for frequency 89 GHz
2024-07-01 15:05:09,680 - INFO - Appended data for frequency 90 GHz
2024-07-01 15:05:10,982 - INFO - Appended data for frequency 91 GHz
2024-07-01 15:05:12,284 - INFO - Appended data for frequency 92 GHz
2024-07-01 15:05:13,597 - INFO - Appended data for frequency 93 GHz
2024-07-01 15:05:14,897 - INFO - Appended data for frequency 94 GHz
2024-07-01 15:05:16,195 - INFO - Appended data for frequency 95 GHz
2024-07-01 15:05:17,491 - INFO - Appended data for frequency 96 GHz
2024-07-01 15:05:18,808 - INFO - Appended data for frequency 97 GHz
2024-07-01 15:05:20,123 - INFO - Appended data for frequency 98 GHz
2024-07-01 15:05:21,430 - INFO - Appended data for frequency 99 GHz
2024-07-01 15:05:22,724 - INFO - Appended data for frequency 100 GHz
2024-07-01 15:05:24,027 - INFO - Appended data for frequency 101 GHz
2024-07-01 15:05:25,331 - INFO - Appended data for frequency 102 GHz
2024-07-01 15:05:26,645 - INFO - Appended data for frequency 103 GHz
2024-07-01 15:05:27,927 - INFO - Appended data for frequency 104 GHz
2024-07-01 15:05:29,230 - INFO - Appended data for frequency 105 GHz
2024-07-01 15:05:30,521 - INFO - Appended data for frequency 106 GHz
2024-07-01 15:05:31,829 - INFO - Appended data for frequency 107 GHz
2024-07-01 15:05:33,111 - INFO - Appended data for frequency 108 GHz
2024-07-01 15:05:34,424 - INFO - Appended data for frequency 109 GHz
2024-07-01 15:05:35,726 - INFO - Appended data for frequency 110 GHz
2024-07-01 15:05:37,020 - INFO - Appended data for frequency 111 GHz
2024-07-01 15:05:38,339 - INFO - Appended data for frequency 112 GHz
2024-07-01 15:05:39,649 - INFO - Appended data for frequency 113 GHz
2024-07-01 15:05:40,945 - INFO - Appended data for frequency 114 GHz
2024-07-01 15:05:42,227 - INFO - Appended data for frequency 115 GHz
2024-07-01 15:05:43,525 - INFO - Appended data for frequency 116 GHz
2024-07-01 15:05:44,822 - INFO - Appended data for frequency 117 GHz
2024-07-01 15:05:46,137 - INFO - Appended data for frequency 118 GHz
2024-07-01 15:05:47,412 - INFO - Appended data for frequency 119 GHz
2024-07-01 15:05:48,713 - INFO - Appended data for frequency 120 GHz
2024-07-01 15:05:50,019 - INFO - Appended data for frequency 121 GHz
2024-07-01 15:05:51,313 - INFO - Appended data for frequency 122 GHz
2024-07-01 15:05:52,617 - INFO - Appended data for frequency 123 GHz
2024-07-01 15:05:53,892 - INFO - Appended data for frequency 124 GHz
2024-07-01 15:05:55,196 - INFO - Appended data for frequency 125 GHz
2024-07-01 15:05:56,485 - INFO - Appended data for frequency 126 GHz
2024-07-01 15:05:57,801 - INFO - Appended data for frequency 127 GHz
2024-07-01 15:05:59,097 - INFO - Appended data for frequency 128 GHz
2024-07-01 15:06:00,409 - INFO - Appended data for frequency 129 GHz
2024-07-01 15:06:01,713 - INFO - Appended data for frequency 130 GHz
2024-07-01 15:06:03,013 - INFO - Appended data for frequency 131 GHz
2024-07-01 15:06:04,302 - INFO - Appended data for frequency 132 GHz
2024-07-01 15:06:05,626 - INFO - Appended data for frequency 133 GHz
2024-07-01 15:06:06,937 - INFO - Appended data for frequency 134 GHz
2024-07-01 15:06:08,253 - INFO - Appended data for frequency 135 GHz
2024-07-01 15:06:09,557 - INFO - Appended data for frequency 136 GHz
2024-07-01 15:06:10,861 - INFO - Appended data for frequency 137 GHz
2024-07-01 15:06:12,166 - INFO - Appended data for frequency 138 GHz
2024-07-01 15:06:13,474 - INFO - Appended data for frequency 139 GHz
2024-07-01 15:06:14,779 - INFO - Appended data for frequency 140 GHz
2024-07-01 15:06:16,093 - INFO - Appended data for frequency 141 GHz
2024-07-01 15:06:17,391 - INFO - Appended data for frequency 142 GHz
2024-07-01 15:06:18,703 - INFO - Appended data for frequency 143 GHz
2024-07-01 15:06:20,000 - INFO - Appended data for frequency 144 GHz
2024-07-01 15:06:21,317 - INFO - Appended data for frequency 145 GHz
2024-07-01 15:06:22,607 - INFO - Appended data for frequency 146 GHz
2024-07-01 15:06:23,895 - INFO - Appended data for frequency 147 GHz
2024-07-01 15:06:25,195 - INFO - Appended data for frequency 148 GHz
2024-07-01 15:06:26,495 - INFO - Appended data for frequency 149 GHz
2024-07-01 15:06:27,785 - INFO - Appended data for frequency 150 GHz
2024-07-01 15:06:29,077 - INFO - Appended data for frequency 151 GHz
2024-07-01 15:06:30,374 - INFO - Appended data for frequency 152 GHz
2024-07-01 15:06:31,668 - INFO - Appended data for frequency 153 GHz
2024-07-01 15:06:32,982 - INFO - Appended data for frequency 154 GHz
2024-07-01 15:06:34,282 - INFO - Appended data for frequency 155 GHz
2024-07-01 15:06:35,594 - INFO - Appended data for frequency 156 GHz
2024-07-01 15:06:36,899 - INFO - Appended data for frequency 157 GHz
2024-07-01 15:06:38,198 - INFO - Appended data for frequency 158 GHz
2024-07-01 15:06:39,494 - INFO - Appended data for frequency 159 GHz
2024-07-01 15:06:40,811 - INFO - Appended data for frequency 160 GHz
2024-07-01 15:06:42,120 - INFO - Appended data for frequency 161 GHz
2024-07-01 15:06:43,431 - INFO - Appended data for frequency 162 GHz
2024-07-01 15:06:44,740 - INFO - Appended data for frequency 163 GHz
2024-07-01 15:06:46,044 - INFO - Appended data for frequency 164 GHz
2024-07-01 15:06:47,348 - INFO - Appended data for frequency 165 GHz
2024-07-01 15:06:48,651 - INFO - Appended data for frequency 166 GHz
2024-07-01 15:06:49,957 - INFO - Appended data for frequency 167 GHz
2024-07-01 15:06:51,268 - INFO - Appended data for frequency 168 GHz
2024-07-01 15:06:52,574 - INFO - Appended data for frequency 169 GHz
2024-07-01 15:06:53,871 - INFO - Appended data for frequency 170 GHz
2024-07-01 15:06:55,170 - INFO - Appended data for frequency 171 GHz
2024-07-01 15:06:56,483 - INFO - Appended data for frequency 172 GHz
2024-07-01 15:06:57,773 - INFO - Appended data for frequency 173 GHz
2024-07-01 15:06:59,080 - INFO - Appended data for frequency 174 GHz
2024-07-01 15:07:00,372 - INFO - Appended data for frequency 175 GHz
2024-07-01 15:07:01,669 - INFO - Appended data for frequency 176 GHz
2024-07-01 15:07:02,969 - INFO - Appended data for frequency 177 GHz
2024-07-01 15:07:04,284 - INFO - Appended data for frequency 178 GHz
2024-07-01 15:07:05,590 - INFO - Appended data for frequency 179 GHz
2024-07-01 15:07:06,879 - INFO - Appended data for frequency 180 GHz
2024-07-01 15:07:08,181 - INFO - Appended data for frequency 181 GHz
2024-07-01 15:07:09,486 - INFO - Appended data for frequency 182 GHz
2024-07-01 15:07:10,783 - INFO - Appended data for frequency 183 GHz
2024-07-01 15:07:12,085 - INFO - Appended data for frequency 184 GHz
2024-07-01 15:07:13,380 - INFO - Appended data for frequency 185 GHz
2024-07-01 15:07:14,672 - INFO - Appended data for frequency 186 GHz
2024-07-01 15:07:15,966 - INFO - Appended data for frequency 187 GHz
2024-07-01 15:07:17,279 - INFO - Appended data for frequency 188 GHz
2024-07-01 15:07:18,581 - INFO - Appended data for frequency 189 GHz
2024-07-01 15:07:19,888 - INFO - Appended data for frequency 190 GHz
2024-07-01 15:07:21,209 - INFO - Appended data for frequency 191 GHz
2024-07-01 15:07:22,501 - INFO - Appended data for frequency 192 GHz
2024-07-01 15:07:23,812 - INFO - Appended data for frequency 193 GHz
2024-07-01 15:07:25,115 - INFO - Appended data for frequency 194 GHz
2024-07-01 15:07:26,415 - INFO - Appended data for frequency 195 GHz
2024-07-01 15:07:27,720 - INFO - Appended data for frequency 196 GHz
2024-07-01 15:07:29,018 - INFO - Appended data for frequency 197 GHz
2024-07-01 15:07:30,323 - INFO - Appended data for frequency 198 GHz
2024-07-01 15:07:31,632 - INFO - Appended data for frequency 199 GHz
2024-07-01 15:07:32,936 - INFO - Appended data for frequency 200 GHz
2024-07-01 15:07:34,250 - INFO - Appended data for frequency 201 GHz
2024-07-01 15:07:35,550 - INFO - Appended data for frequency 202 GHz
2024-07-01 15:07:36,841 - INFO - Appended data for frequency 203 GHz
2024-07-01 15:07:38,137 - INFO - Appended data for frequency 204 GHz
2024-07-01 15:07:39,442 - INFO - Appended data for frequency 205 GHz
2024-07-01 15:07:40,741 - INFO - Appended data for frequency 206 GHz
2024-07-01 15:07:42,052 - INFO - Appended data for frequency 207 GHz
2024-07-01 15:07:43,348 - INFO - Appended data for frequency 208 GHz
2024-07-01 15:07:44,650 - INFO - Appended data for frequency 209 GHz
2024-07-01 15:07:45,957 - INFO - Appended data for frequency 210 GHz
2024-07-01 15:07:47,259 - INFO - Appended data for frequency 211 GHz
2024-07-01 15:07:48,567 - INFO - Appended data for frequency 212 GHz
2024-07-01 15:07:49,874 - INFO - Appended data for frequency 213 GHz
2024-07-01 15:07:51,173 - INFO - Appended data for frequency 214 GHz
2024-07-01 15:07:52,475 - INFO - Appended data for frequency 215 GHz
2024-07-01 15:07:53,781 - INFO - Appended data for frequency 216 GHz
2024-07-01 15:07:55,083 - INFO - Appended data for frequency 217 GHz
2024-07-01 15:07:56,393 - INFO - Appended data for frequency 218 GHz
2024-07-01 15:07:57,688 - INFO - Appended data for frequency 219 GHz
2024-07-01 15:07:59,010 - INFO - Appended data for frequency 220 GHz
2024-07-01 15:08:00,320 - INFO - Appended data for frequency 221 GHz
2024-07-01 15:08:01,632 - INFO - Appended data for frequency 222 GHz
2024-07-01 15:08:02,944 - INFO - Appended data for frequency 223 GHz
2024-07-01 15:08:04,248 - INFO - Appended data for frequency 224 GHz
2024-07-01 15:08:05,550 - INFO - Appended data for frequency 225 GHz
2024-07-01 15:08:06,855 - INFO - Appended data for frequency 226 GHz
2024-07-01 15:08:08,149 - INFO - Appended data for frequency 227 GHz
2024-07-01 15:08:09,462 - INFO - Appended data for frequency 228 GHz
2024-07-01 15:08:10,756 - INFO - Appended data for frequency 229 GHz
2024-07-01 15:08:12,072 - INFO - Appended data for frequency 230 GHz
2024-07-01 15:08:13,366 - INFO - Appended data for frequency 231 GHz
2024-07-01 15:08:14,687 - INFO - Appended data for frequency 232 GHz
2024-07-01 15:08:15,989 - INFO - Appended data for frequency 233 GHz
2024-07-01 15:08:17,299 - INFO - Appended data for frequency 234 GHz
2024-07-01 15:08:18,604 - INFO - Appended data for frequency 235 GHz
2024-07-01 15:08:19,913 - INFO - Appended data for frequency 236 GHz
2024-07-01 15:08:21,205 - INFO - Appended data for frequency 237 GHz
2024-07-01 15:08:22,510 - INFO - Appended data for frequency 238 GHz
2024-07-01 15:08:23,794 - INFO - Appended data for frequency 239 GHz
2024-07-01 15:08:25,093 - INFO - Appended data for frequency 240 GHz
2024-07-01 15:08:26,406 - INFO - Appended data for frequency 241 GHz
2024-07-01 15:08:27,709 - INFO - Appended data for frequency 242 GHz
2024-07-01 15:08:29,002 - INFO - Appended data for frequency 243 GHz
2024-07-01 15:08:30,287 - INFO - Appended data for frequency 244 GHz
2024-07-01 15:08:31,600 - INFO - Appended data for frequency 245 GHz
2024-07-01 15:08:32,900 - INFO - Appended data for frequency 246 GHz
2024-07-01 15:08:34,193 - INFO - Appended data for frequency 247 GHz
2024-07-01 15:08:35,481 - INFO - Appended data for frequency 248 GHz
2024-07-01 15:08:36,769 - INFO - Appended data for frequency 249 GHz
2024-07-01 15:08:38,078 - INFO - Appended data for frequency 250 GHz
2024-07-01 15:08:39,370 - INFO - Appended data for frequency 251 GHz
2024-07-01 15:08:40,666 - INFO - Appended data for frequency 252 GHz
2024-07-01 15:08:41,963 - INFO - Appended data for frequency 253 GHz
2024-07-01 15:08:43,260 - INFO - Appended data for frequency 254 GHz
2024-07-01 15:08:44,567 - INFO - Appended data for frequency 255 GHz
2024-07-01 15:08:45,860 - INFO - Appended data for frequency 256 GHz
2024-07-01 15:08:47,156 - INFO - Appended data for frequency 257 GHz
2024-07-01 15:08:48,470 - INFO - Appended data for frequency 258 GHz
2024-07-01 15:08:49,763 - INFO - Appended data for frequency 259 GHz
2024-07-01 15:08:51,080 - INFO - Appended data for frequency 260 GHz
2024-07-01 15:08:52,376 - INFO - Appended data for frequency 261 GHz
2024-07-01 15:08:53,668 - INFO - Appended data for frequency 262 GHz
2024-07-01 15:08:54,968 - INFO - Appended data for frequency 263 GHz
2024-07-01 15:08:56,265 - INFO - Appended data for frequency 264 GHz
2024-07-01 15:08:57,550 - INFO - Appended data for frequency 265 GHz
2024-07-01 15:08:58,842 - INFO - Appended data for frequency 266 GHz
2024-07-01 15:09:00,151 - INFO - Appended data for frequency 267 GHz
2024-07-01 15:09:01,447 - INFO - Appended data for frequency 268 GHz
2024-07-01 15:09:02,752 - INFO - Appended data for frequency 269 GHz
2024-07-01 15:09:04,061 - INFO - Appended data for frequency 270 GHz
2024-07-01 15:09:05,376 - INFO - Appended data for frequency 271 GHz
2024-07-01 15:09:06,680 - INFO - Appended data for frequency 272 GHz
2024-07-01 15:09:07,990 - INFO - Appended data for frequency 273 GHz
2024-07-01 15:09:09,290 - INFO - Appended data for frequency 274 GHz
2024-07-01 15:09:10,590 - INFO - Appended data for frequency 275 GHz
2024-07-01 15:09:11,883 - INFO - Appended data for frequency 276 GHz
2024-07-01 15:09:13,209 - INFO - Appended data for frequency 277 GHz
2024-07-01 15:09:14,509 - INFO - Appended data for frequency 278 GHz
2024-07-01 15:09:15,823 - INFO - Appended data for frequency 279 GHz
2024-07-01 15:09:17,117 - INFO - Appended data for frequency 280 GHz
2024-07-01 15:09:18,431 - INFO - Appended data for frequency 281 GHz
2024-07-01 15:09:19,717 - INFO - Appended data for frequency 282 GHz
2024-07-01 15:09:21,021 - INFO - Appended data for frequency 283 GHz
2024-07-01 15:09:22,324 - INFO - Appended data for frequency 284 GHz
2024-07-01 15:09:23,631 - INFO - Appended data for frequency 285 GHz
2024-07-01 15:09:24,950 - INFO - Appended data for frequency 286 GHz
2024-07-01 15:09:26,269 - INFO - Appended data for frequency 287 GHz
2024-07-01 15:09:27,577 - INFO - Appended data for frequency 288 GHz
2024-07-01 15:09:28,887 - INFO - Appended data for frequency 289 GHz
2024-07-01 15:09:30,194 - INFO - Appended data for frequency 290 GHz
2024-07-01 15:09:31,501 - INFO - Appended data for frequency 291 GHz
2024-07-01 15:09:32,804 - INFO - Appended data for frequency 292 GHz
2024-07-01 15:09:34,114 - INFO - Appended data for frequency 293 GHz
2024-07-01 15:09:35,407 - INFO - Appended data for frequency 294 GHz
2024-07-01 15:09:36,726 - INFO - Appended data for frequency 295 GHz
2024-07-01 15:09:38,019 - INFO - Appended data for frequency 296 GHz
2024-07-01 15:09:39,334 - INFO - Appended data for frequency 297 GHz
2024-07-01 15:09:40,638 - INFO - Appended data for frequency 298 GHz
2024-07-01 15:09:41,954 - INFO - Appended data for frequency 299 GHz
2024-07-01 15:09:43,257 - INFO - Appended data for frequency 300 GHz
2024-07-01 15:09:44,571 - INFO - Appended data for frequency 301 GHz
2024-07-01 15:09:45,873 - INFO - Appended data for frequency 302 GHz
2024-07-01 15:09:47,182 - INFO - Appended data for frequency 303 GHz
2024-07-01 15:09:48,484 - INFO - Appended data for frequency 304 GHz
2024-07-01 15:09:49,794 - INFO - Appended data for frequency 305 GHz
2024-07-01 15:09:51,099 - INFO - Appended data for frequency 306 GHz
2024-07-01 15:09:52,403 - INFO - Appended data for frequency 307 GHz
2024-07-01 15:09:53,695 - INFO - Appended data for frequency 308 GHz
2024-07-01 15:09:55,000 - INFO - Appended data for frequency 309 GHz
2024-07-01 15:09:56,308 - INFO - Appended data for frequency 310 GHz
2024-07-01 15:09:57,614 - INFO - Appended data for frequency 311 GHz
2024-07-01 15:09:58,925 - INFO - Appended data for frequency 312 GHz
2024-07-01 15:10:00,225 - INFO - Appended data for frequency 313 GHz
2024-07-01 15:10:01,524 - INFO - Appended data for frequency 314 GHz
2024-07-01 15:10:02,829 - INFO - Appended data for frequency 315 GHz
2024-07-01 15:10:04,124 - INFO - Appended data for frequency 316 GHz
2024-07-01 15:10:05,426 - INFO - Appended data for frequency 317 GHz
2024-07-01 15:10:06,721 - INFO - Appended data for frequency 318 GHz
2024-07-01 15:10:08,020 - INFO - Appended data for frequency 319 GHz
2024-07-01 15:10:09,324 - INFO - Appended data for frequency 320 GHz
2024-07-01 15:10:10,626 - INFO - Appended data for frequency 321 GHz
2024-07-01 15:10:11,922 - INFO - Appended data for frequency 322 GHz
2024-07-01 15:10:13,219 - INFO - Appended data for frequency 323 GHz
2024-07-01 15:10:14,525 - INFO - Appended data for frequency 324 GHz
2024-07-01 15:10:15,831 - INFO - Appended data for frequency 325 GHz
2024-07-01 15:10:17,142 - INFO - Appended data for frequency 326 GHz
2024-07-01 15:10:18,444 - INFO - Appended data for frequency 327 GHz
2024-07-01 15:10:19,732 - INFO - Appended data for frequency 328 GHz
2024-07-01 15:10:21,029 - INFO - Appended data for frequency 329 GHz
2024-07-01 15:10:22,325 - INFO - Appended data for frequency 330 GHz
2024-07-01 15:10:23,629 - INFO - Appended data for frequency 331 GHz
2024-07-01 15:10:24,947 - INFO - Appended data for frequency 332 GHz
2024-07-01 15:10:26,257 - INFO - Appended data for frequency 333 GHz
2024-07-01 15:10:27,578 - INFO - Appended data for frequency 334 GHz
2024-07-01 15:10:28,879 - INFO - Appended data for frequency 335 GHz
2024-07-01 15:10:30,180 - INFO - Appended data for frequency 336 GHz
2024-07-01 15:10:31,491 - INFO - Appended data for frequency 337 GHz
2024-07-01 15:10:32,803 - INFO - Appended data for frequency 338 GHz
2024-07-01 15:10:34,097 - INFO - Appended data for frequency 339 GHz
2024-07-01 15:10:35,402 - INFO - Appended data for frequency 340 GHz
2024-07-01 15:10:36,711 - INFO - Appended data for frequency 341 GHz
2024-07-01 15:10:37,998 - INFO - Appended data for frequency 342 GHz
2024-07-01 15:10:39,283 - INFO - Appended data for frequency 343 GHz
2024-07-01 15:10:40,586 - INFO - Appended data for frequency 344 GHz
2024-07-01 15:10:41,899 - INFO - Appended data for frequency 345 GHz
2024-07-01 15:10:43,194 - INFO - Appended data for frequency 346 GHz
2024-07-01 15:10:44,501 - INFO - Appended data for frequency 347 GHz
2024-07-01 15:10:45,801 - INFO - Appended data for frequency 348 GHz
2024-07-01 15:10:47,111 - INFO - Appended data for frequency 349 GHz
2024-07-01 15:10:48,408 - INFO - Appended data for frequency 350 GHz
2024-07-01 15:10:49,712 - INFO - Appended data for frequency 351 GHz
2024-07-01 15:10:51,023 - INFO - Appended data for frequency 352 GHz
2024-07-01 15:10:52,319 - INFO - Appended data for frequency 353 GHz
2024-07-01 15:10:53,613 - INFO - Appended data for frequency 354 GHz
2024-07-01 15:10:54,921 - INFO - Appended data for frequency 355 GHz
2024-07-01 15:10:56,221 - INFO - Appended data for frequency 356 GHz
2024-07-01 15:10:57,516 - INFO - Appended data for frequency 357 GHz
2024-07-01 15:10:58,817 - INFO - Appended data for frequency 358 GHz
2024-07-01 15:11:00,134 - INFO - Appended data for frequency 359 GHz
2024-07-01 15:11:01,437 - INFO - Appended data for frequency 360 GHz
2024-07-01 15:11:02,749 - INFO - Appended data for frequency 361 GHz
2024-07-01 15:11:04,044 - INFO - Appended data for frequency 362 GHz
2024-07-01 15:11:05,369 - INFO - Appended data for frequency 363 GHz
2024-07-01 15:11:06,673 - INFO - Appended data for frequency 364 GHz
2024-07-01 15:11:07,978 - INFO - Appended data for frequency 365 GHz
2024-07-01 15:11:09,272 - INFO - Appended data for frequency 366 GHz
2024-07-01 15:11:10,598 - INFO - Appended data for frequency 367 GHz
2024-07-01 15:11:11,902 - INFO - Appended data for frequency 368 GHz
2024-07-01 15:11:13,211 - INFO - Appended data for frequency 369 GHz
2024-07-01 15:11:14,505 - INFO - Appended data for frequency 370 GHz
2024-07-01 15:11:15,807 - INFO - Appended data for frequency 371 GHz
2024-07-01 15:11:17,091 - INFO - Appended data for frequency 372 GHz
2024-07-01 15:11:18,395 - INFO - Appended data for frequency 373 GHz
2024-07-01 15:11:19,694 - INFO - Appended data for frequency 374 GHz
2024-07-01 15:11:20,996 - INFO - Appended data for frequency 375 GHz
2024-07-01 15:11:22,296 - INFO - Appended data for frequency 376 GHz
2024-07-01 15:11:23,593 - INFO - Appended data for frequency 377 GHz
2024-07-01 15:11:24,894 - INFO - Appended data for frequency 378 GHz
2024-07-01 15:11:26,197 - INFO - Appended data for frequency 379 GHz
2024-07-01 15:11:27,489 - INFO - Appended data for frequency 380 GHz
2024-07-01 15:11:28,779 - INFO - Appended data for frequency 381 GHz
2024-07-01 15:11:30,084 - INFO - Appended data for frequency 382 GHz
2024-07-01 15:11:31,371 - INFO - Appended data for frequency 383 GHz
2024-07-01 15:11:32,688 - INFO - Appended data for frequency 384 GHz
2024-07-01 15:11:33,997 - INFO - Appended data for frequency 385 GHz
2024-07-01 15:11:35,302 - INFO - Appended data for frequency 386 GHz
2024-07-01 15:11:36,606 - INFO - Appended data for frequency 387 GHz
2024-07-01 15:11:37,895 - INFO - Appended data for frequency 388 GHz
2024-07-01 15:11:39,200 - INFO - Appended data for frequency 389 GHz
2024-07-01 15:11:40,488 - INFO - Appended data for frequency 390 GHz
2024-07-01 15:11:41,785 - INFO - Appended data for frequency 391 GHz
2024-07-01 15:11:43,086 - INFO - Appended data for frequency 392 GHz
2024-07-01 15:11:44,393 - INFO - Appended data for frequency 393 GHz
2024-07-01 15:11:45,705 - INFO - Appended data for frequency 394 GHz
2024-07-01 15:11:46,999 - INFO - Appended data for frequency 395 GHz
2024-07-01 15:11:48,305 - INFO - Appended data for frequency 396 GHz
2024-07-01 15:11:49,616 - INFO - Appended data for frequency 397 GHz
2024-07-01 15:11:50,921 - INFO - Appended data for frequency 398 GHz
2024-07-01 15:11:52,226 - INFO - Appended data for frequency 399 GHz
2024-07-01 15:11:53,530 - INFO - Appended data for frequency 400 GHz
2024-07-01 15:11:54,833 - INFO - Appended data for frequency 401 GHz
2024-07-01 15:11:56,140 - INFO - Appended data for frequency 402 GHz
2024-07-01 15:11:57,442 - INFO - Appended data for frequency 403 GHz
2024-07-01 15:11:58,732 - INFO - Appended data for frequency 404 GHz
2024-07-01 15:12:00,045 - INFO - Appended data for frequency 405 GHz
2024-07-01 15:12:01,347 - INFO - Appended data for frequency 406 GHz
2024-07-01 15:12:02,666 - INFO - Appended data for frequency 407 GHz
2024-07-01 15:12:03,978 - INFO - Appended data for frequency 408 GHz
2024-07-01 15:12:05,278 - INFO - Appended data for frequency 409 GHz
2024-07-01 15:12:06,583 - INFO - Appended data for frequency 410 GHz
2024-07-01 15:12:07,892 - INFO - Appended data for frequency 411 GHz
2024-07-01 15:12:09,185 - INFO - Appended data for frequency 412 GHz
2024-07-01 15:12:10,500 - INFO - Appended data for frequency 413 GHz
2024-07-01 15:12:11,801 - INFO - Appended data for frequency 414 GHz
2024-07-01 15:12:13,116 - INFO - Appended data for frequency 415 GHz
2024-07-01 15:12:14,419 - INFO - Appended data for frequency 416 GHz
2024-07-01 15:12:15,728 - INFO - Appended data for frequency 417 GHz
2024-07-01 15:12:17,034 - INFO - Appended data for frequency 418 GHz
2024-07-01 15:12:18,344 - INFO - Appended data for frequency 419 GHz
2024-07-01 15:12:19,644 - INFO - Appended data for frequency 420 GHz
2024-07-01 15:12:20,953 - INFO - Appended data for frequency 421 GHz
2024-07-01 15:12:22,266 - INFO - Appended data for frequency 422 GHz
2024-07-01 15:12:23,578 - INFO - Appended data for frequency 423 GHz
2024-07-01 15:12:24,887 - INFO - Appended data for frequency 424 GHz
2024-07-01 15:12:26,194 - INFO - Appended data for frequency 425 GHz
2024-07-01 15:12:27,506 - INFO - Appended data for frequency 426 GHz
2024-07-01 15:12:28,802 - INFO - Appended data for frequency 427 GHz
2024-07-01 15:12:30,096 - INFO - Appended data for frequency 428 GHz
2024-07-01 15:12:31,410 - INFO - Appended data for frequency 429 GHz
2024-07-01 15:12:32,715 - INFO - Appended data for frequency 430 GHz
2024-07-01 15:12:34,027 - INFO - Appended data for frequency 431 GHz
2024-07-01 15:12:35,336 - INFO - Appended data for frequency 432 GHz
2024-07-01 15:12:36,636 - INFO - Appended data for frequency 433 GHz
2024-07-01 15:12:37,947 - INFO - Appended data for frequency 434 GHz
2024-07-01 15:12:39,246 - INFO - Appended data for frequency 435 GHz
2024-07-01 15:12:40,555 - INFO - Appended data for frequency 436 GHz
2024-07-01 15:12:41,854 - INFO - Appended data for frequency 437 GHz
2024-07-01 15:12:43,156 - INFO - Appended data for frequency 438 GHz
2024-07-01 15:12:44,457 - INFO - Appended data for frequency 439 GHz
2024-07-01 15:12:45,764 - INFO - Appended data for frequency 440 GHz
2024-07-01 15:12:47,078 - INFO - Appended data for frequency 441 GHz
2024-07-01 15:12:48,377 - INFO - Appended data for frequency 442 GHz
2024-07-01 15:12:49,673 - INFO - Appended data for frequency 443 GHz
2024-07-01 15:12:50,978 - INFO - Appended data for frequency 444 GHz
2024-07-01 15:12:52,288 - INFO - Appended data for frequency 445 GHz
2024-07-01 15:12:53,589 - INFO - Appended data for frequency 446 GHz
2024-07-01 15:12:54,905 - INFO - Appended data for frequency 447 GHz
2024-07-01 15:12:56,210 - INFO - Appended data for frequency 448 GHz
2024-07-01 15:12:57,516 - INFO - Appended data for frequency 449 GHz
2024-07-01 15:12:58,812 - INFO - Appended data for frequency 450 GHz
2024-07-01 15:13:00,127 - INFO - Appended data for frequency 451 GHz
2024-07-01 15:13:01,447 - INFO - Appended data for frequency 452 GHz
2024-07-01 15:13:02,755 - INFO - Appended data for frequency 453 GHz
2024-07-01 15:13:04,058 - INFO - Appended data for frequency 454 GHz
2024-07-01 15:13:05,374 - INFO - Appended data for frequency 455 GHz
2024-07-01 15:13:06,674 - INFO - Appended data for frequency 456 GHz
2024-07-01 15:13:07,979 - INFO - Appended data for frequency 457 GHz
2024-07-01 15:13:09,294 - INFO - Appended data for frequency 458 GHz
2024-07-01 15:13:10,609 - INFO - Appended data for frequency 459 GHz
2024-07-01 15:13:11,898 - INFO - Appended data for frequency 460 GHz
2024-07-01 15:13:13,206 - INFO - Appended data for frequency 461 GHz
2024-07-01 15:13:14,513 - INFO - Appended data for frequency 462 GHz
2024-07-01 15:13:15,815 - INFO - Appended data for frequency 463 GHz
2024-07-01 15:13:17,117 - INFO - Appended data for frequency 464 GHz
2024-07-01 15:13:18,415 - INFO - Appended data for frequency 465 GHz
2024-07-01 15:13:19,722 - INFO - Appended data for frequency 466 GHz
2024-07-01 15:13:21,027 - INFO - Appended data for frequency 467 GHz
2024-07-01 15:13:22,332 - INFO - Appended data for frequency 468 GHz
2024-07-01 15:13:23,647 - INFO - Appended data for frequency 469 GHz
2024-07-01 15:13:24,955 - INFO - Appended data for frequency 470 GHz
2024-07-01 15:13:26,263 - INFO - Appended data for frequency 471 GHz
2024-07-01 15:13:27,563 - INFO - Appended data for frequency 472 GHz
2024-07-01 15:13:28,861 - INFO - Appended data for frequency 473 GHz
2024-07-01 15:13:30,164 - INFO - Appended data for frequency 474 GHz
2024-07-01 15:13:31,479 - INFO - Appended data for frequency 475 GHz
2024-07-01 15:13:32,777 - INFO - Appended data for frequency 476 GHz
2024-07-01 15:13:34,083 - INFO - Appended data for frequency 477 GHz
2024-07-01 15:13:35,393 - INFO - Appended data for frequency 478 GHz
2024-07-01 15:13:36,699 - INFO - Appended data for frequency 479 GHz
2024-07-01 15:13:38,008 - INFO - Appended data for frequency 480 GHz
2024-07-01 15:13:39,313 - INFO - Appended data for frequency 481 GHz
2024-07-01 15:13:40,621 - INFO - Appended data for frequency 482 GHz
2024-07-01 15:13:41,922 - INFO - Appended data for frequency 483 GHz
2024-07-01 15:13:43,213 - INFO - Appended data for frequency 484 GHz
2024-07-01 15:13:44,531 - INFO - Appended data for frequency 485 GHz
2024-07-01 15:13:45,832 - INFO - Appended data for frequency 486 GHz
2024-07-01 15:13:47,148 - INFO - Appended data for frequency 487 GHz
2024-07-01 15:13:48,457 - INFO - Appended data for frequency 488 GHz
2024-07-01 15:13:49,759 - INFO - Appended data for frequency 489 GHz
2024-07-01 15:13:51,072 - INFO - Appended data for frequency 490 GHz
2024-07-01 15:13:52,372 - INFO - Appended data for frequency 491 GHz
2024-07-01 15:13:53,679 - INFO - Appended data for frequency 492 GHz
2024-07-01 15:13:54,987 - INFO - Appended data for frequency 493 GHz
2024-07-01 15:13:56,295 - INFO - Appended data for frequency 494 GHz
2024-07-01 15:13:57,607 - INFO - Appended data for frequency 495 GHz
2024-07-01 15:13:58,903 - INFO - Appended data for frequency 496 GHz
2024-07-01 15:14:00,198 - INFO - Appended data for frequency 497 GHz
2024-07-01 15:14:01,505 - INFO - Appended data for frequency 498 GHz
2024-07-01 15:14:02,822 - INFO - Appended data for frequency 499 GHz
2024-07-01 15:14:04,136 - INFO - Appended data for frequency 500 GHz
2024-07-01 15:14:05,431 - INFO - Appended data for frequency 501 GHz
2024-07-01 15:14:06,729 - INFO - Appended data for frequency 502 GHz
2024-07-01 15:14:08,029 - INFO - Appended data for frequency 503 GHz
2024-07-01 15:14:09,344 - INFO - Appended data for frequency 504 GHz
2024-07-01 15:14:10,660 - INFO - Appended data for frequency 505 GHz
2024-07-01 15:14:11,962 - INFO - Appended data for frequency 506 GHz
2024-07-01 15:14:13,264 - INFO - Appended data for frequency 507 GHz
2024-07-01 15:14:14,578 - INFO - Appended data for frequency 508 GHz
2024-07-01 15:14:15,876 - INFO - Appended data for frequency 509 GHz
2024-07-01 15:14:17,181 - INFO - Appended data for frequency 510 GHz
2024-07-01 15:14:18,493 - INFO - Appended data for frequency 511 GHz
2024-07-01 15:14:19,803 - INFO - Appended data for frequency 512 GHz
2024-07-01 15:14:21,109 - INFO - Appended data for frequency 513 GHz
2024-07-01 15:14:22,419 - INFO - Appended data for frequency 514 GHz
2024-07-01 15:14:23,727 - INFO - Appended data for frequency 515 GHz
2024-07-01 15:14:25,029 - INFO - Appended data for frequency 516 GHz
2024-07-01 15:14:26,333 - INFO - Appended data for frequency 517 GHz
2024-07-01 15:14:27,649 - INFO - Appended data for frequency 518 GHz
2024-07-01 15:14:28,957 - INFO - Appended data for frequency 519 GHz
2024-07-01 15:14:30,267 - INFO - Appended data for frequency 520 GHz
2024-07-01 15:14:31,559 - INFO - Appended data for frequency 521 GHz
2024-07-01 15:14:32,871 - INFO - Appended data for frequency 522 GHz
2024-07-01 15:14:34,174 - INFO - Appended data for frequency 523 GHz
2024-07-01 15:14:35,470 - INFO - Appended data for frequency 524 GHz
2024-07-01 15:14:36,778 - INFO - Appended data for frequency 525 GHz
2024-07-01 15:14:38,075 - INFO - Appended data for frequency 526 GHz
2024-07-01 15:14:39,375 - INFO - Appended data for frequency 527 GHz
2024-07-01 15:14:40,675 - INFO - Appended data for frequency 528 GHz
2024-07-01 15:14:41,983 - INFO - Appended data for frequency 529 GHz
2024-07-01 15:14:43,288 - INFO - Appended data for frequency 530 GHz
2024-07-01 15:14:44,600 - INFO - Appended data for frequency 531 GHz
2024-07-01 15:14:45,911 - INFO - Appended data for frequency 532 GHz
2024-07-01 15:14:47,215 - INFO - Appended data for frequency 533 GHz
2024-07-01 15:14:48,528 - INFO - Appended data for frequency 534 GHz
2024-07-01 15:14:49,831 - INFO - Appended data for frequency 535 GHz
2024-07-01 15:14:51,128 - INFO - Appended data for frequency 536 GHz
2024-07-01 15:14:52,442 - INFO - Appended data for frequency 537 GHz
2024-07-01 15:14:53,745 - INFO - Appended data for frequency 538 GHz
2024-07-01 15:14:55,050 - INFO - Appended data for frequency 539 GHz
2024-07-01 15:14:56,350 - INFO - Appended data for frequency 540 GHz
2024-07-01 15:14:57,656 - INFO - Appended data for frequency 541 GHz
2024-07-01 15:14:58,954 - INFO - Appended data for frequency 542 GHz
2024-07-01 15:15:00,264 - INFO - Appended data for frequency 543 GHz
2024-07-01 15:15:01,581 - INFO - Appended data for frequency 544 GHz
2024-07-01 15:15:02,892 - INFO - Appended data for frequency 545 GHz
2024-07-01 15:15:04,196 - INFO - Appended data for frequency 546 GHz
2024-07-01 15:15:05,492 - INFO - Appended data for frequency 547 GHz
2024-07-01 15:15:06,804 - INFO - Appended data for frequency 548 GHz
2024-07-01 15:15:08,113 - INFO - Appended data for frequency 549 GHz
2024-07-01 15:15:09,418 - INFO - Appended data for frequency 550 GHz
2024-07-01 15:15:10,731 - INFO - Appended data for frequency 551 GHz
2024-07-01 15:15:12,038 - INFO - Appended data for frequency 552 GHz
2024-07-01 15:15:13,335 - INFO - Appended data for frequency 553 GHz
2024-07-01 15:15:14,645 - INFO - Appended data for frequency 554 GHz
2024-07-01 15:15:15,954 - INFO - Appended data for frequency 555 GHz
2024-07-01 15:15:17,258 - INFO - Appended data for frequency 556 GHz
2024-07-01 15:15:18,564 - INFO - Appended data for frequency 557 GHz
2024-07-01 15:15:19,862 - INFO - Appended data for frequency 558 GHz
2024-07-01 15:15:21,165 - INFO - Appended data for frequency 559 GHz
2024-07-01 15:15:22,470 - INFO - Appended data for frequency 560 GHz
2024-07-01 15:15:23,773 - INFO - Appended data for frequency 561 GHz
2024-07-01 15:15:25,079 - INFO - Appended data for frequency 562 GHz
2024-07-01 15:15:26,386 - INFO - Appended data for frequency 563 GHz
2024-07-01 15:15:27,693 - INFO - Appended data for frequency 564 GHz
2024-07-01 15:15:29,006 - INFO - Appended data for frequency 565 GHz
2024-07-01 15:15:30,315 - INFO - Appended data for frequency 566 GHz
2024-07-01 15:15:31,620 - INFO - Appended data for frequency 567 GHz
2024-07-01 15:15:32,927 - INFO - Appended data for frequency 568 GHz
2024-07-01 15:15:34,238 - INFO - Appended data for frequency 569 GHz
2024-07-01 15:15:35,532 - INFO - Appended data for frequency 570 GHz
2024-07-01 15:15:36,848 - INFO - Appended data for frequency 571 GHz
2024-07-01 15:15:38,147 - INFO - Appended data for frequency 572 GHz
2024-07-01 15:15:39,448 - INFO - Appended data for frequency 573 GHz
2024-07-01 15:15:40,753 - INFO - Appended data for frequency 574 GHz
2024-07-01 15:15:42,059 - INFO - Appended data for frequency 575 GHz
2024-07-01 15:15:43,361 - INFO - Appended data for frequency 576 GHz
2024-07-01 15:15:44,666 - INFO - Appended data for frequency 577 GHz
2024-07-01 15:15:45,964 - INFO - Appended data for frequency 578 GHz
2024-07-01 15:15:47,267 - INFO - Appended data for frequency 579 GHz
2024-07-01 15:15:48,567 - INFO - Appended data for frequency 580 GHz
2024-07-01 15:15:49,887 - INFO - Appended data for frequency 581 GHz
2024-07-01 15:15:51,202 - INFO - Appended data for frequency 582 GHz
2024-07-01 15:15:52,501 - INFO - Appended data for frequency 583 GHz
2024-07-01 15:15:53,814 - INFO - Appended data for frequency 584 GHz
2024-07-01 15:15:55,131 - INFO - Appended data for frequency 585 GHz
2024-07-01 15:15:56,439 - INFO - Appended data for frequency 586 GHz
2024-07-01 15:15:57,744 - INFO - Appended data for frequency 587 GHz
2024-07-01 15:15:59,040 - INFO - Appended data for frequency 588 GHz
2024-07-01 15:16:00,337 - INFO - Appended data for frequency 589 GHz
2024-07-01 15:16:01,640 - INFO - Appended data for frequency 590 GHz
2024-07-01 15:16:02,948 - INFO - Appended data for frequency 591 GHz
2024-07-01 15:16:04,240 - INFO - Appended data for frequency 592 GHz
2024-07-01 15:16:05,550 - INFO - Appended data for frequency 593 GHz
2024-07-01 15:16:06,843 - INFO - Appended data for frequency 594 GHz
2024-07-01 15:16:08,154 - INFO - Appended data for frequency 595 GHz
2024-07-01 15:16:09,464 - INFO - Appended data for frequency 596 GHz
2024-07-01 15:16:10,779 - INFO - Appended data for frequency 597 GHz
2024-07-01 15:16:12,087 - INFO - Appended data for frequency 598 GHz
2024-07-01 15:16:13,392 - INFO - Appended data for frequency 599 GHz
2024-07-01 15:16:14,692 - INFO - Appended data for frequency 600 GHz
2024-07-01 15:16:14,696 - INFO - DATA ACQUISITION COMPLETE
2024-07-01 15:16:14,720 - INFO - The data has been saved to ../Data/Add_Mirrors/Tables/f_vs_vlockin_Mirrors.csv, previous file may have been overwritten.
2024-07-01 15:16:15,216 - INFO - The data has been saved to ../Data/Add_Mirrors/Plots/f_vs_vlockin_Mirrors.png, previous file may have been overwritten.
2024-07-01 15:16:16,496 - INFO - PROWLS did NOT power down
2024-07-01 15:16:16,503 - INFO - Current DLC Smart Bias Amplitude (V): 0.800018310546875
2024-07-01 15:16:16,510 - INFO - Current DLC Smart Bias Offset (V): -0.30002441704309607
2024-07-01 15:16:16,517 - INFO - Lasers on: True
2024-07-01 15:16:16,526 - ERROR - No such comm target registered: jupyter.widget.control
2024-07-01 15:16:16,529 - WARNING - No such comm: 1a1bf2f8-4c38-4e84-8c0f-f73537e68974
