2024-07-01 15:23:08,126 - INFO - Connected to: Stanford_Research_Systems,SR830,s/n46458,ver1.07 

2024-07-01 15:23:09,193 - INFO - Connected to: DLCsmartTHz
2024-07-01 15:23:09,194 - INFO - Current User Level: 2
2024-07-01 15:23:10,264 - INFO - Lasers on: True
2024-07-01 15:23:16,369 - INFO - Current DLC Smart Bias Amplitude (V): 0.800018310546875
2024-07-01 15:23:16,381 - INFO - Current DLC Smart Bias Offset (V): -0.30002441704309607
2024-07-01 15:23:16,389 - INFO - Current DLC Smart Bias Frequency (Hz): 1000
2024-07-01 15:23:22,473 - INFO - Current DLC Smart Frequency (GHz): 599.9985301567358
2024-07-01 15:23:23,193 - INFO - Current Lock-in Sensitivity setting: 17

2024-07-01 15:23:23,209 - INFO - Current Time Constant: 8

2024-07-01 15:23:23,215 - INFO - Current Low Pass Filter: 0

2024-07-01 15:23:23,227 - INFO - Current Lock-in Bias Frequency (Hz): 1000

2024-07-01 15:23:23,240 - INFO - Waiting the 10 second warm-up time
2024-07-01 15:23:33,281 - INFO - Frequency Scan Range (GHz):70-600
2024-07-01 15:23:33,282 - INFO - Frequency Increment (GHz): 1
2024-07-01 15:23:33,282 - INFO - Frequency Tolerance (GHz): 0.1
2024-07-01 15:23:33,283 - INFO - BEGINNING DATA ACQUISITION
2024-07-01 15:23:34,355 - INFO - Appended data for frequency 70 GHz
2024-07-01 15:23:35,874 - INFO - Appended data for frequency 71 GHz
2024-07-01 15:23:37,316 - INFO - Appended data for frequency 72 GHz
2024-07-01 15:23:38,701 - INFO - Appended data for frequency 73 GHz
2024-07-01 15:23:40,048 - INFO - Appended data for frequency 74 GHz
2024-07-01 15:23:41,367 - INFO - Appended data for frequency 75 GHz
2024-07-01 15:23:42,709 - INFO - Appended data for frequency 76 GHz
2024-07-01 15:23:44,037 - INFO - Appended data for frequency 77 GHz
2024-07-01 15:23:45,352 - INFO - Appended data for frequency 78 GHz
2024-07-01 15:23:46,681 - INFO - Appended data for frequency 79 GHz
2024-07-01 15:23:48,005 - INFO - Appended data for frequency 80 GHz
2024-07-01 15:23:49,315 - INFO - Appended data for frequency 81 GHz
2024-07-01 15:23:50,628 - INFO - Appended data for frequency 82 GHz
2024-07-01 15:23:51,928 - INFO - Appended data for frequency 83 GHz
2024-07-01 15:23:53,248 - INFO - Appended data for frequency 84 GHz
2024-07-01 15:23:54,559 - INFO - Appended data for frequency 85 GHz
2024-07-01 15:23:55,860 - INFO - Appended data for frequency 86 GHz
2024-07-01 15:23:57,166 - INFO - Appended data for frequency 87 GHz
2024-07-01 15:23:58,468 - INFO - Appended data for frequency 88 GHz
2024-07-01 15:23:59,780 - INFO - Appended data for frequency 89 GHz
2024-07-01 15:24:01,096 - INFO - Appended data for frequency 90 GHz
2024-07-01 15:24:02,389 - INFO - Appended data for frequency 91 GHz
2024-07-01 15:24:03,698 - INFO - Appended data for frequency 92 GHz
2024-07-01 15:24:04,991 - INFO - Appended data for frequency 93 GHz
2024-07-01 15:24:06,303 - INFO - Appended data for frequency 94 GHz
2024-07-01 15:24:07,608 - INFO - Appended data for frequency 95 GHz
2024-07-01 15:24:08,931 - INFO - Appended data for frequency 96 GHz
2024-07-01 15:24:10,239 - INFO - Appended data for frequency 97 GHz
2024-07-01 15:24:11,541 - INFO - Appended data for frequency 98 GHz
2024-07-01 15:24:12,836 - INFO - Appended data for frequency 99 GHz
2024-07-01 15:24:14,132 - INFO - Appended data for frequency 100 GHz
2024-07-01 15:24:15,440 - INFO - Appended data for frequency 101 GHz
2024-07-01 15:24:16,744 - INFO - Appended data for frequency 102 GHz
2024-07-01 15:24:18,033 - INFO - Appended data for frequency 103 GHz
2024-07-01 15:24:19,332 - INFO - Appended data for frequency 104 GHz
2024-07-01 15:24:20,628 - INFO - Appended data for frequency 105 GHz
2024-07-01 15:24:21,927 - INFO - Appended data for frequency 106 GHz
2024-07-01 15:24:23,222 - INFO - Appended data for frequency 107 GHz
2024-07-01 15:24:24,517 - INFO - Appended data for frequency 108 GHz
2024-07-01 15:24:25,831 - INFO - Appended data for frequency 109 GHz
2024-07-01 15:24:27,138 - INFO - Appended data for frequency 110 GHz
2024-07-01 15:24:28,449 - INFO - Appended data for frequency 111 GHz
2024-07-01 15:24:29,747 - INFO - Appended data for frequency 112 GHz
2024-07-01 15:24:31,067 - INFO - Appended data for frequency 113 GHz
2024-07-01 15:24:32,371 - INFO - Appended data for frequency 114 GHz
2024-07-01 15:24:33,682 - INFO - Appended data for frequency 115 GHz
2024-07-01 15:24:34,984 - INFO - Appended data for frequency 116 GHz
2024-07-01 15:24:36,298 - INFO - Appended data for frequency 117 GHz
2024-07-01 15:24:37,607 - INFO - Appended data for frequency 118 GHz
2024-07-01 15:24:38,900 - INFO - Appended data for frequency 119 GHz
2024-07-01 15:24:40,188 - INFO - Appended data for frequency 120 GHz
2024-07-01 15:24:41,490 - INFO - Appended data for frequency 121 GHz
2024-07-01 15:24:42,791 - INFO - Appended data for frequency 122 GHz
2024-07-01 15:24:44,097 - INFO - Appended data for frequency 123 GHz
2024-07-01 15:24:45,396 - INFO - Appended data for frequency 124 GHz
2024-07-01 15:24:46,705 - INFO - Appended data for frequency 125 GHz
2024-07-01 15:24:48,021 - INFO - Appended data for frequency 126 GHz
2024-07-01 15:24:49,327 - INFO - Appended data for frequency 127 GHz
2024-07-01 15:24:50,624 - INFO - Appended data for frequency 128 GHz
2024-07-01 15:24:51,952 - INFO - Appended data for frequency 129 GHz
2024-07-01 15:24:53,250 - INFO - Appended data for frequency 130 GHz
2024-07-01 15:24:54,547 - INFO - Appended data for frequency 131 GHz
2024-07-01 15:24:55,858 - INFO - Appended data for frequency 132 GHz
2024-07-01 15:24:57,175 - INFO - Appended data for frequency 133 GHz
2024-07-01 15:24:58,480 - INFO - Appended data for frequency 134 GHz
2024-07-01 15:24:59,786 - INFO - Appended data for frequency 135 GHz
2024-07-01 15:25:01,088 - INFO - Appended data for frequency 136 GHz
2024-07-01 15:25:02,410 - INFO - Appended data for frequency 137 GHz
2024-07-01 15:25:03,723 - INFO - Appended data for frequency 138 GHz
2024-07-01 15:25:05,030 - INFO - Appended data for frequency 139 GHz
2024-07-01 15:25:06,336 - INFO - Appended data for frequency 140 GHz
2024-07-01 15:25:07,634 - INFO - Appended data for frequency 141 GHz
2024-07-01 15:25:08,929 - INFO - Appended data for frequency 142 GHz
2024-07-01 15:25:10,238 - INFO - Appended data for frequency 143 GHz
2024-07-01 15:25:11,543 - INFO - Appended data for frequency 144 GHz
2024-07-01 15:25:12,849 - INFO - Appended data for frequency 145 GHz
2024-07-01 15:25:14,161 - INFO - Appended data for frequency 146 GHz
2024-07-01 15:25:15,468 - INFO - Appended data for frequency 147 GHz
2024-07-01 15:25:16,764 - INFO - Appended data for frequency 148 GHz
2024-07-01 15:25:18,073 - INFO - Appended data for frequency 149 GHz
2024-07-01 15:25:19,366 - INFO - Appended data for frequency 150 GHz
2024-07-01 15:25:20,683 - INFO - Appended data for frequency 151 GHz
2024-07-01 15:25:21,985 - INFO - Appended data for frequency 152 GHz
2024-07-01 15:25:23,288 - INFO - Appended data for frequency 153 GHz
2024-07-01 15:25:24,591 - INFO - Appended data for frequency 154 GHz
2024-07-01 15:25:25,904 - INFO - Appended data for frequency 155 GHz
2024-07-01 15:25:27,210 - INFO - Appended data for frequency 156 GHz
2024-07-01 15:25:28,533 - INFO - Appended data for frequency 157 GHz
2024-07-01 15:25:29,833 - INFO - Appended data for frequency 158 GHz
2024-07-01 15:25:31,140 - INFO - Appended data for frequency 159 GHz
2024-07-01 15:25:32,447 - INFO - Appended data for frequency 160 GHz
2024-07-01 15:25:33,755 - INFO - Appended data for frequency 161 GHz
2024-07-01 15:25:35,074 - INFO - Appended data for frequency 162 GHz
2024-07-01 15:25:36,368 - INFO - Appended data for frequency 163 GHz
2024-07-01 15:25:37,654 - INFO - Appended data for frequency 164 GHz
2024-07-01 15:25:38,952 - INFO - Appended data for frequency 165 GHz
2024-07-01 15:25:40,254 - INFO - Appended data for frequency 166 GHz
2024-07-01 15:25:41,564 - INFO - Appended data for frequency 167 GHz
2024-07-01 15:25:42,865 - INFO - Appended data for frequency 168 GHz
2024-07-01 15:25:44,178 - INFO - Appended data for frequency 169 GHz
2024-07-01 15:25:45,489 - INFO - Appended data for frequency 170 GHz
2024-07-01 15:25:46,798 - INFO - Appended data for frequency 171 GHz
2024-07-01 15:25:48,097 - INFO - Appended data for frequency 172 GHz
2024-07-01 15:25:49,432 - INFO - Appended data for frequency 173 GHz
2024-07-01 15:25:50,732 - INFO - Appended data for frequency 174 GHz
2024-07-01 15:25:52,038 - INFO - Appended data for frequency 175 GHz
2024-07-01 15:25:53,338 - INFO - Appended data for frequency 176 GHz
2024-07-01 15:25:54,619 - INFO - Appended data for frequency 177 GHz
2024-07-01 15:25:55,938 - INFO - Appended data for frequency 178 GHz
2024-07-01 15:25:57,251 - INFO - Appended data for frequency 179 GHz
2024-07-01 15:25:58,558 - INFO - Appended data for frequency 180 GHz
2024-07-01 15:25:59,874 - INFO - Appended data for frequency 181 GHz
2024-07-01 15:26:01,170 - INFO - Appended data for frequency 182 GHz
2024-07-01 15:26:02,472 - INFO - Appended data for frequency 183 GHz
2024-07-01 15:26:03,770 - INFO - Appended data for frequency 184 GHz
2024-07-01 15:26:05,078 - INFO - Appended data for frequency 185 GHz
2024-07-01 15:26:06,399 - INFO - Appended data for frequency 186 GHz
2024-07-01 15:26:07,711 - INFO - Appended data for frequency 187 GHz
2024-07-01 15:26:09,005 - INFO - Appended data for frequency 188 GHz
2024-07-01 15:26:10,314 - INFO - Appended data for frequency 189 GHz
2024-07-01 15:26:11,611 - INFO - Appended data for frequency 190 GHz
2024-07-01 15:26:12,923 - INFO - Appended data for frequency 191 GHz
2024-07-01 15:26:14,227 - INFO - Appended data for frequency 192 GHz
2024-07-01 15:26:15,503 - INFO - Appended data for frequency 193 GHz
2024-07-01 15:26:16,807 - INFO - Appended data for frequency 194 GHz
2024-07-01 15:26:18,102 - INFO - Appended data for frequency 195 GHz
2024-07-01 15:26:19,398 - INFO - Appended data for frequency 196 GHz
2024-07-01 15:26:20,700 - INFO - Appended data for frequency 197 GHz
2024-07-01 15:26:21,999 - INFO - Appended data for frequency 198 GHz
2024-07-01 15:26:23,307 - INFO - Appended data for frequency 199 GHz
2024-07-01 15:26:24,629 - INFO - Appended data for frequency 200 GHz
2024-07-01 15:26:25,931 - INFO - Appended data for frequency 201 GHz
2024-07-01 15:26:27,243 - INFO - Appended data for frequency 202 GHz
2024-07-01 15:26:28,538 - INFO - Appended data for frequency 203 GHz
2024-07-01 15:26:29,840 - INFO - Appended data for frequency 204 GHz
2024-07-01 15:26:31,142 - INFO - Appended data for frequency 205 GHz
2024-07-01 15:26:32,434 - INFO - Appended data for frequency 206 GHz
2024-07-01 15:26:33,732 - INFO - Appended data for frequency 207 GHz
2024-07-01 15:26:35,024 - INFO - Appended data for frequency 208 GHz
2024-07-01 15:26:36,334 - INFO - Appended data for frequency 209 GHz
2024-07-01 15:26:37,656 - INFO - Appended data for frequency 210 GHz
2024-07-01 15:26:38,961 - INFO - Appended data for frequency 211 GHz
2024-07-01 15:26:40,258 - INFO - Appended data for frequency 212 GHz
2024-07-01 15:26:41,548 - INFO - Appended data for frequency 213 GHz
2024-07-01 15:26:42,839 - INFO - Appended data for frequency 214 GHz
2024-07-01 15:26:44,146 - INFO - Appended data for frequency 215 GHz
2024-07-01 15:26:45,434 - INFO - Appended data for frequency 216 GHz
2024-07-01 15:26:46,735 - INFO - Appended data for frequency 217 GHz
2024-07-01 15:26:48,043 - INFO - Appended data for frequency 218 GHz
2024-07-01 15:26:49,329 - INFO - Appended data for frequency 219 GHz
2024-07-01 15:26:50,627 - INFO - Appended data for frequency 220 GHz
2024-07-01 15:26:51,941 - INFO - Appended data for frequency 221 GHz
2024-07-01 15:26:53,240 - INFO - Appended data for frequency 222 GHz
2024-07-01 15:26:54,555 - INFO - Appended data for frequency 223 GHz
2024-07-01 15:26:55,862 - INFO - Appended data for frequency 224 GHz
2024-07-01 15:26:57,185 - INFO - Appended data for frequency 225 GHz
2024-07-01 15:26:58,475 - INFO - Appended data for frequency 226 GHz
2024-07-01 15:26:59,784 - INFO - Appended data for frequency 227 GHz
2024-07-01 15:27:01,070 - INFO - Appended data for frequency 228 GHz
2024-07-01 15:27:02,390 - INFO - Appended data for frequency 229 GHz
2024-07-01 15:27:03,683 - INFO - Appended data for frequency 230 GHz
2024-07-01 15:27:04,979 - INFO - Appended data for frequency 231 GHz
2024-07-01 15:27:06,280 - INFO - Appended data for frequency 232 GHz
2024-07-01 15:27:07,577 - INFO - Appended data for frequency 233 GHz
2024-07-01 15:27:08,879 - INFO - Appended data for frequency 234 GHz
2024-07-01 15:27:10,197 - INFO - Appended data for frequency 235 GHz
2024-07-01 15:27:11,503 - INFO - Appended data for frequency 236 GHz
2024-07-01 15:27:12,815 - INFO - Appended data for frequency 237 GHz
2024-07-01 15:27:14,108 - INFO - Appended data for frequency 238 GHz
2024-07-01 15:27:15,416 - INFO - Appended data for frequency 239 GHz
2024-07-01 15:27:16,717 - INFO - Appended data for frequency 240 GHz
2024-07-01 15:27:18,028 - INFO - Appended data for frequency 241 GHz
2024-07-01 15:27:19,328 - INFO - Appended data for frequency 242 GHz
2024-07-01 15:27:20,635 - INFO - Appended data for frequency 243 GHz
2024-07-01 15:27:21,933 - INFO - Appended data for frequency 244 GHz
2024-07-01 15:27:23,229 - INFO - Appended data for frequency 245 GHz
2024-07-01 15:27:24,533 - INFO - Appended data for frequency 246 GHz
2024-07-01 15:27:25,835 - INFO - Appended data for frequency 247 GHz
2024-07-01 15:27:27,141 - INFO - Appended data for frequency 248 GHz
2024-07-01 15:27:28,423 - INFO - Appended data for frequency 249 GHz
2024-07-01 15:27:29,726 - INFO - Appended data for frequency 250 GHz
2024-07-01 15:27:31,028 - INFO - Appended data for frequency 251 GHz
2024-07-01 15:27:32,334 - INFO - Appended data for frequency 252 GHz
2024-07-01 15:27:33,644 - INFO - Appended data for frequency 253 GHz
2024-07-01 15:27:34,940 - INFO - Appended data for frequency 254 GHz
2024-07-01 15:27:36,246 - INFO - Appended data for frequency 255 GHz
2024-07-01 15:27:37,540 - INFO - Appended data for frequency 256 GHz
2024-07-01 15:27:38,840 - INFO - Appended data for frequency 257 GHz
2024-07-01 15:27:40,152 - INFO - Appended data for frequency 258 GHz
2024-07-01 15:27:41,455 - INFO - Appended data for frequency 259 GHz
2024-07-01 15:27:42,764 - INFO - Appended data for frequency 260 GHz
2024-07-01 15:27:44,067 - INFO - Appended data for frequency 261 GHz
2024-07-01 15:27:45,379 - INFO - Appended data for frequency 262 GHz
2024-07-01 15:27:46,678 - INFO - Appended data for frequency 263 GHz
2024-07-01 15:27:47,983 - INFO - Appended data for frequency 264 GHz
2024-07-01 15:27:49,289 - INFO - Appended data for frequency 265 GHz
2024-07-01 15:27:50,594 - INFO - Appended data for frequency 266 GHz
2024-07-01 15:27:51,888 - INFO - Appended data for frequency 267 GHz
2024-07-01 15:27:53,202 - INFO - Appended data for frequency 268 GHz
2024-07-01 15:27:54,518 - INFO - Appended data for frequency 269 GHz
2024-07-01 15:27:55,825 - INFO - Appended data for frequency 270 GHz
2024-07-01 15:27:57,127 - INFO - Appended data for frequency 271 GHz
2024-07-01 15:27:58,442 - INFO - Appended data for frequency 272 GHz
2024-07-01 15:27:59,739 - INFO - Appended data for frequency 273 GHz
2024-07-01 15:28:01,044 - INFO - Appended data for frequency 274 GHz
2024-07-01 15:28:02,350 - INFO - Appended data for frequency 275 GHz
2024-07-01 15:28:03,658 - INFO - Appended data for frequency 276 GHz
2024-07-01 15:28:04,956 - INFO - Appended data for frequency 277 GHz
2024-07-01 15:28:06,260 - INFO - Appended data for frequency 278 GHz
2024-07-01 15:28:07,561 - INFO - Appended data for frequency 279 GHz
2024-07-01 15:28:08,861 - INFO - Appended data for frequency 280 GHz
2024-07-01 15:28:10,183 - INFO - Appended data for frequency 281 GHz
2024-07-01 15:28:11,470 - INFO - Appended data for frequency 282 GHz
2024-07-01 15:28:12,783 - INFO - Appended data for frequency 283 GHz
2024-07-01 15:28:14,084 - INFO - Appended data for frequency 284 GHz
2024-07-01 15:28:15,391 - INFO - Appended data for frequency 285 GHz
2024-07-01 15:28:16,703 - INFO - Appended data for frequency 286 GHz
2024-07-01 15:28:18,019 - INFO - Appended data for frequency 287 GHz
2024-07-01 15:28:19,336 - INFO - Appended data for frequency 288 GHz
2024-07-01 15:28:20,642 - INFO - Appended data for frequency 289 GHz
2024-07-01 15:28:21,945 - INFO - Appended data for frequency 290 GHz
2024-07-01 15:28:23,244 - INFO - Appended data for frequency 291 GHz
2024-07-01 15:28:24,556 - INFO - Appended data for frequency 292 GHz
2024-07-01 15:28:25,876 - INFO - Appended data for frequency 293 GHz
2024-07-01 15:28:27,189 - INFO - Appended data for frequency 294 GHz
2024-07-01 15:28:28,488 - INFO - Appended data for frequency 295 GHz
2024-07-01 15:28:29,789 - INFO - Appended data for frequency 296 GHz
2024-07-01 15:28:31,091 - INFO - Appended data for frequency 297 GHz
2024-07-01 15:28:32,397 - INFO - Appended data for frequency 298 GHz
2024-07-01 15:28:33,713 - INFO - Appended data for frequency 299 GHz
2024-07-01 15:28:35,024 - INFO - Appended data for frequency 300 GHz
2024-07-01 15:28:36,323 - INFO - Appended data for frequency 301 GHz
2024-07-01 15:28:37,634 - INFO - Appended data for frequency 302 GHz
2024-07-01 15:28:38,933 - INFO - Appended data for frequency 303 GHz
2024-07-01 15:28:40,241 - INFO - Appended data for frequency 304 GHz
2024-07-01 15:28:41,554 - INFO - Appended data for frequency 305 GHz
2024-07-01 15:28:42,860 - INFO - Appended data for frequency 306 GHz
2024-07-01 15:28:44,166 - INFO - Appended data for frequency 307 GHz
2024-07-01 15:28:45,473 - INFO - Appended data for frequency 308 GHz
2024-07-01 15:28:46,770 - INFO - Appended data for frequency 309 GHz
2024-07-01 15:28:48,085 - INFO - Appended data for frequency 310 GHz
2024-07-01 15:28:49,382 - INFO - Appended data for frequency 311 GHz
2024-07-01 15:28:50,684 - INFO - Appended data for frequency 312 GHz
2024-07-01 15:28:51,983 - INFO - Appended data for frequency 313 GHz
2024-07-01 15:28:53,287 - INFO - Appended data for frequency 314 GHz
2024-07-01 15:28:54,607 - INFO - Appended data for frequency 315 GHz
2024-07-01 15:28:55,922 - INFO - Appended data for frequency 316 GHz
2024-07-01 15:28:57,226 - INFO - Appended data for frequency 317 GHz
2024-07-01 15:28:58,525 - INFO - Appended data for frequency 318 GHz
2024-07-01 15:28:59,835 - INFO - Appended data for frequency 319 GHz
2024-07-01 15:29:01,143 - INFO - Appended data for frequency 320 GHz
2024-07-01 15:29:02,440 - INFO - Appended data for frequency 321 GHz
2024-07-01 15:29:03,725 - INFO - Appended data for frequency 322 GHz
2024-07-01 15:29:05,040 - INFO - Appended data for frequency 323 GHz
2024-07-01 15:29:06,341 - INFO - Appended data for frequency 324 GHz
2024-07-01 15:29:07,653 - INFO - Appended data for frequency 325 GHz
2024-07-01 15:29:08,961 - INFO - Appended data for frequency 326 GHz
2024-07-01 15:29:10,265 - INFO - Appended data for frequency 327 GHz
2024-07-01 15:29:11,567 - INFO - Appended data for frequency 328 GHz
2024-07-01 15:29:12,891 - INFO - Appended data for frequency 329 GHz
2024-07-01 15:29:14,191 - INFO - Appended data for frequency 330 GHz
2024-07-01 15:29:15,499 - INFO - Appended data for frequency 331 GHz
2024-07-01 15:29:16,817 - INFO - Appended data for frequency 332 GHz
2024-07-01 15:29:18,115 - INFO - Appended data for frequency 333 GHz
2024-07-01 15:29:19,423 - INFO - Appended data for frequency 334 GHz
2024-07-01 15:29:20,740 - INFO - Appended data for frequency 335 GHz
2024-07-01 15:29:22,050 - INFO - Appended data for frequency 336 GHz
2024-07-01 15:29:23,347 - INFO - Appended data for frequency 337 GHz
2024-07-01 15:29:24,662 - INFO - Appended data for frequency 338 GHz
2024-07-01 15:29:25,961 - INFO - Appended data for frequency 339 GHz
2024-07-01 15:29:27,265 - INFO - Appended data for frequency 340 GHz
2024-07-01 15:29:28,572 - INFO - Appended data for frequency 341 GHz
2024-07-01 15:29:29,872 - INFO - Appended data for frequency 342 GHz
2024-07-01 15:29:31,188 - INFO - Appended data for frequency 343 GHz
2024-07-01 15:29:32,497 - INFO - Appended data for frequency 344 GHz
2024-07-01 15:29:33,807 - INFO - Appended data for frequency 345 GHz
2024-07-01 15:29:35,122 - INFO - Appended data for frequency 346 GHz
2024-07-01 15:29:36,429 - INFO - Appended data for frequency 347 GHz
2024-07-01 15:29:37,737 - INFO - Appended data for frequency 348 GHz
2024-07-01 15:29:39,041 - INFO - Appended data for frequency 349 GHz
2024-07-01 15:29:40,346 - INFO - Appended data for frequency 350 GHz
2024-07-01 15:29:41,656 - INFO - Appended data for frequency 351 GHz
2024-07-01 15:29:42,958 - INFO - Appended data for frequency 352 GHz
2024-07-01 15:29:44,251 - INFO - Appended data for frequency 353 GHz
2024-07-01 15:29:45,557 - INFO - Appended data for frequency 354 GHz
2024-07-01 15:29:46,862 - INFO - Appended data for frequency 355 GHz
2024-07-01 15:29:48,175 - INFO - Appended data for frequency 356 GHz
2024-07-01 15:29:49,487 - INFO - Appended data for frequency 357 GHz
2024-07-01 15:29:50,799 - INFO - Appended data for frequency 358 GHz
2024-07-01 15:29:52,105 - INFO - Appended data for frequency 359 GHz
2024-07-01 15:29:53,411 - INFO - Appended data for frequency 360 GHz
2024-07-01 15:29:54,708 - INFO - Appended data for frequency 361 GHz
2024-07-01 15:29:56,011 - INFO - Appended data for frequency 362 GHz
2024-07-01 15:29:57,315 - INFO - Appended data for frequency 363 GHz
2024-07-01 15:29:58,620 - INFO - Appended data for frequency 364 GHz
2024-07-01 15:29:59,928 - INFO - Appended data for frequency 365 GHz
2024-07-01 15:30:01,242 - INFO - Appended data for frequency 366 GHz
2024-07-01 15:30:02,549 - INFO - Appended data for frequency 367 GHz
2024-07-01 15:30:03,853 - INFO - Appended data for frequency 368 GHz
2024-07-01 15:30:05,160 - INFO - Appended data for frequency 369 GHz
2024-07-01 15:30:06,467 - INFO - Appended data for frequency 370 GHz
2024-07-01 15:30:07,773 - INFO - Appended data for frequency 371 GHz
2024-07-01 15:30:09,076 - INFO - Appended data for frequency 372 GHz
2024-07-01 15:30:10,377 - INFO - Appended data for frequency 373 GHz
2024-07-01 15:30:11,676 - INFO - Appended data for frequency 374 GHz
2024-07-01 15:30:12,990 - INFO - Appended data for frequency 375 GHz
2024-07-01 15:30:14,293 - INFO - Appended data for frequency 376 GHz
2024-07-01 15:30:15,594 - INFO - Appended data for frequency 377 GHz
2024-07-01 15:30:16,898 - INFO - Appended data for frequency 378 GHz
2024-07-01 15:30:18,205 - INFO - Appended data for frequency 379 GHz
2024-07-01 15:30:19,520 - INFO - Appended data for frequency 380 GHz
2024-07-01 15:30:20,823 - INFO - Appended data for frequency 381 GHz
2024-07-01 15:30:22,119 - INFO - Appended data for frequency 382 GHz
2024-07-01 15:30:23,435 - INFO - Appended data for frequency 383 GHz
2024-07-01 15:30:24,744 - INFO - Appended data for frequency 384 GHz
2024-07-01 15:30:26,038 - INFO - Appended data for frequency 385 GHz
2024-07-01 15:30:27,349 - INFO - Appended data for frequency 386 GHz
2024-07-01 15:30:28,657 - INFO - Appended data for frequency 387 GHz
2024-07-01 15:30:29,965 - INFO - Appended data for frequency 388 GHz
2024-07-01 15:30:31,265 - INFO - Appended data for frequency 389 GHz
2024-07-01 15:30:32,585 - INFO - Appended data for frequency 390 GHz
2024-07-01 15:30:33,876 - INFO - Appended data for frequency 391 GHz
2024-07-01 15:30:35,177 - INFO - Appended data for frequency 392 GHz
2024-07-01 15:30:36,485 - INFO - Appended data for frequency 393 GHz
2024-07-01 15:30:37,776 - INFO - Appended data for frequency 394 GHz
2024-07-01 15:30:39,096 - INFO - Appended data for frequency 395 GHz
2024-07-01 15:30:40,389 - INFO - Appended data for frequency 396 GHz
2024-07-01 15:30:41,699 - INFO - Appended data for frequency 397 GHz
2024-07-01 15:30:43,000 - INFO - Appended data for frequency 398 GHz
2024-07-01 15:30:44,325 - INFO - Appended data for frequency 399 GHz
2024-07-01 15:30:45,608 - INFO - Appended data for frequency 400 GHz
2024-07-01 15:30:46,929 - INFO - Appended data for frequency 401 GHz
2024-07-01 15:30:48,223 - INFO - Appended data for frequency 402 GHz
2024-07-01 15:30:49,541 - INFO - Appended data for frequency 403 GHz
2024-07-01 15:30:50,848 - INFO - Appended data for frequency 404 GHz
2024-07-01 15:30:52,159 - INFO - Appended data for frequency 405 GHz
2024-07-01 15:30:53,470 - INFO - Appended data for frequency 406 GHz
2024-07-01 15:30:54,775 - INFO - Appended data for frequency 407 GHz
2024-07-01 15:30:56,075 - INFO - Appended data for frequency 408 GHz
2024-07-01 15:30:57,392 - INFO - Appended data for frequency 409 GHz
2024-07-01 15:30:58,691 - INFO - Appended data for frequency 410 GHz
2024-07-01 15:31:00,001 - INFO - Appended data for frequency 411 GHz
2024-07-01 15:31:01,296 - INFO - Appended data for frequency 412 GHz
2024-07-01 15:31:02,606 - INFO - Appended data for frequency 413 GHz
2024-07-01 15:31:03,910 - INFO - Appended data for frequency 414 GHz
2024-07-01 15:31:05,208 - INFO - Appended data for frequency 415 GHz
2024-07-01 15:31:06,504 - INFO - Appended data for frequency 416 GHz
2024-07-01 15:31:07,816 - INFO - Appended data for frequency 417 GHz
2024-07-01 15:31:09,137 - INFO - Appended data for frequency 418 GHz
2024-07-01 15:31:10,432 - INFO - Appended data for frequency 419 GHz
2024-07-01 15:31:11,740 - INFO - Appended data for frequency 420 GHz
2024-07-01 15:31:13,060 - INFO - Appended data for frequency 421 GHz
2024-07-01 15:31:14,378 - INFO - Appended data for frequency 422 GHz
2024-07-01 15:31:15,683 - INFO - Appended data for frequency 423 GHz
2024-07-01 15:31:16,993 - INFO - Appended data for frequency 424 GHz
2024-07-01 15:31:18,294 - INFO - Appended data for frequency 425 GHz
2024-07-01 15:31:19,607 - INFO - Appended data for frequency 426 GHz
2024-07-01 15:31:20,904 - INFO - Appended data for frequency 427 GHz
2024-07-01 15:31:22,215 - INFO - Appended data for frequency 428 GHz
2024-07-01 15:31:23,523 - INFO - Appended data for frequency 429 GHz
2024-07-01 15:31:24,818 - INFO - Appended data for frequency 430 GHz
2024-07-01 15:31:26,124 - INFO - Appended data for frequency 431 GHz
2024-07-01 15:31:27,443 - INFO - Appended data for frequency 432 GHz
2024-07-01 15:31:28,742 - INFO - Appended data for frequency 433 GHz
2024-07-01 15:31:30,047 - INFO - Appended data for frequency 434 GHz
2024-07-01 15:31:31,356 - INFO - Appended data for frequency 435 GHz
2024-07-01 15:31:32,658 - INFO - Appended data for frequency 436 GHz
2024-07-01 15:31:33,964 - INFO - Appended data for frequency 437 GHz
2024-07-01 15:31:35,255 - INFO - Appended data for frequency 438 GHz
2024-07-01 15:31:36,565 - INFO - Appended data for frequency 439 GHz
2024-07-01 15:31:37,880 - INFO - Appended data for frequency 440 GHz
2024-07-01 15:31:39,196 - INFO - Appended data for frequency 441 GHz
2024-07-01 15:31:40,491 - INFO - Appended data for frequency 442 GHz
2024-07-01 15:31:41,800 - INFO - Appended data for frequency 443 GHz
2024-07-01 15:31:43,083 - INFO - Appended data for frequency 444 GHz
2024-07-01 15:31:44,390 - INFO - Appended data for frequency 445 GHz
2024-07-01 15:31:45,687 - INFO - Appended data for frequency 446 GHz
2024-07-01 15:31:46,987 - INFO - Appended data for frequency 447 GHz
2024-07-01 15:31:48,291 - INFO - Appended data for frequency 448 GHz
2024-07-01 15:31:49,583 - INFO - Appended data for frequency 449 GHz
2024-07-01 15:31:50,892 - INFO - Appended data for frequency 450 GHz
2024-07-01 15:31:52,186 - INFO - Appended data for frequency 451 GHz
2024-07-01 15:31:53,497 - INFO - Appended data for frequency 452 GHz
2024-07-01 15:31:54,782 - INFO - Appended data for frequency 453 GHz
2024-07-01 15:31:56,082 - INFO - Appended data for frequency 454 GHz
2024-07-01 15:31:57,372 - INFO - Appended data for frequency 455 GHz
2024-07-01 15:31:58,674 - INFO - Appended data for frequency 456 GHz
2024-07-01 15:31:59,971 - INFO - Appended data for frequency 457 GHz
2024-07-01 15:32:01,264 - INFO - Appended data for frequency 458 GHz
2024-07-01 15:32:02,570 - INFO - Appended data for frequency 459 GHz
2024-07-01 15:32:03,866 - INFO - Appended data for frequency 460 GHz
2024-07-01 15:32:05,170 - INFO - Appended data for frequency 461 GHz
2024-07-01 15:32:06,481 - INFO - Appended data for frequency 462 GHz
2024-07-01 15:32:07,783 - INFO - Appended data for frequency 463 GHz
2024-07-01 15:32:09,086 - INFO - Appended data for frequency 464 GHz
2024-07-01 15:32:10,388 - INFO - Appended data for frequency 465 GHz
2024-07-01 15:32:11,690 - INFO - Appended data for frequency 466 GHz
2024-07-01 15:32:12,997 - INFO - Appended data for frequency 467 GHz
2024-07-01 15:32:14,284 - INFO - Appended data for frequency 468 GHz
2024-07-01 15:32:15,580 - INFO - Appended data for frequency 469 GHz
2024-07-01 15:32:16,879 - INFO - Appended data for frequency 470 GHz
2024-07-01 15:32:18,188 - INFO - Appended data for frequency 471 GHz
2024-07-01 15:32:19,495 - INFO - Appended data for frequency 472 GHz
2024-07-01 15:32:20,798 - INFO - Appended data for frequency 473 GHz
2024-07-01 15:32:22,109 - INFO - Appended data for frequency 474 GHz
2024-07-01 15:32:23,413 - INFO - Appended data for frequency 475 GHz
2024-07-01 15:32:24,713 - INFO - Appended data for frequency 476 GHz
2024-07-01 15:32:26,022 - INFO - Appended data for frequency 477 GHz
2024-07-01 15:32:27,313 - INFO - Appended data for frequency 478 GHz
2024-07-01 15:32:28,630 - INFO - Appended data for frequency 479 GHz
2024-07-01 15:32:29,940 - INFO - Appended data for frequency 480 GHz
2024-07-01 15:32:31,249 - INFO - Appended data for frequency 481 GHz
2024-07-01 15:32:32,547 - INFO - Appended data for frequency 482 GHz
2024-07-01 15:32:33,853 - INFO - Appended data for frequency 483 GHz
2024-07-01 15:32:35,150 - INFO - Appended data for frequency 484 GHz
2024-07-01 15:32:36,471 - INFO - Appended data for frequency 485 GHz
2024-07-01 15:32:37,786 - INFO - Appended data for frequency 486 GHz
2024-07-01 15:32:39,084 - INFO - Appended data for frequency 487 GHz
2024-07-01 15:32:40,397 - INFO - Appended data for frequency 488 GHz
2024-07-01 15:32:41,698 - INFO - Appended data for frequency 489 GHz
2024-07-01 15:32:42,993 - INFO - Appended data for frequency 490 GHz
2024-07-01 15:32:44,300 - INFO - Appended data for frequency 491 GHz
2024-07-01 15:32:45,600 - INFO - Appended data for frequency 492 GHz
2024-07-01 15:32:46,915 - INFO - Appended data for frequency 493 GHz
2024-07-01 15:32:48,216 - INFO - Appended data for frequency 494 GHz
2024-07-01 15:32:49,535 - INFO - Appended data for frequency 495 GHz
2024-07-01 15:32:50,835 - INFO - Appended data for frequency 496 GHz
2024-07-01 15:32:52,151 - INFO - Appended data for frequency 497 GHz
2024-07-01 15:32:53,456 - INFO - Appended data for frequency 498 GHz
2024-07-01 15:32:54,759 - INFO - Appended data for frequency 499 GHz
2024-07-01 15:32:56,058 - INFO - Appended data for frequency 500 GHz
2024-07-01 15:32:57,372 - INFO - Appended data for frequency 501 GHz
2024-07-01 15:32:58,664 - INFO - Appended data for frequency 502 GHz
2024-07-01 15:32:59,979 - INFO - Appended data for frequency 503 GHz
2024-07-01 15:33:01,282 - INFO - Appended data for frequency 504 GHz
2024-07-01 15:33:02,591 - INFO - Appended data for frequency 505 GHz
2024-07-01 15:33:03,890 - INFO - Appended data for frequency 506 GHz
2024-07-01 15:33:05,200 - INFO - Appended data for frequency 507 GHz
2024-07-01 15:33:06,502 - INFO - Appended data for frequency 508 GHz
2024-07-01 15:33:07,810 - INFO - Appended data for frequency 509 GHz
2024-07-01 15:33:09,109 - INFO - Appended data for frequency 510 GHz
2024-07-01 15:33:10,416 - INFO - Appended data for frequency 511 GHz
2024-07-01 15:33:11,716 - INFO - Appended data for frequency 512 GHz
2024-07-01 15:33:13,037 - INFO - Appended data for frequency 513 GHz
2024-07-01 15:33:14,346 - INFO - Appended data for frequency 514 GHz
2024-07-01 15:33:15,646 - INFO - Appended data for frequency 515 GHz
2024-07-01 15:33:16,948 - INFO - Appended data for frequency 516 GHz
2024-07-01 15:33:18,257 - INFO - Appended data for frequency 517 GHz
2024-07-01 15:33:19,561 - INFO - Appended data for frequency 518 GHz
2024-07-01 15:33:20,880 - INFO - Appended data for frequency 519 GHz
2024-07-01 15:33:22,176 - INFO - Appended data for frequency 520 GHz
2024-07-01 15:33:23,489 - INFO - Appended data for frequency 521 GHz
2024-07-01 15:33:24,784 - INFO - Appended data for frequency 522 GHz
2024-07-01 15:33:26,097 - INFO - Appended data for frequency 523 GHz
2024-07-01 15:33:27,389 - INFO - Appended data for frequency 524 GHz
2024-07-01 15:33:28,704 - INFO - Appended data for frequency 525 GHz
2024-07-01 15:33:29,994 - INFO - Appended data for frequency 526 GHz
2024-07-01 15:33:31,317 - INFO - Appended data for frequency 527 GHz
2024-07-01 15:33:32,622 - INFO - Appended data for frequency 528 GHz
2024-07-01 15:33:33,928 - INFO - Appended data for frequency 529 GHz
2024-07-01 15:33:35,240 - INFO - Appended data for frequency 530 GHz
2024-07-01 15:33:36,551 - INFO - Appended data for frequency 531 GHz
2024-07-01 15:33:37,856 - INFO - Appended data for frequency 532 GHz
2024-07-01 15:33:39,164 - INFO - Appended data for frequency 533 GHz
2024-07-01 15:33:40,456 - INFO - Appended data for frequency 534 GHz
2024-07-01 15:33:41,768 - INFO - Appended data for frequency 535 GHz
2024-07-01 15:33:43,061 - INFO - Appended data for frequency 536 GHz
2024-07-01 15:33:44,375 - INFO - Appended data for frequency 537 GHz
2024-07-01 15:33:45,667 - INFO - Appended data for frequency 538 GHz
2024-07-01 15:33:46,981 - INFO - Appended data for frequency 539 GHz
2024-07-01 15:33:48,282 - INFO - Appended data for frequency 540 GHz
2024-07-01 15:33:49,597 - INFO - Appended data for frequency 541 GHz
2024-07-01 15:33:50,903 - INFO - Appended data for frequency 542 GHz
2024-07-01 15:33:52,220 - INFO - Appended data for frequency 543 GHz
2024-07-01 15:33:53,526 - INFO - Appended data for frequency 544 GHz
2024-07-01 15:33:54,831 - INFO - Appended data for frequency 545 GHz
2024-07-01 15:33:56,134 - INFO - Appended data for frequency 546 GHz
2024-07-01 15:33:57,440 - INFO - Appended data for frequency 547 GHz
2024-07-01 15:33:58,749 - INFO - Appended data for frequency 548 GHz
2024-07-01 15:34:00,051 - INFO - Appended data for frequency 549 GHz
2024-07-01 15:34:01,344 - INFO - Appended data for frequency 550 GHz
2024-07-01 15:34:02,664 - INFO - Appended data for frequency 551 GHz
2024-07-01 15:34:03,949 - INFO - Appended data for frequency 552 GHz
2024-07-01 15:34:05,265 - INFO - Appended data for frequency 553 GHz
2024-07-01 15:34:06,561 - INFO - Appended data for frequency 554 GHz
2024-07-01 15:34:07,851 - INFO - Appended data for frequency 555 GHz
2024-07-01 15:34:09,160 - INFO - Appended data for frequency 556 GHz
2024-07-01 15:34:10,461 - INFO - Appended data for frequency 557 GHz
2024-07-01 15:34:11,761 - INFO - Appended data for frequency 558 GHz
2024-07-01 15:34:13,059 - INFO - Appended data for frequency 559 GHz
2024-07-01 15:34:14,359 - INFO - Appended data for frequency 560 GHz
2024-07-01 15:34:15,657 - INFO - Appended data for frequency 561 GHz
2024-07-01 15:34:16,956 - INFO - Appended data for frequency 562 GHz
2024-07-01 15:34:18,251 - INFO - Appended data for frequency 563 GHz
2024-07-01 15:34:19,540 - INFO - Appended data for frequency 564 GHz
2024-07-01 15:34:20,833 - INFO - Appended data for frequency 565 GHz
2024-07-01 15:34:22,132 - INFO - Appended data for frequency 566 GHz
2024-07-01 15:34:23,442 - INFO - Appended data for frequency 567 GHz
2024-07-01 15:34:24,735 - INFO - Appended data for frequency 568 GHz
2024-07-01 15:34:26,044 - INFO - Appended data for frequency 569 GHz
2024-07-01 15:34:27,347 - INFO - Appended data for frequency 570 GHz
2024-07-01 15:34:28,674 - INFO - Appended data for frequency 571 GHz
2024-07-01 15:34:29,970 - INFO - Appended data for frequency 572 GHz
2024-07-01 15:34:31,271 - INFO - Appended data for frequency 573 GHz
2024-07-01 15:34:32,567 - INFO - Appended data for frequency 574 GHz
2024-07-01 15:34:33,880 - INFO - Appended data for frequency 575 GHz
2024-07-01 15:34:35,187 - INFO - Appended data for frequency 576 GHz
2024-07-01 15:34:36,491 - INFO - Appended data for frequency 577 GHz
2024-07-01 15:34:37,782 - INFO - Appended data for frequency 578 GHz
2024-07-01 15:34:39,088 - INFO - Appended data for frequency 579 GHz
2024-07-01 15:34:40,385 - INFO - Appended data for frequency 580 GHz
2024-07-01 15:34:41,680 - INFO - Appended data for frequency 581 GHz
2024-07-01 15:34:42,998 - INFO - Appended data for frequency 582 GHz
2024-07-01 15:34:44,298 - INFO - Appended data for frequency 583 GHz
2024-07-01 15:34:45,606 - INFO - Appended data for frequency 584 GHz
2024-07-01 15:34:46,917 - INFO - Appended data for frequency 585 GHz
2024-07-01 15:34:48,223 - INFO - Appended data for frequency 586 GHz
2024-07-01 15:34:49,532 - INFO - Appended data for frequency 587 GHz
2024-07-01 15:34:50,825 - INFO - Appended data for frequency 588 GHz
2024-07-01 15:34:52,129 - INFO - Appended data for frequency 589 GHz
2024-07-01 15:34:53,433 - INFO - Appended data for frequency 590 GHz
2024-07-01 15:34:54,738 - INFO - Appended data for frequency 591 GHz
2024-07-01 15:34:56,048 - INFO - Appended data for frequency 592 GHz
2024-07-01 15:34:57,338 - INFO - Appended data for frequency 593 GHz
2024-07-01 15:34:58,639 - INFO - Appended data for frequency 594 GHz
2024-07-01 15:34:59,947 - INFO - Appended data for frequency 595 GHz
2024-07-01 15:35:01,250 - INFO - Appended data for frequency 596 GHz
2024-07-01 15:35:02,570 - INFO - Appended data for frequency 597 GHz
2024-07-01 15:35:03,859 - INFO - Appended data for frequency 598 GHz
2024-07-01 15:35:05,163 - INFO - Appended data for frequency 599 GHz
2024-07-01 15:35:06,460 - INFO - Appended data for frequency 600 GHz
2024-07-01 15:35:06,463 - INFO - DATA ACQUISITION COMPLETE
2024-07-01 15:35:06,492 - INFO - The data has been saved to ../Data/Add_Mirrors/Tables/f_vs_vlockin_Mirrors_highsens.csv, previous file may have been overwritten.
2024-07-01 15:35:07,008 - INFO - The data has been saved to ../Data/Add_Mirrors/Plots/f_vs_vlockin_Mirror_highsens.png, previous file may have been overwritten.
2024-07-01 15:35:08,283 - INFO - PROWLS did NOT power down
2024-07-01 15:35:08,290 - INFO - Current DLC Smart Bias Amplitude (V): 0.800018310546875
2024-07-01 15:35:08,298 - INFO - Current DLC Smart Bias Offset (V): -0.30002441704309607
2024-07-01 15:35:08,305 - INFO - Lasers on: True
