2024-07-11 11:21:49,183 - INFO - Connected to: Stanford_Research_Systems,SR830,s/n46458,ver1.07 

2024-07-11 11:21:50,253 - INFO - Connected to: DLCsmartTHz
2024-07-11 11:21:50,253 - INFO - Current User Level: 3
2024-07-11 11:21:51,334 - INFO - Lasers on: True
2024-07-11 11:21:57,476 - INFO - Current DLC Smart Bias Amplitude (V): 0.800018310546875
2024-07-11 11:21:57,487 - INFO - Current DLC Smart Bias Offset (V): -0.30002441704309607
2024-07-11 11:21:57,497 - INFO - Current DLC Smart Bias Frequency (Hz): 1000
2024-07-11 11:22:03,571 - INFO - Current DLC Smart Frequency (GHz): 179.99843649726245
2024-07-11 11:22:04,199 - INFO - Current Lock-in Sensitivity setting: 18

2024-07-11 11:22:04,206 - INFO - Current Time Constant: 8

2024-07-11 11:22:04,216 - INFO - Current Low Pass Filter: 0

2024-07-11 11:22:04,231 - INFO - Current Lock-in Bias Frequency (Hz): 1000

2024-07-11 11:22:04,252 - INFO - Waiting the 0 second warm-up time
2024-07-11 11:22:04,281 - INFO - Frequency Scan Range (GHz):70-600
2024-07-11 11:22:04,282 - INFO - Frequency Increment (GHz): 1
2024-07-11 11:22:04,282 - INFO - Frequency Tolerance (GHz): 0.1
2024-07-11 11:22:04,282 - INFO - BEGINNING DATA ACQUISITION
2024-07-11 11:22:05,626 - INFO - Appended data for frequency 70 GHz
2024-07-11 11:22:08,863 - INFO - Appended data for frequency 71 GHz
2024-07-11 11:22:10,348 - INFO - Appended data for frequency 72 GHz
2024-07-11 11:22:11,749 - INFO - Appended data for frequency 73 GHz
2024-07-11 11:22:13,113 - INFO - Appended data for frequency 74 GHz
2024-07-11 11:22:14,439 - INFO - Appended data for frequency 75 GHz
2024-07-11 11:22:15,756 - INFO - Appended data for frequency 76 GHz
2024-07-11 11:22:17,080 - INFO - Appended data for frequency 77 GHz
2024-07-11 11:22:18,406 - INFO - Appended data for frequency 78 GHz
2024-07-11 11:22:19,723 - INFO - Appended data for frequency 79 GHz
2024-07-11 11:22:21,026 - INFO - Appended data for frequency 80 GHz
2024-07-11 11:22:22,343 - INFO - Appended data for frequency 81 GHz
2024-07-11 11:22:23,655 - INFO - Appended data for frequency 82 GHz
2024-07-11 11:22:24,957 - INFO - Appended data for frequency 83 GHz
2024-07-11 11:22:26,254 - INFO - Appended data for frequency 84 GHz
2024-07-11 11:22:27,575 - INFO - Appended data for frequency 85 GHz
2024-07-11 11:22:28,873 - INFO - Appended data for frequency 86 GHz
2024-07-11 11:22:30,187 - INFO - Appended data for frequency 87 GHz
2024-07-11 11:22:31,483 - INFO - Appended data for frequency 88 GHz
2024-07-11 11:22:32,765 - INFO - Appended data for frequency 89 GHz
2024-07-11 11:22:34,065 - INFO - Appended data for frequency 90 GHz
2024-07-11 11:22:35,365 - INFO - Appended data for frequency 91 GHz
2024-07-11 11:22:36,673 - INFO - Appended data for frequency 92 GHz
2024-07-11 11:22:37,970 - INFO - Appended data for frequency 93 GHz
2024-07-11 11:22:39,268 - INFO - Appended data for frequency 94 GHz
2024-07-11 11:22:40,566 - INFO - Appended data for frequency 95 GHz
2024-07-11 11:22:41,883 - INFO - Appended data for frequency 96 GHz
2024-07-11 11:22:43,177 - INFO - Appended data for frequency 97 GHz
2024-07-11 11:22:44,496 - INFO - Appended data for frequency 98 GHz
2024-07-11 11:22:45,807 - INFO - Appended data for frequency 99 GHz
2024-07-11 11:22:47,107 - INFO - Appended data for frequency 100 GHz
2024-07-11 11:22:48,407 - INFO - Appended data for frequency 101 GHz
2024-07-11 11:22:49,718 - INFO - Appended data for frequency 102 GHz
2024-07-11 11:22:51,022 - INFO - Appended data for frequency 103 GHz
2024-07-11 11:22:52,313 - INFO - Appended data for frequency 104 GHz
2024-07-11 11:22:53,638 - INFO - Appended data for frequency 105 GHz
2024-07-11 11:22:54,941 - INFO - Appended data for frequency 106 GHz
2024-07-11 11:22:56,234 - INFO - Appended data for frequency 107 GHz
2024-07-11 11:22:57,534 - INFO - Appended data for frequency 108 GHz
2024-07-11 11:22:58,826 - INFO - Appended data for frequency 109 GHz
2024-07-11 11:23:00,146 - INFO - Appended data for frequency 110 GHz
2024-07-11 11:23:01,453 - INFO - Appended data for frequency 111 GHz
2024-07-11 11:23:02,768 - INFO - Appended data for frequency 112 GHz
2024-07-11 11:23:04,063 - INFO - Appended data for frequency 113 GHz
2024-07-11 11:23:05,366 - INFO - Appended data for frequency 114 GHz
2024-07-11 11:23:06,678 - INFO - Appended data for frequency 115 GHz
2024-07-11 11:23:07,985 - INFO - Appended data for frequency 116 GHz
2024-07-11 11:23:09,293 - INFO - Appended data for frequency 117 GHz
2024-07-11 11:23:10,596 - INFO - Appended data for frequency 118 GHz
2024-07-11 11:23:11,896 - INFO - Appended data for frequency 119 GHz
2024-07-11 11:23:13,197 - INFO - Appended data for frequency 120 GHz
2024-07-11 11:23:14,497 - INFO - Appended data for frequency 121 GHz
2024-07-11 11:23:15,813 - INFO - Appended data for frequency 122 GHz
2024-07-11 11:23:17,119 - INFO - Appended data for frequency 123 GHz
2024-07-11 11:23:18,426 - INFO - Appended data for frequency 124 GHz
2024-07-11 11:23:19,737 - INFO - Appended data for frequency 125 GHz
2024-07-11 11:23:21,057 - INFO - Appended data for frequency 126 GHz
2024-07-11 11:23:22,356 - INFO - Appended data for frequency 127 GHz
2024-07-11 11:23:23,663 - INFO - Appended data for frequency 128 GHz
2024-07-11 11:23:24,963 - INFO - Appended data for frequency 129 GHz
2024-07-11 11:23:26,274 - INFO - Appended data for frequency 130 GHz
2024-07-11 11:23:27,578 - INFO - Appended data for frequency 131 GHz
2024-07-11 11:23:28,886 - INFO - Appended data for frequency 132 GHz
2024-07-11 11:23:30,193 - INFO - Appended data for frequency 133 GHz
2024-07-11 11:23:31,487 - INFO - Appended data for frequency 134 GHz
2024-07-11 11:23:32,789 - INFO - Appended data for frequency 135 GHz
2024-07-11 11:23:34,086 - INFO - Appended data for frequency 136 GHz
2024-07-11 11:23:35,403 - INFO - Appended data for frequency 137 GHz
2024-07-11 11:23:36,708 - INFO - Appended data for frequency 138 GHz
2024-07-11 11:23:38,003 - INFO - Appended data for frequency 139 GHz
2024-07-11 11:23:39,274 - INFO - Appended data for frequency 140 GHz
2024-07-11 11:23:40,593 - INFO - Appended data for frequency 141 GHz
2024-07-11 11:23:41,904 - INFO - Appended data for frequency 142 GHz
2024-07-11 11:23:43,216 - INFO - Appended data for frequency 143 GHz
2024-07-11 11:23:44,533 - INFO - Appended data for frequency 144 GHz
2024-07-11 11:23:45,836 - INFO - Appended data for frequency 145 GHz
2024-07-11 11:23:47,146 - INFO - Appended data for frequency 146 GHz
2024-07-11 11:23:48,467 - INFO - Appended data for frequency 147 GHz
2024-07-11 11:23:49,773 - INFO - Appended data for frequency 148 GHz
2024-07-11 11:23:51,073 - INFO - Appended data for frequency 149 GHz
2024-07-11 11:23:52,363 - INFO - Appended data for frequency 150 GHz
2024-07-11 11:23:53,675 - INFO - Appended data for frequency 151 GHz
2024-07-11 11:23:54,973 - INFO - Appended data for frequency 152 GHz
2024-07-11 11:23:56,270 - INFO - Appended data for frequency 153 GHz
2024-07-11 11:23:57,587 - INFO - Appended data for frequency 154 GHz
2024-07-11 11:23:58,893 - INFO - Appended data for frequency 155 GHz
2024-07-11 11:24:00,189 - INFO - Appended data for frequency 156 GHz
2024-07-11 11:24:01,486 - INFO - Appended data for frequency 157 GHz
2024-07-11 11:24:02,808 - INFO - Appended data for frequency 158 GHz
2024-07-11 11:24:04,112 - INFO - Appended data for frequency 159 GHz
2024-07-11 11:24:05,425 - INFO - Appended data for frequency 160 GHz
2024-07-11 11:24:06,723 - INFO - Appended data for frequency 161 GHz
2024-07-11 11:24:08,036 - INFO - Appended data for frequency 162 GHz
2024-07-11 11:24:09,336 - INFO - Appended data for frequency 163 GHz
2024-07-11 11:24:10,643 - INFO - Appended data for frequency 164 GHz
2024-07-11 11:24:11,953 - INFO - Appended data for frequency 165 GHz
2024-07-11 11:24:13,267 - INFO - Appended data for frequency 166 GHz
2024-07-11 11:24:14,577 - INFO - Appended data for frequency 167 GHz
2024-07-11 11:24:15,887 - INFO - Appended data for frequency 168 GHz
2024-07-11 11:24:17,193 - INFO - Appended data for frequency 169 GHz
2024-07-11 11:24:18,493 - INFO - Appended data for frequency 170 GHz
2024-07-11 11:24:19,793 - INFO - Appended data for frequency 171 GHz
2024-07-11 11:24:21,095 - INFO - Appended data for frequency 172 GHz
2024-07-11 11:24:22,394 - INFO - Appended data for frequency 173 GHz
2024-07-11 11:24:23,697 - INFO - Appended data for frequency 174 GHz
2024-07-11 11:24:24,994 - INFO - Appended data for frequency 175 GHz
2024-07-11 11:24:26,308 - INFO - Appended data for frequency 176 GHz
2024-07-11 11:24:27,614 - INFO - Appended data for frequency 177 GHz
2024-07-11 11:24:28,922 - INFO - Appended data for frequency 178 GHz
2024-07-11 11:24:30,213 - INFO - Appended data for frequency 179 GHz
2024-07-11 11:24:31,530 - INFO - Appended data for frequency 180 GHz
2024-07-11 11:24:32,823 - INFO - Appended data for frequency 181 GHz
2024-07-11 11:24:34,128 - INFO - Appended data for frequency 182 GHz
2024-07-11 11:24:35,432 - INFO - Appended data for frequency 183 GHz
2024-07-11 11:24:36,734 - INFO - Appended data for frequency 184 GHz
2024-07-11 11:24:38,045 - INFO - Appended data for frequency 185 GHz
2024-07-11 11:24:39,352 - INFO - Appended data for frequency 186 GHz
2024-07-11 11:24:40,656 - INFO - Appended data for frequency 187 GHz
2024-07-11 11:24:41,976 - INFO - Appended data for frequency 188 GHz
2024-07-11 11:24:43,266 - INFO - Appended data for frequency 189 GHz
2024-07-11 11:24:44,548 - INFO - Appended data for frequency 190 GHz
2024-07-11 11:24:45,854 - INFO - Appended data for frequency 191 GHz
2024-07-11 11:24:47,173 - INFO - Appended data for frequency 192 GHz
2024-07-11 11:24:48,478 - INFO - Appended data for frequency 193 GHz
2024-07-11 11:24:49,778 - INFO - Appended data for frequency 194 GHz
2024-07-11 11:24:51,106 - INFO - Appended data for frequency 195 GHz
2024-07-11 11:24:52,427 - INFO - Appended data for frequency 196 GHz
2024-07-11 11:24:53,724 - INFO - Appended data for frequency 197 GHz
2024-07-11 11:24:55,035 - INFO - Appended data for frequency 198 GHz
2024-07-11 11:24:56,332 - INFO - Appended data for frequency 199 GHz
2024-07-11 11:24:57,645 - INFO - Appended data for frequency 200 GHz
2024-07-11 11:24:58,936 - INFO - Appended data for frequency 201 GHz
2024-07-11 11:25:00,247 - INFO - Appended data for frequency 202 GHz
2024-07-11 11:25:01,558 - INFO - Appended data for frequency 203 GHz
2024-07-11 11:25:02,856 - INFO - Appended data for frequency 204 GHz
2024-07-11 11:25:04,167 - INFO - Appended data for frequency 205 GHz
2024-07-11 11:25:05,488 - INFO - Appended data for frequency 206 GHz
2024-07-11 11:25:06,787 - INFO - Appended data for frequency 207 GHz
2024-07-11 11:25:08,093 - INFO - Appended data for frequency 208 GHz
2024-07-11 11:25:09,397 - INFO - Appended data for frequency 209 GHz
2024-07-11 11:25:10,696 - INFO - Appended data for frequency 210 GHz
2024-07-11 11:25:11,993 - INFO - Appended data for frequency 211 GHz
2024-07-11 11:25:13,308 - INFO - Appended data for frequency 212 GHz
2024-07-11 11:25:14,614 - INFO - Appended data for frequency 213 GHz
2024-07-11 11:25:15,918 - INFO - Appended data for frequency 214 GHz
2024-07-11 11:25:17,217 - INFO - Appended data for frequency 215 GHz
2024-07-11 11:25:18,525 - INFO - Appended data for frequency 216 GHz
2024-07-11 11:25:19,827 - INFO - Appended data for frequency 217 GHz
2024-07-11 11:25:21,133 - INFO - Appended data for frequency 218 GHz
2024-07-11 11:25:22,457 - INFO - Appended data for frequency 219 GHz
2024-07-11 11:25:23,757 - INFO - Appended data for frequency 220 GHz
2024-07-11 11:25:25,059 - INFO - Appended data for frequency 221 GHz
2024-07-11 11:25:26,373 - INFO - Appended data for frequency 222 GHz
2024-07-11 11:25:27,676 - INFO - Appended data for frequency 223 GHz
2024-07-11 11:25:28,989 - INFO - Appended data for frequency 224 GHz
2024-07-11 11:25:30,284 - INFO - Appended data for frequency 225 GHz
2024-07-11 11:25:31,603 - INFO - Appended data for frequency 226 GHz
2024-07-11 11:25:32,906 - INFO - Appended data for frequency 227 GHz
2024-07-11 11:25:34,214 - INFO - Appended data for frequency 228 GHz
2024-07-11 11:25:35,514 - INFO - Appended data for frequency 229 GHz
2024-07-11 11:25:36,828 - INFO - Appended data for frequency 230 GHz
2024-07-11 11:25:38,133 - INFO - Appended data for frequency 231 GHz
2024-07-11 11:25:39,442 - INFO - Appended data for frequency 232 GHz
2024-07-11 11:25:40,747 - INFO - Appended data for frequency 233 GHz
2024-07-11 11:25:42,056 - INFO - Appended data for frequency 234 GHz
2024-07-11 11:25:43,353 - INFO - Appended data for frequency 235 GHz
2024-07-11 11:25:44,663 - INFO - Appended data for frequency 236 GHz
2024-07-11 11:25:45,973 - INFO - Appended data for frequency 237 GHz
2024-07-11 11:25:47,275 - INFO - Appended data for frequency 238 GHz
2024-07-11 11:25:48,576 - INFO - Appended data for frequency 239 GHz
2024-07-11 11:25:49,884 - INFO - Appended data for frequency 240 GHz
2024-07-11 11:25:51,186 - INFO - Appended data for frequency 241 GHz
2024-07-11 11:25:52,495 - INFO - Appended data for frequency 242 GHz
2024-07-11 11:25:53,798 - INFO - Appended data for frequency 243 GHz
2024-07-11 11:25:55,106 - INFO - Appended data for frequency 244 GHz
2024-07-11 11:25:56,413 - INFO - Appended data for frequency 245 GHz
2024-07-11 11:25:57,716 - INFO - Appended data for frequency 246 GHz
2024-07-11 11:25:59,014 - INFO - Appended data for frequency 247 GHz
2024-07-11 11:26:00,336 - INFO - Appended data for frequency 248 GHz
2024-07-11 11:26:01,646 - INFO - Appended data for frequency 249 GHz
2024-07-11 11:26:02,944 - INFO - Appended data for frequency 250 GHz
2024-07-11 11:26:04,254 - INFO - Appended data for frequency 251 GHz
2024-07-11 11:26:05,558 - INFO - Appended data for frequency 252 GHz
2024-07-11 11:26:06,853 - INFO - Appended data for frequency 253 GHz
2024-07-11 11:26:08,167 - INFO - Appended data for frequency 254 GHz
2024-07-11 11:26:09,465 - INFO - Appended data for frequency 255 GHz
2024-07-11 11:26:10,769 - INFO - Appended data for frequency 256 GHz
2024-07-11 11:26:12,067 - INFO - Appended data for frequency 257 GHz
2024-07-11 11:26:13,376 - INFO - Appended data for frequency 258 GHz
2024-07-11 11:26:14,683 - INFO - Appended data for frequency 259 GHz
2024-07-11 11:26:15,996 - INFO - Appended data for frequency 260 GHz
2024-07-11 11:26:17,311 - INFO - Appended data for frequency 261 GHz
2024-07-11 11:26:18,625 - INFO - Appended data for frequency 262 GHz
2024-07-11 11:26:19,928 - INFO - Appended data for frequency 263 GHz
2024-07-11 11:26:21,235 - INFO - Appended data for frequency 264 GHz
2024-07-11 11:26:22,536 - INFO - Appended data for frequency 265 GHz
2024-07-11 11:26:23,850 - INFO - Appended data for frequency 266 GHz
2024-07-11 11:26:25,153 - INFO - Appended data for frequency 267 GHz
2024-07-11 11:26:26,448 - INFO - Appended data for frequency 268 GHz
2024-07-11 11:26:27,755 - INFO - Appended data for frequency 269 GHz
2024-07-11 11:26:29,064 - INFO - Appended data for frequency 270 GHz
2024-07-11 11:26:30,366 - INFO - Appended data for frequency 271 GHz
2024-07-11 11:26:31,667 - INFO - Appended data for frequency 272 GHz
2024-07-11 11:26:32,965 - INFO - Appended data for frequency 273 GHz
2024-07-11 11:26:34,267 - INFO - Appended data for frequency 274 GHz
2024-07-11 11:26:35,566 - INFO - Appended data for frequency 275 GHz
2024-07-11 11:26:36,855 - INFO - Appended data for frequency 276 GHz
2024-07-11 11:26:38,166 - INFO - Appended data for frequency 277 GHz
2024-07-11 11:26:39,463 - INFO - Appended data for frequency 278 GHz
2024-07-11 11:26:40,767 - INFO - Appended data for frequency 279 GHz
2024-07-11 11:26:42,066 - INFO - Appended data for frequency 280 GHz
2024-07-11 11:26:43,371 - INFO - Appended data for frequency 281 GHz
2024-07-11 11:26:44,674 - INFO - Appended data for frequency 282 GHz
2024-07-11 11:26:45,986 - INFO - Appended data for frequency 283 GHz
2024-07-11 11:26:47,290 - INFO - Appended data for frequency 284 GHz
2024-07-11 11:26:48,604 - INFO - Appended data for frequency 285 GHz
2024-07-11 11:26:49,903 - INFO - Appended data for frequency 286 GHz
2024-07-11 11:26:51,196 - INFO - Appended data for frequency 287 GHz
2024-07-11 11:26:52,508 - INFO - Appended data for frequency 288 GHz
2024-07-11 11:26:53,816 - INFO - Appended data for frequency 289 GHz
2024-07-11 11:26:55,124 - INFO - Appended data for frequency 290 GHz
2024-07-11 11:26:56,420 - INFO - Appended data for frequency 291 GHz
2024-07-11 11:26:57,711 - INFO - Appended data for frequency 292 GHz
2024-07-11 11:26:59,021 - INFO - Appended data for frequency 293 GHz
2024-07-11 11:27:00,317 - INFO - Appended data for frequency 294 GHz
2024-07-11 11:27:01,625 - INFO - Appended data for frequency 295 GHz
2024-07-11 11:27:02,932 - INFO - Appended data for frequency 296 GHz
2024-07-11 11:27:04,252 - INFO - Appended data for frequency 297 GHz
2024-07-11 11:27:05,546 - INFO - Appended data for frequency 298 GHz
2024-07-11 11:27:06,847 - INFO - Appended data for frequency 299 GHz
2024-07-11 11:27:08,152 - INFO - Appended data for frequency 300 GHz
2024-07-11 11:27:09,435 - INFO - Appended data for frequency 301 GHz
2024-07-11 11:27:10,739 - INFO - Appended data for frequency 302 GHz
2024-07-11 11:27:12,043 - INFO - Appended data for frequency 303 GHz
2024-07-11 11:27:13,347 - INFO - Appended data for frequency 304 GHz
2024-07-11 11:27:14,647 - INFO - Appended data for frequency 305 GHz
2024-07-11 11:27:15,933 - INFO - Appended data for frequency 306 GHz
2024-07-11 11:27:17,236 - INFO - Appended data for frequency 307 GHz
2024-07-11 11:27:18,525 - INFO - Appended data for frequency 308 GHz
2024-07-11 11:27:19,814 - INFO - Appended data for frequency 309 GHz
2024-07-11 11:27:21,106 - INFO - Appended data for frequency 310 GHz
2024-07-11 11:27:22,403 - INFO - Appended data for frequency 311 GHz
2024-07-11 11:27:23,694 - INFO - Appended data for frequency 312 GHz
2024-07-11 11:27:25,001 - INFO - Appended data for frequency 313 GHz
2024-07-11 11:27:26,293 - INFO - Appended data for frequency 314 GHz
2024-07-11 11:27:27,595 - INFO - Appended data for frequency 315 GHz
2024-07-11 11:27:28,893 - INFO - Appended data for frequency 316 GHz
2024-07-11 11:27:30,197 - INFO - Appended data for frequency 317 GHz
2024-07-11 11:27:31,503 - INFO - Appended data for frequency 318 GHz
2024-07-11 11:27:32,815 - INFO - Appended data for frequency 319 GHz
2024-07-11 11:27:34,115 - INFO - Appended data for frequency 320 GHz
2024-07-11 11:27:35,425 - INFO - Appended data for frequency 321 GHz
2024-07-11 11:27:36,722 - INFO - Appended data for frequency 322 GHz
2024-07-11 11:27:38,026 - INFO - Appended data for frequency 323 GHz
2024-07-11 11:27:39,327 - INFO - Appended data for frequency 324 GHz
2024-07-11 11:27:40,635 - INFO - Appended data for frequency 325 GHz
2024-07-11 11:27:41,943 - INFO - Appended data for frequency 326 GHz
2024-07-11 11:27:43,246 - INFO - Appended data for frequency 327 GHz
2024-07-11 11:27:44,551 - INFO - Appended data for frequency 328 GHz
2024-07-11 11:27:45,868 - INFO - Appended data for frequency 329 GHz
2024-07-11 11:27:47,156 - INFO - Appended data for frequency 330 GHz
2024-07-11 11:27:48,467 - INFO - Appended data for frequency 331 GHz
2024-07-11 11:27:49,745 - INFO - Appended data for frequency 332 GHz
2024-07-11 11:27:51,047 - INFO - Appended data for frequency 333 GHz
2024-07-11 11:27:52,335 - INFO - Appended data for frequency 334 GHz
2024-07-11 11:27:53,647 - INFO - Appended data for frequency 335 GHz
2024-07-11 11:27:54,946 - INFO - Appended data for frequency 336 GHz
2024-07-11 11:27:56,244 - INFO - Appended data for frequency 337 GHz
2024-07-11 11:27:57,548 - INFO - Appended data for frequency 338 GHz
2024-07-11 11:27:58,867 - INFO - Appended data for frequency 339 GHz
2024-07-11 11:28:00,155 - INFO - Appended data for frequency 340 GHz
2024-07-11 11:28:01,461 - INFO - Appended data for frequency 341 GHz
2024-07-11 11:28:02,764 - INFO - Appended data for frequency 342 GHz
2024-07-11 11:28:04,065 - INFO - Appended data for frequency 343 GHz
2024-07-11 11:28:05,374 - INFO - Appended data for frequency 344 GHz
2024-07-11 11:28:06,684 - INFO - Appended data for frequency 345 GHz
2024-07-11 11:28:07,993 - INFO - Appended data for frequency 346 GHz
2024-07-11 11:28:09,293 - INFO - Appended data for frequency 347 GHz
2024-07-11 11:28:10,606 - INFO - Appended data for frequency 348 GHz
2024-07-11 11:28:11,911 - INFO - Appended data for frequency 349 GHz
2024-07-11 11:28:13,218 - INFO - Appended data for frequency 350 GHz
2024-07-11 11:28:14,533 - INFO - Appended data for frequency 351 GHz
2024-07-11 11:28:15,839 - INFO - Appended data for frequency 352 GHz
2024-07-11 11:28:17,136 - INFO - Appended data for frequency 353 GHz
2024-07-11 11:28:18,428 - INFO - Appended data for frequency 354 GHz
2024-07-11 11:28:19,732 - INFO - Appended data for frequency 355 GHz
2024-07-11 11:28:21,025 - INFO - Appended data for frequency 356 GHz
2024-07-11 11:28:22,339 - INFO - Appended data for frequency 357 GHz
2024-07-11 11:28:23,649 - INFO - Appended data for frequency 358 GHz
2024-07-11 11:28:24,965 - INFO - Appended data for frequency 359 GHz
2024-07-11 11:28:26,272 - INFO - Appended data for frequency 360 GHz
2024-07-11 11:28:27,585 - INFO - Appended data for frequency 361 GHz
2024-07-11 11:28:28,892 - INFO - Appended data for frequency 362 GHz
2024-07-11 11:28:30,192 - INFO - Appended data for frequency 363 GHz
2024-07-11 11:28:31,502 - INFO - Appended data for frequency 364 GHz
2024-07-11 11:28:32,809 - INFO - Appended data for frequency 365 GHz
2024-07-11 11:28:34,109 - INFO - Appended data for frequency 366 GHz
2024-07-11 11:28:35,416 - INFO - Appended data for frequency 367 GHz
2024-07-11 11:28:36,724 - INFO - Appended data for frequency 368 GHz
2024-07-11 11:28:38,026 - INFO - Appended data for frequency 369 GHz
2024-07-11 11:28:39,342 - INFO - Appended data for frequency 370 GHz
2024-07-11 11:28:40,638 - INFO - Appended data for frequency 371 GHz
2024-07-11 11:28:41,956 - INFO - Appended data for frequency 372 GHz
2024-07-11 11:28:43,263 - INFO - Appended data for frequency 373 GHz
2024-07-11 11:28:44,557 - INFO - Appended data for frequency 374 GHz
2024-07-11 11:28:45,866 - INFO - Appended data for frequency 375 GHz
2024-07-11 11:28:47,166 - INFO - Appended data for frequency 376 GHz
2024-07-11 11:28:48,475 - INFO - Appended data for frequency 377 GHz
2024-07-11 11:28:49,783 - INFO - Appended data for frequency 378 GHz
2024-07-11 11:28:51,095 - INFO - Appended data for frequency 379 GHz
2024-07-11 11:28:52,403 - INFO - Appended data for frequency 380 GHz
2024-07-11 11:28:53,710 - INFO - Appended data for frequency 381 GHz
2024-07-11 11:28:55,004 - INFO - Appended data for frequency 382 GHz
2024-07-11 11:28:56,306 - INFO - Appended data for frequency 383 GHz
2024-07-11 11:28:57,618 - INFO - Appended data for frequency 384 GHz
2024-07-11 11:28:58,906 - INFO - Appended data for frequency 385 GHz
2024-07-11 11:29:00,218 - INFO - Appended data for frequency 386 GHz
2024-07-11 11:29:01,518 - INFO - Appended data for frequency 387 GHz
2024-07-11 11:29:02,829 - INFO - Appended data for frequency 388 GHz
2024-07-11 11:29:04,145 - INFO - Appended data for frequency 389 GHz
2024-07-11 11:29:05,454 - INFO - Appended data for frequency 390 GHz
2024-07-11 11:29:06,758 - INFO - Appended data for frequency 391 GHz
2024-07-11 11:29:08,063 - INFO - Appended data for frequency 392 GHz
2024-07-11 11:29:09,355 - INFO - Appended data for frequency 393 GHz
2024-07-11 11:29:10,666 - INFO - Appended data for frequency 394 GHz
2024-07-11 11:29:11,971 - INFO - Appended data for frequency 395 GHz
2024-07-11 11:29:13,278 - INFO - Appended data for frequency 396 GHz
2024-07-11 11:29:14,579 - INFO - Appended data for frequency 397 GHz
2024-07-11 11:29:15,886 - INFO - Appended data for frequency 398 GHz
2024-07-11 11:29:17,195 - INFO - Appended data for frequency 399 GHz
2024-07-11 11:29:18,506 - INFO - Appended data for frequency 400 GHz
2024-07-11 11:29:19,816 - INFO - Appended data for frequency 401 GHz
2024-07-11 11:29:21,116 - INFO - Appended data for frequency 402 GHz
2024-07-11 11:29:22,424 - INFO - Appended data for frequency 403 GHz
2024-07-11 11:29:23,732 - INFO - Appended data for frequency 404 GHz
2024-07-11 11:29:25,023 - INFO - Appended data for frequency 405 GHz
2024-07-11 11:29:26,335 - INFO - Appended data for frequency 406 GHz
2024-07-11 11:29:27,629 - INFO - Appended data for frequency 407 GHz
2024-07-11 11:29:28,940 - INFO - Appended data for frequency 408 GHz
2024-07-11 11:29:30,245 - INFO - Appended data for frequency 409 GHz
2024-07-11 11:29:31,556 - INFO - Appended data for frequency 410 GHz
2024-07-11 11:29:32,873 - INFO - Appended data for frequency 411 GHz
2024-07-11 11:29:34,177 - INFO - Appended data for frequency 412 GHz
2024-07-11 11:29:35,478 - INFO - Appended data for frequency 413 GHz
2024-07-11 11:29:36,774 - INFO - Appended data for frequency 414 GHz
2024-07-11 11:29:38,085 - INFO - Appended data for frequency 415 GHz
2024-07-11 11:29:39,395 - INFO - Appended data for frequency 416 GHz
2024-07-11 11:29:40,708 - INFO - Appended data for frequency 417 GHz
2024-07-11 11:29:42,016 - INFO - Appended data for frequency 418 GHz
2024-07-11 11:29:43,347 - INFO - Appended data for frequency 419 GHz
2024-07-11 11:29:44,666 - INFO - Appended data for frequency 420 GHz
2024-07-11 11:29:45,966 - INFO - Appended data for frequency 421 GHz
2024-07-11 11:29:47,273 - INFO - Appended data for frequency 422 GHz
2024-07-11 11:29:48,572 - INFO - Appended data for frequency 423 GHz
2024-07-11 11:29:49,882 - INFO - Appended data for frequency 424 GHz
2024-07-11 11:29:51,187 - INFO - Appended data for frequency 425 GHz
2024-07-11 11:29:52,484 - INFO - Appended data for frequency 426 GHz
2024-07-11 11:29:53,783 - INFO - Appended data for frequency 427 GHz
2024-07-11 11:29:55,074 - INFO - Appended data for frequency 428 GHz
2024-07-11 11:29:56,388 - INFO - Appended data for frequency 429 GHz
2024-07-11 11:29:57,695 - INFO - Appended data for frequency 430 GHz
2024-07-11 11:29:58,995 - INFO - Appended data for frequency 431 GHz
2024-07-11 11:30:00,296 - INFO - Appended data for frequency 432 GHz
2024-07-11 11:30:01,606 - INFO - Appended data for frequency 433 GHz
2024-07-11 11:30:02,911 - INFO - Appended data for frequency 434 GHz
2024-07-11 11:30:04,216 - INFO - Appended data for frequency 435 GHz
2024-07-11 11:30:05,524 - INFO - Appended data for frequency 436 GHz
2024-07-11 11:30:06,824 - INFO - Appended data for frequency 437 GHz
2024-07-11 11:30:08,124 - INFO - Appended data for frequency 438 GHz
2024-07-11 11:30:09,436 - INFO - Appended data for frequency 439 GHz
2024-07-11 11:30:10,746 - INFO - Appended data for frequency 440 GHz
2024-07-11 11:30:12,046 - INFO - Appended data for frequency 441 GHz
2024-07-11 11:30:13,357 - INFO - Appended data for frequency 442 GHz
2024-07-11 11:30:14,665 - INFO - Appended data for frequency 443 GHz
2024-07-11 11:30:15,970 - INFO - Appended data for frequency 444 GHz
2024-07-11 11:30:17,275 - INFO - Appended data for frequency 445 GHz
2024-07-11 11:30:18,573 - INFO - Appended data for frequency 446 GHz
2024-07-11 11:30:19,866 - INFO - Appended data for frequency 447 GHz
2024-07-11 11:30:21,176 - INFO - Appended data for frequency 448 GHz
2024-07-11 11:30:22,466 - INFO - Appended data for frequency 449 GHz
2024-07-11 11:30:23,749 - INFO - Appended data for frequency 450 GHz
2024-07-11 11:30:25,049 - INFO - Appended data for frequency 451 GHz
2024-07-11 11:30:26,341 - INFO - Appended data for frequency 452 GHz
2024-07-11 11:30:27,639 - INFO - Appended data for frequency 453 GHz
2024-07-11 11:30:28,938 - INFO - Appended data for frequency 454 GHz
2024-07-11 11:30:30,247 - INFO - Appended data for frequency 455 GHz
2024-07-11 11:30:31,541 - INFO - Appended data for frequency 456 GHz
2024-07-11 11:30:32,857 - INFO - Appended data for frequency 457 GHz
2024-07-11 11:30:34,163 - INFO - Appended data for frequency 458 GHz
2024-07-11 11:30:35,463 - INFO - Appended data for frequency 459 GHz
2024-07-11 11:30:36,763 - INFO - Appended data for frequency 460 GHz
2024-07-11 11:30:38,074 - INFO - Appended data for frequency 461 GHz
2024-07-11 11:30:39,383 - INFO - Appended data for frequency 462 GHz
2024-07-11 11:30:40,683 - INFO - Appended data for frequency 463 GHz
2024-07-11 11:30:41,983 - INFO - Appended data for frequency 464 GHz
2024-07-11 11:30:43,298 - INFO - Appended data for frequency 465 GHz
2024-07-11 11:30:44,597 - INFO - Appended data for frequency 466 GHz
2024-07-11 11:30:45,899 - INFO - Appended data for frequency 467 GHz
2024-07-11 11:30:47,204 - INFO - Appended data for frequency 468 GHz
2024-07-11 11:30:48,516 - INFO - Appended data for frequency 469 GHz
2024-07-11 11:30:49,815 - INFO - Appended data for frequency 470 GHz
2024-07-11 11:30:51,116 - INFO - Appended data for frequency 471 GHz
2024-07-11 11:30:52,423 - INFO - Appended data for frequency 472 GHz
2024-07-11 11:30:53,717 - INFO - Appended data for frequency 473 GHz
2024-07-11 11:30:55,024 - INFO - Appended data for frequency 474 GHz
2024-07-11 11:30:56,326 - INFO - Appended data for frequency 475 GHz
2024-07-11 11:30:57,638 - INFO - Appended data for frequency 476 GHz
2024-07-11 11:30:58,938 - INFO - Appended data for frequency 477 GHz
2024-07-11 11:31:00,237 - INFO - Appended data for frequency 478 GHz
2024-07-11 11:31:01,548 - INFO - Appended data for frequency 479 GHz
2024-07-11 11:31:02,835 - INFO - Appended data for frequency 480 GHz
2024-07-11 11:31:04,146 - INFO - Appended data for frequency 481 GHz
2024-07-11 11:31:05,433 - INFO - Appended data for frequency 482 GHz
2024-07-11 11:31:06,738 - INFO - Appended data for frequency 483 GHz
2024-07-11 11:31:08,036 - INFO - Appended data for frequency 484 GHz
2024-07-11 11:31:09,347 - INFO - Appended data for frequency 485 GHz
2024-07-11 11:31:10,653 - INFO - Appended data for frequency 486 GHz
2024-07-11 11:31:11,945 - INFO - Appended data for frequency 487 GHz
2024-07-11 11:31:13,249 - INFO - Appended data for frequency 488 GHz
2024-07-11 11:31:14,546 - INFO - Appended data for frequency 489 GHz
2024-07-11 11:31:15,854 - INFO - Appended data for frequency 490 GHz
2024-07-11 11:31:17,164 - INFO - Appended data for frequency 491 GHz
2024-07-11 11:31:18,484 - INFO - Appended data for frequency 492 GHz
2024-07-11 11:31:19,779 - INFO - Appended data for frequency 493 GHz
2024-07-11 11:31:21,085 - INFO - Appended data for frequency 494 GHz
2024-07-11 11:31:22,389 - INFO - Appended data for frequency 495 GHz
2024-07-11 11:31:23,684 - INFO - Appended data for frequency 496 GHz
2024-07-11 11:31:24,986 - INFO - Appended data for frequency 497 GHz
2024-07-11 11:31:26,288 - INFO - Appended data for frequency 498 GHz
2024-07-11 11:31:27,578 - INFO - Appended data for frequency 499 GHz
2024-07-11 11:31:28,883 - INFO - Appended data for frequency 500 GHz
2024-07-11 11:31:30,187 - INFO - Appended data for frequency 501 GHz
2024-07-11 11:31:31,508 - INFO - Appended data for frequency 502 GHz
2024-07-11 11:31:32,813 - INFO - Appended data for frequency 503 GHz
2024-07-11 11:31:34,126 - INFO - Appended data for frequency 504 GHz
2024-07-11 11:31:35,426 - INFO - Appended data for frequency 505 GHz
2024-07-11 11:31:36,735 - INFO - Appended data for frequency 506 GHz
2024-07-11 11:31:38,036 - INFO - Appended data for frequency 507 GHz
2024-07-11 11:31:39,335 - INFO - Appended data for frequency 508 GHz
2024-07-11 11:31:40,626 - INFO - Appended data for frequency 509 GHz
2024-07-11 11:31:41,917 - INFO - Appended data for frequency 510 GHz
2024-07-11 11:31:43,215 - INFO - Appended data for frequency 511 GHz
2024-07-11 11:31:44,506 - INFO - Appended data for frequency 512 GHz
2024-07-11 11:31:45,816 - INFO - Appended data for frequency 513 GHz
2024-07-11 11:31:47,115 - INFO - Appended data for frequency 514 GHz
2024-07-11 11:31:48,424 - INFO - Appended data for frequency 515 GHz
2024-07-11 11:31:49,736 - INFO - Appended data for frequency 516 GHz
2024-07-11 11:31:51,035 - INFO - Appended data for frequency 517 GHz
2024-07-11 11:31:52,332 - INFO - Appended data for frequency 518 GHz
2024-07-11 11:31:53,633 - INFO - Appended data for frequency 519 GHz
2024-07-11 11:31:54,934 - INFO - Appended data for frequency 520 GHz
2024-07-11 11:31:56,237 - INFO - Appended data for frequency 521 GHz
2024-07-11 11:31:57,544 - INFO - Appended data for frequency 522 GHz
2024-07-11 11:31:58,869 - INFO - Appended data for frequency 523 GHz
2024-07-11 11:32:00,175 - INFO - Appended data for frequency 524 GHz
2024-07-11 11:32:01,485 - INFO - Appended data for frequency 525 GHz
2024-07-11 11:32:02,775 - INFO - Appended data for frequency 526 GHz
2024-07-11 11:32:04,085 - INFO - Appended data for frequency 527 GHz
2024-07-11 11:32:05,383 - INFO - Appended data for frequency 528 GHz
2024-07-11 11:32:06,700 - INFO - Appended data for frequency 529 GHz
2024-07-11 11:32:08,003 - INFO - Appended data for frequency 530 GHz
2024-07-11 11:32:09,304 - INFO - Appended data for frequency 531 GHz
2024-07-11 11:32:10,603 - INFO - Appended data for frequency 532 GHz
2024-07-11 11:32:11,915 - INFO - Appended data for frequency 533 GHz
2024-07-11 11:32:13,226 - INFO - Appended data for frequency 534 GHz
2024-07-11 11:32:14,522 - INFO - Appended data for frequency 535 GHz
2024-07-11 11:32:15,826 - INFO - Appended data for frequency 536 GHz
2024-07-11 11:32:17,136 - INFO - Appended data for frequency 537 GHz
2024-07-11 11:32:18,443 - INFO - Appended data for frequency 538 GHz
2024-07-11 11:32:19,743 - INFO - Appended data for frequency 539 GHz
2024-07-11 11:32:21,035 - INFO - Appended data for frequency 540 GHz
2024-07-11 11:32:22,365 - INFO - Appended data for frequency 541 GHz
2024-07-11 11:32:23,666 - INFO - Appended data for frequency 542 GHz
2024-07-11 11:32:24,973 - INFO - Appended data for frequency 543 GHz
2024-07-11 11:32:26,283 - INFO - Appended data for frequency 544 GHz
2024-07-11 11:32:27,592 - INFO - Appended data for frequency 545 GHz
2024-07-11 11:32:28,898 - INFO - Appended data for frequency 546 GHz
2024-07-11 11:32:30,206 - INFO - Appended data for frequency 547 GHz
2024-07-11 11:32:31,496 - INFO - Appended data for frequency 548 GHz
2024-07-11 11:32:32,806 - INFO - Appended data for frequency 549 GHz
2024-07-11 11:32:34,105 - INFO - Appended data for frequency 550 GHz
2024-07-11 11:32:35,415 - INFO - Appended data for frequency 551 GHz
2024-07-11 11:32:36,709 - INFO - Appended data for frequency 552 GHz
2024-07-11 11:32:38,015 - INFO - Appended data for frequency 553 GHz
2024-07-11 11:32:39,309 - INFO - Appended data for frequency 554 GHz
2024-07-11 11:32:40,625 - INFO - Appended data for frequency 555 GHz
2024-07-11 11:32:41,926 - INFO - Appended data for frequency 556 GHz
2024-07-11 11:32:43,230 - INFO - Appended data for frequency 557 GHz
2024-07-11 11:32:44,536 - INFO - Appended data for frequency 558 GHz
2024-07-11 11:32:45,856 - INFO - Appended data for frequency 559 GHz
2024-07-11 11:32:47,166 - INFO - Appended data for frequency 560 GHz
2024-07-11 11:32:48,466 - INFO - Appended data for frequency 561 GHz
2024-07-11 11:32:49,771 - INFO - Appended data for frequency 562 GHz
2024-07-11 11:32:51,055 - INFO - Appended data for frequency 563 GHz
2024-07-11 11:32:52,356 - INFO - Appended data for frequency 564 GHz
2024-07-11 11:32:53,646 - INFO - Appended data for frequency 565 GHz
2024-07-11 11:32:54,935 - INFO - Appended data for frequency 566 GHz
2024-07-11 11:32:56,225 - INFO - Appended data for frequency 567 GHz
2024-07-11 11:32:57,535 - INFO - Appended data for frequency 568 GHz
2024-07-11 11:32:58,838 - INFO - Appended data for frequency 569 GHz
2024-07-11 11:33:00,153 - INFO - Appended data for frequency 570 GHz
2024-07-11 11:33:01,443 - INFO - Appended data for frequency 571 GHz
2024-07-11 11:33:02,746 - INFO - Appended data for frequency 572 GHz
2024-07-11 11:33:04,045 - INFO - Appended data for frequency 573 GHz
2024-07-11 11:33:05,357 - INFO - Appended data for frequency 574 GHz
2024-07-11 11:33:06,648 - INFO - Appended data for frequency 575 GHz
2024-07-11 11:33:07,945 - INFO - Appended data for frequency 576 GHz
2024-07-11 11:33:09,246 - INFO - Appended data for frequency 577 GHz
2024-07-11 11:33:10,541 - INFO - Appended data for frequency 578 GHz
2024-07-11 11:33:11,839 - INFO - Appended data for frequency 579 GHz
2024-07-11 11:33:13,132 - INFO - Appended data for frequency 580 GHz
2024-07-11 11:33:14,412 - INFO - Appended data for frequency 581 GHz
2024-07-11 11:33:15,713 - INFO - Appended data for frequency 582 GHz
2024-07-11 11:33:17,016 - INFO - Appended data for frequency 583 GHz
2024-07-11 11:33:18,314 - INFO - Appended data for frequency 584 GHz
2024-07-11 11:33:19,626 - INFO - Appended data for frequency 585 GHz
2024-07-11 11:33:20,934 - INFO - Appended data for frequency 586 GHz
2024-07-11 11:33:22,250 - INFO - Appended data for frequency 587 GHz
2024-07-11 11:33:23,548 - INFO - Appended data for frequency 588 GHz
2024-07-11 11:33:24,846 - INFO - Appended data for frequency 589 GHz
2024-07-11 11:33:26,158 - INFO - Appended data for frequency 590 GHz
2024-07-11 11:33:27,476 - INFO - Appended data for frequency 591 GHz
2024-07-11 11:33:28,768 - INFO - Appended data for frequency 592 GHz
2024-07-11 11:33:30,077 - INFO - Appended data for frequency 593 GHz
2024-07-11 11:33:31,387 - INFO - Appended data for frequency 594 GHz
2024-07-11 11:33:32,687 - INFO - Appended data for frequency 595 GHz
2024-07-11 11:33:33,995 - INFO - Appended data for frequency 596 GHz
2024-07-11 11:33:35,295 - INFO - Appended data for frequency 597 GHz
2024-07-11 11:33:36,593 - INFO - Appended data for frequency 598 GHz
2024-07-11 11:33:37,895 - INFO - Appended data for frequency 599 GHz
2024-07-11 11:33:39,206 - INFO - Appended data for frequency 600 GHz
2024-07-11 11:33:39,213 - INFO - DATA ACQUISITION COMPLETE
2024-07-11 11:33:39,266 - INFO - The data has been saved to ../Data/Add_Mirrors/Tables/f_vs_vlockin_Mirrors_7-11-24.csv, previous file may have been overwritten.
2024-07-11 11:33:40,427 - INFO - The data has been saved to ../Data/Add_Mirrors/Plots/f_vs_vlockin_Mirrors_7-11-24.png, previous file may have been overwritten.
2024-07-11 11:33:42,057 - INFO - PROWLS did NOT power down
2024-07-11 11:33:42,068 - INFO - Current DLC Smart Bias Amplitude (V): 0.800018310546875
2024-07-11 11:33:42,077 - INFO - Current DLC Smart Bias Offset (V): -0.30002441704309607
2024-07-11 11:33:42,086 - INFO - Lasers on: True
