2024-07-01 14:46:54,679 - INFO - Connected to: Stanford_Research_Systems,SR830,s/n46458,ver1.07 

2024-07-01 14:46:55,726 - INFO - Connected to: DLCsmartTHz
2024-07-01 14:46:55,727 - INFO - Current User Level: 2
2024-07-01 14:46:56,806 - INFO - Lasers on: True
2024-07-01 14:47:02,891 - INFO - Current DLC Smart Bias Amplitude (V): 0.800018310546875
2024-07-01 14:47:02,911 - INFO - Current DLC Smart Bias Offset (V): -0.30002441704309607
2024-07-01 14:47:02,920 - INFO - Current DLC Smart Bias Frequency (Hz): 1000
2024-07-01 14:47:09,004 - INFO - Current Laser Frequency (GHz): 139.9986178240506
2024-07-01 14:47:09,731 - INFO - Current Lock-in Sensitivity setting: 16

2024-07-01 14:47:09,739 - INFO - Current Time Constant: 8

2024-07-01 14:47:09,753 - INFO - Current Low Pass Filter: 0

2024-07-01 14:47:09,765 - INFO - Current Lock-in Bias Frequency (Hz): 1000

2024-07-01 14:47:09,793 - INFO - Waiting the 10 second warm-up time
2024-07-01 14:47:19,825 - INFO - Sampling Rate (samples/second): 500
2024-07-01 14:47:19,825 - INFO - Total Duration (seconds): 180
2024-07-01 14:47:19,825 - INFO - Time Interval (seconds): 0.002
2024-07-01 14:47:19,826 - INFO - BEGINNING DATA ACQUISITION
2024-07-01 14:50:19,838 - INFO - DATA ACQUISITION COMPLETE
2024-07-01 14:50:19,890 - INFO - The data has been saved to ../Data/Add_Mirrors/Tables/time_vs_vlockin_Mirrors_140GHz.csv, previous file may have been overwritten.
2024-07-01 14:50:20,204 - INFO - The data has been saved to ../Data/Add_Mirrors/Plots/time_vs_vlockin_Mirrors_140GHz.png, previous file may have been overwritten.
2024-07-01 14:50:21,413 - INFO - PROWLS did NOT power down
2024-07-01 14:50:21,427 - INFO - Current DLC Smart Bias Amplitude (V): 0.800018310546875
2024-07-01 14:50:21,443 - INFO - Current DLC Smart Bias Offset (V): -0.30002441704309607
2024-07-01 14:50:21,451 - INFO - Lasers on: True
