2024-07-01 16:14:28,464 - INFO - Connected to: Stanford_Research_Systems,SR830,s/n46458,ver1.07 

2024-07-01 16:14:29,522 - INFO - Connected to: DLCsmartTHz
2024-07-01 16:14:29,523 - INFO - Current User Level: 2
2024-07-01 16:14:30,569 - INFO - Lasers on: True
2024-07-01 16:14:36,660 - INFO - Current DLC Smart Bias Amplitude (V): 0.800018310546875
2024-07-01 16:14:36,667 - INFO - Current DLC Smart Bias Offset (V): -0.30002441704309607
2024-07-01 16:14:36,673 - INFO - Current DLC Smart Bias Frequency (Hz): 1000
2024-07-01 16:14:42,730 - INFO - Current Laser Frequency (GHz): 219.99790025068796
2024-07-01 16:14:43,446 - INFO - Current Lock-in Sensitivity setting: 15

2024-07-01 16:14:43,454 - INFO - Current Time Constant: 8

2024-07-01 16:14:43,469 - INFO - Current Low Pass Filter: 0

2024-07-01 16:14:43,480 - INFO - Current Lock-in Bias Frequency (Hz): 1000

2024-07-01 16:14:43,494 - INFO - Waiting the 10 second warm-up time
2024-07-01 16:14:53,521 - INFO - Sampling Rate (samples/second): 500
2024-07-01 16:14:53,522 - INFO - Total Duration (seconds): 180
2024-07-01 16:14:53,522 - INFO - Time Interval (seconds): 0.002
2024-07-01 16:14:53,522 - INFO - BEGINNING DATA ACQUISITION
2024-07-01 16:17:53,535 - INFO - DATA ACQUISITION COMPLETE
2024-07-01 16:17:53,600 - INFO - The data has been saved to ../Data/Add_Mirrors/Tables/time_vs_vlockin_Mirrors2_220GHz.csv, previous file may have been overwritten.
2024-07-01 16:17:53,836 - INFO - The data has been saved to ../Data/Add_Mirrors/Plots/time_vs_vlockin_Mirrors2_220GHz.png, previous file may have been overwritten.
2024-07-01 16:17:54,998 - INFO - PROWLS did NOT power down
2024-07-01 16:17:55,007 - INFO - Current DLC Smart Bias Amplitude (V): 0.800018310546875
2024-07-01 16:17:55,014 - INFO - Current DLC Smart Bias Offset (V): -0.30002441704309607
2024-07-01 16:17:55,021 - INFO - Lasers on: True
