2024-07-15 11:53:49,327 - INFO - Connected to: Stanford_Research_Systems,SR830,s/n46458,ver1.07 

2024-07-15 11:53:50,383 - INFO - Connected to: DLCsmartTHz
2024-07-15 11:53:50,384 - INFO - Current User Level: 3
2024-07-15 11:53:51,434 - INFO - Lasers on: True
2024-07-15 11:53:57,546 - INFO - Current DLC Smart Bias Amplitude (V): 0.800018310546875
2024-07-15 11:53:57,555 - INFO - Current DLC Smart Bias Offset (V): -0.30002441704309607
2024-07-15 11:53:57,563 - INFO - Current DLC Smart Bias Frequency (Hz): 1000
2024-07-15 11:54:03,625 - INFO - Current Laser Frequency (GHz): 180.00085488468176
2024-07-15 11:54:04,357 - INFO - Current Lock-in Sensitivity setting: 17

2024-07-15 11:54:04,364 - INFO - Current Time Constant: 8

2024-07-15 11:54:04,371 - INFO - Current Low Pass Filter: 0

2024-07-15 11:54:04,382 - INFO - Current Lock-in Bias Frequency (Hz): 1000

2024-07-15 11:54:04,402 - INFO - Waiting the 0 second warm-up time
2024-07-15 11:54:04,426 - INFO - Sampling Rate (samples/second): 5
2024-07-15 11:54:04,426 - INFO - Total Duration (seconds): 5400
2024-07-15 11:54:04,426 - INFO - Time Interval (seconds): 0.2
2024-07-15 11:54:04,427 - INFO - BEGINNING DATA ACQUISITION
2024-07-15 12:32:02,633 - INFO - The data has been saved to ../Data//Baseline_Daily/Tables/time_vs_vlockin_baseline4_7-15-24.csv, previous file may have been overwritten.
2024-07-15 12:32:09,383 - INFO - The data has been saved to ../Data//Baseline_Daily/Plots/time_vs_vlockin_baseline4_7-15-24.png, previous file may have been overwritten.
2024-07-15 12:32:22,066 - INFO - PROWLS did NOT power down
2024-07-15 12:32:22,077 - INFO - Current DLC Smart Bias Amplitude (V): 0.800018310546875
2024-07-15 12:32:22,086 - INFO - Current DLC Smart Bias Offset (V): -0.30002441704309607
2024-07-15 12:32:22,096 - INFO - Lasers on: True
