2024-07-01 09:12:22,892 - INFO - Connected to: Stanford_Research_Systems,SR830,s/n46458,ver1.07 

2024-07-01 09:12:23,942 - INFO - Connected to: DLCsmartTHz
2024-07-01 09:12:23,943 - INFO - Current User Level: 3
2024-07-01 09:12:24,998 - INFO - Lasers on: True
2024-07-01 09:12:31,059 - INFO - Current DLC Smart Bias Amplitude (V): 0.800018310546875
2024-07-01 09:12:31,066 - INFO - Current DLC Smart Bias Offset (V): -0.30002441704309607
2024-07-01 09:12:31,073 - INFO - Current DLC Smart Bias Frequency (Hz): 1000
2024-07-01 09:12:37,120 - INFO - Current Laser Frequency (GHz): 599.9980613584339
2024-07-01 09:12:37,844 - INFO - Current Lock-in Sensitivity setting: 15

2024-07-01 09:12:37,858 - INFO - Current Time Constant: 8

2024-07-01 09:12:37,864 - INFO - Current Low Pass Filter: 0

2024-07-01 09:12:37,874 - INFO - Current Lock-in Bias Frequency (Hz): 1000

2024-07-01 09:12:37,887 - INFO - Waiting the 0 second warm-up time
2024-07-01 09:12:37,914 - INFO - Sampling Rate (samples/second): 5
2024-07-01 09:12:37,915 - INFO - Total Duration (seconds): 1800
2024-07-01 09:12:37,915 - INFO - Time Interval (seconds): 0.2
2024-07-01 09:12:37,916 - INFO - BEGINNING DATA ACQUISITION
2024-07-01 09:42:37,930 - INFO - DATA ACQUISITION COMPLETE
2024-07-01 09:42:38,010 - INFO - The data has been saved to ../Data/Baseline_Daily/Tables/time_vs_vlockin_baseline_7-1-24.csv, previous file may have been overwritten.
2024-07-01 09:42:38,315 - INFO - The data has been saved to ../Data/Baseline_Daily/Plots/time_vs_vlockin_baseline_7-1-24.png, previous file may have been overwritten.
2024-07-01 09:42:39,469 - INFO - PROWLS did NOT power down
2024-07-01 09:42:39,481 - INFO - Current DLC Smart Bias Amplitude (V): 0.800018310546875
2024-07-01 09:42:39,488 - INFO - Current DLC Smart Bias Offset (V): -0.30002441704309607
2024-07-01 09:42:39,497 - INFO - Lasers on: True
