2024-07-02 14:55:35,512 - INFO - Connected to: Stanford_Research_Systems,SR830,s/n46458,ver1.07 

2024-07-02 14:55:36,555 - INFO - Connected to: DLCsmartTHz
2024-07-02 14:55:36,556 - INFO - Current User Level: 3
2024-07-02 14:55:37,616 - INFO - Lasers on: True
2024-07-02 14:55:43,703 - INFO - Current DLC Smart Bias Amplitude (V): 0.800018310546875
2024-07-02 14:55:43,722 - INFO - Current DLC Smart Bias Offset (V): -0.30002441704309607
2024-07-02 14:55:43,733 - INFO - Current DLC Smart Bias Frequency (Hz): 1000
2024-07-02 14:55:49,797 - INFO - Current Laser Frequency (GHz): 600.0013864158827
2024-07-02 14:55:50,526 - INFO - Current Lock-in Sensitivity setting: 16

2024-07-02 14:55:50,533 - INFO - Current Time Constant: 8

2024-07-02 14:55:50,539 - INFO - Current Low Pass Filter: 0

2024-07-02 14:55:50,549 - INFO - Current Lock-in Bias Frequency (Hz): 1000

2024-07-02 14:55:50,560 - INFO - Waiting the 0 second warm-up time
2024-07-02 14:55:50,580 - INFO - Sampling Rate (samples/second): 5
2024-07-02 14:55:50,580 - INFO - Total Duration (seconds): 1800
2024-07-02 14:55:50,580 - INFO - Time Interval (seconds): 0.2
2024-07-02 14:55:50,580 - INFO - BEGINNING DATA ACQUISITION
2024-07-02 15:25:50,585 - INFO - DATA ACQUISITION COMPLETE
2024-07-02 15:25:50,626 - INFO - The data has been saved to ../Data/Baseline_Daily/Tables/time_vs_vlockin_baseline3_7-2-24.csv, previous file may have been overwritten.
2024-07-02 15:25:50,809 - INFO - The data has been saved to ../Data/Baseline_Daily/Plots/time_vs_vlockin_baseline3_7-2-24.png, previous file may have been overwritten.
2024-07-02 15:25:51,940 - INFO - PROWLS did NOT power down
2024-07-02 15:25:51,947 - INFO - Current DLC Smart Bias Amplitude (V): 0.800018310546875
2024-07-02 15:25:51,958 - INFO - Current DLC Smart Bias Offset (V): -0.30002441704309607
2024-07-02 15:25:51,965 - INFO - Lasers on: True
