2024-07-15 13:39:27,362 - INFO - Connected to: Stanford_Research_Systems,SR830,s/n46458,ver1.07 

2024-07-15 13:39:28,442 - INFO - Connected to: DLCsmartTHz
2024-07-15 13:39:28,443 - INFO - Current User Level: 3
2024-07-15 13:39:29,534 - INFO - Lasers on: True
2024-07-15 13:39:35,654 - INFO - Current DLC Smart Bias Amplitude (V): 0.800018310546875
2024-07-15 13:39:35,673 - INFO - Current DLC Smart Bias Offset (V): -0.30002441704309607
2024-07-15 13:39:35,685 - INFO - Current DLC Smart Bias Frequency (Hz): 1000
2024-07-15 13:39:41,762 - INFO - Current Laser Frequency (GHz): 599.9994259561063
2024-07-15 13:39:42,504 - INFO - Current Lock-in Sensitivity setting: 17

2024-07-15 13:39:42,511 - INFO - Current Time Constant: 8

2024-07-15 13:39:42,517 - INFO - Current Low Pass Filter: 0

2024-07-15 13:39:42,530 - INFO - Current Lock-in Bias Frequency (Hz): 1000

2024-07-15 13:39:42,555 - INFO - Waiting the 0 second warm-up time
2024-07-15 13:39:42,625 - INFO - Sampling Rate (samples/second): 5
2024-07-15 13:39:42,625 - INFO - Total Duration (seconds): 1800
2024-07-15 13:39:42,626 - INFO - Time Interval (seconds): 0.2
2024-07-15 13:39:42,627 - INFO - BEGINNING DATA ACQUISITION
2024-07-15 14:09:42,631 - INFO - DATA ACQUISITION COMPLETE
2024-07-15 14:09:42,708 - INFO - The data has been saved to ../Data//Baseline_Daily/Tables/time_vs_vlockin_baseline5_7-15-24.csv, previous file may have been overwritten.
2024-07-15 14:09:42,888 - INFO - The data has been saved to ../Data//Baseline_Daily/Plots/time_vs_vlockin_baseline5_7-15-24.png, previous file may have been overwritten.
2024-07-15 14:09:44,018 - INFO - PROWLS did NOT power down
2024-07-15 14:09:44,026 - INFO - Current DLC Smart Bias Amplitude (V): 0.800018310546875
2024-07-15 14:09:44,044 - INFO - Current DLC Smart Bias Offset (V): -0.30002441704309607
2024-07-15 14:09:44,054 - INFO - Lasers on: True
2024-07-15 15:11:49,628 - ERROR - No such comm target registered: jupyter.widget.control
2024-07-15 15:11:49,632 - WARNING - No such comm: 1f954f4a-0b81-4c04-907d-8f62e692c851
