2024-07-08 14:00:28,106 - INFO - Connected to: Stanford_Research_Systems,SR830,s/n46458,ver1.07 

2024-07-08 14:00:29,167 - INFO - Connected to: DLCsmartTHz
2024-07-08 14:00:29,167 - INFO - Current User Level: 3
2024-07-08 14:00:30,235 - INFO - Lasers on: True
2024-07-08 14:00:36,333 - INFO - Current DLC Smart Bias Amplitude (V): 0.800018310546875
2024-07-08 14:00:36,344 - INFO - Current DLC Smart Bias Offset (V): -0.30002441704309607
2024-07-08 14:00:36,351 - INFO - Current DLC Smart Bias Frequency (Hz): 1000
2024-07-08 14:00:42,424 - INFO - Current Laser Frequency (GHz): 599.9978162591287
2024-07-08 14:00:43,152 - INFO - Current Lock-in Sensitivity setting: 17

2024-07-08 14:00:43,158 - INFO - Current Time Constant: 8

2024-07-08 14:00:43,164 - INFO - Current Low Pass Filter: 0

2024-07-08 14:00:43,174 - INFO - Current Lock-in Bias Frequency (Hz): 1000

2024-07-08 14:00:43,182 - INFO - Waiting the 0 second warm-up time
2024-07-08 14:00:43,200 - INFO - Sampling Rate (samples/second): 500
2024-07-08 14:00:43,200 - INFO - Total Duration (seconds): 5400
2024-07-08 14:00:43,200 - INFO - Time Interval (seconds): 0.002
2024-07-08 14:00:43,200 - INFO - BEGINNING DATA ACQUISITION
2024-07-08 15:30:43,309 - INFO - DATA ACQUISITION COMPLETE
2024-07-08 15:30:44,325 - INFO - The data has been saved to ../Data/Baseline_Daily/Tables/time_vs_vlockin_baseline2_7-8-24.csv, previous file may have been overwritten.
2024-07-08 15:30:44,803 - INFO - The data has been saved to ../Data/Baseline_Daily/Plots/time_vs_vlockin_baseline2_7-8-24.png, previous file may have been overwritten.
2024-07-08 15:30:45,999 - INFO - PROWLS did NOT power down
2024-07-08 15:30:46,009 - INFO - Current DLC Smart Bias Amplitude (V): 0.800018310546875
2024-07-08 15:30:46,017 - INFO - Current DLC Smart Bias Offset (V): -0.30002441704309607
2024-07-08 15:30:46,024 - INFO - Lasers on: True
